I210410 13:13:30.871339 1 util/log/sync_buffer.go:195 ⋮ [config] file created at: 2021/04/10 13:13:30
I210410 13:13:30.871382 1 util/log/sync_buffer.go:195 ⋮ [config] running on machine: ‹755e1052c718›
I210410 13:13:30.871408 1 util/log/sync_buffer.go:195 ⋮ [config] binary: CockroachDB CCL v20.2.7 (x86_64-unknown-linux-gnu, built 2021/03/29 17:52:00, go1.13.14)
I210410 13:13:30.871425 1 util/log/sync_buffer.go:195 ⋮ [config] arguments: ‹[/cockroach/cockroach start-single-node --http-port 26256 --insecure]›
I210410 13:13:30.871458 1 util/log/sync_buffer.go:195 ⋮ [config] line format: [IWEF]yymmdd hh:mm:ss.uuuuuu goid file:line msg utf8=✓
W210410 13:13:30.734200 1 cli/start.go:1143 ⋮ ALL SECURITY CONTROLS HAVE BEEN DISABLED!

This mode is intended for non-production testing only.

In this mode:
- Your cluster is open to any client that can access ‹any of your IP addresses›.
- Intruders with access to your machine or network can observe client-server traffic.
- Intruders can log in without password and read or write any data in the cluster.
- Intruders can consume all your server's resources and cause unavailability.
I210410 13:13:30.871844 1 cli/start.go:1153 ⋮ To start a secure server without mandating TLS for clients,
consider --accept-sql-without-tls instead. For other options, see:

- ‹https://go.crdb.dev/issue-v/53404/v20.2›
- https://www.cockroachlabs.com/docs/v20.2/secure-a-cluster.html
I210410 13:13:30.872794 1 server/status/recorder.go:605 ⋮ ‹available memory from cgroups (8.0 EiB) is unsupported, using system memory 7.6 GiB instead:›
W210410 13:13:30.887320 1 cli/start.go:987 ⋮ ‹Using the default setting for --cache (128 MiB).›
‹  A significantly larger value is usually needed for good performance.›
‹  If you have a dedicated server a reasonable setting is --cache=.25 (1.9 GiB).›
I210410 13:13:30.888140 1 server/status/recorder.go:605 ⋮ ‹available memory from cgroups (8.0 EiB) is unsupported, using system memory 7.6 GiB instead:›
I210410 13:13:30.888184 1 cli/start.go:1168 ⋮ ‹CockroachDB CCL v20.2.7 (x86_64-unknown-linux-gnu, built 2021/03/29 17:52:00, go1.13.14)›
I210410 13:13:31.130555 1 server/status/recorder.go:605 ⋮ ‹available memory from cgroups (8.0 EiB) is unsupported, using system memory 7.6 GiB instead:›
I210410 13:13:31.130629 1 server/config.go:428 ⋮ system total memory: ‹7.6 GiB›
I210410 13:13:31.130690 1 server/config.go:430 ⋮ server configuration:
‹max offset             500000000›
‹cache size             128 MiB›
‹SQL memory pool size   1.9 GiB›
‹scan interval          10m0s›
‹scan min idle time     10ms›
‹scan max idle time     1s›
‹event log enabled      true›
I210410 13:13:31.130838 1 cli/start.go:965 ⋮ using local environment variables: ‹COCKROACH_CHANNEL=official-docker›
I210410 13:13:31.130886 1 cli/start.go:972 ⋮ process identity: ‹uid 0 euid 0 gid 0 egid 0›
I210410 13:13:33.171536 1 cli/start.go:511 ⋮ GEOS loaded from directory ‹/usr/local/lib/cockroach›
I210410 13:13:33.171613 1 cli/start.go:516 ⋮ starting cockroach node
I210410 13:13:37.175621 14 server/server.go:790 ⋮ [n?] monitoring forward clock jumps based on server.clock.forward_jump_check_enabled
I210410 13:13:41.591155 14 server/config.go:619 ⋮ [n?] 1 storage engine‹› initialized
I210410 13:13:41.639057 14 server/config.go:622 ⋮ [n?] ‹Pebble cache size: 128 MiB›
I210410 13:13:41.639073 14 server/config.go:622 ⋮ [n?] ‹store 0: RocksDB, max size 0 B, max open file limit 1043576›
W210410 13:13:42.657881 14 cli/start.go:911 ⋮ neither --listen-addr nor --advertise-addr was specified.
The server will advertise ‹"755e1052c718"› to other nodes, is this routable?

Consider using:
- for local-only servers:  --listen-addr=localhost
- for multi-node clusters: --advertise-addr=<host/IP addr>
I210410 13:13:42.785351 46 server/server.go:1424 ⋮ [n1] connecting to gossip network to verify cluster ID ‹"dd9dc586-c756-4f4b-a9e5-9e23cf559418"›
I210410 13:13:42.658280 14 gossip/gossip.go:403 ⋮ [n1] NodeDescriptor set to ‹node_id:1 address:<network_field:"tcp" address_field:"755e1052c718:26257" > attrs:<> locality:<> ServerVersion:<major_val:20 minor_val:2 patch:0 unstable:0 > build_tag:"v20.2.7" started_at:1618060422658252536 cluster_name:"" sql_address:<network_field:"tcp" address_field:"755e1052c718:26257" >›
I210410 13:13:43.735935 46 server/server.go:1427 ⋮ [n1] node connected via gossip
W210410 13:13:43.773681 275 kv/kvserver/replica_range_lease.go:556 ⋮ [n1,s1,r6/1:‹/Table/{SystemCon…-11}›] can't determine lease status of (n1,s1):1 due to node liveness error: node not in the liveness table
(1) attached stack trace
  -- stack trace:
  | github.com/cockroachdb/cockroach/pkg/kv/kvserver.init
  | 	/go/src/github.com/cockroachdb/cockroach/pkg/kv/kvserver/node_liveness.go:45
  | runtime.doInit
  | 	/usr/local/go/src/runtime/proc.go:5228
  | runtime.doInit
  | 	/usr/local/go/src/runtime/proc.go:5223
  | runtime.doInit
  | 	/usr/local/go/src/runtime/proc.go:5223
  | runtime.doInit
  | 	/usr/local/go/src/runtime/proc.go:5223
  | runtime.doInit
  | 	/usr/local/go/src/runtime/proc.go:5223
  | runtime.main
  | 	/usr/local/go/src/runtime/proc.go:190
  | runtime.goexit
  | 	/usr/local/go/src/runtime/asm_amd64.s:1357
Wraps: (2) node not in the liveness table
Error types: (1) *withstack.withStack (2) *errutil.leafError
W210410 13:13:43.774203 275 kv/kvserver/store.go:1691 ⋮ [n1,s1,r6/1:‹/Table/{SystemCon…-11}›] could not gossip system config: ‹[NotLeaseHolderError] r6: replica (n1,s1):1 not lease holder; lease holder unknown›
(1) ‹[NotLeaseHolderError] r6: replica (n1,s1):1 not lease holder; lease holder unknown›
Error types: (1) *roachpb.NotLeaseHolderError
W210410 13:13:43.829889 275 kv/kvserver/store.go:1691 ⋮ [n1,s1,r6/1:‹/Table/{SystemCon…-11}›] could not gossip system config: ‹[NotLeaseHolderError] r6: replica (n1,s1):1 not lease holder; lease holder unknown›
(1) ‹[NotLeaseHolderError] r6: replica (n1,s1):1 not lease holder; lease holder unknown›
Error types: (1) *roachpb.NotLeaseHolderError
W210410 13:13:43.944880 275 kv/kvserver/store.go:1691 ⋮ [n1,s1,r6/1:‹/Table/{SystemCon…-11}›] could not gossip system config: ‹[NotLeaseHolderError] r6: replica (n1,s1):1 not lease holder; lease holder unknown›
(1) ‹[NotLeaseHolderError] r6: replica (n1,s1):1 not lease holder; lease holder unknown›
Error types: (1) *roachpb.NotLeaseHolderError
W210410 13:13:44.164975 275 kv/kvserver/store.go:1691 ⋮ [n1,s1,r6/1:‹/Table/{SystemCon…-11}›] could not gossip system config: ‹[NotLeaseHolderError] r6: replica (n1,s1):1 not lease holder; lease holder unknown›
(1) ‹[NotLeaseHolderError] r6: replica (n1,s1):1 not lease holder; lease holder unknown›
Error types: (1) *roachpb.NotLeaseHolderError
I210410 13:13:44.174096 14 server/node.go:430 ⋮ [n1] initialized store [n1,s1]: disk (capacity=196 GiB, available=4.3 GiB, used=4.2 MiB, logicalBytes=20 MiB), ranges=64, leases=0, queries=0.00, writes=0.00, bytesPerReplica={p10=0.00 p25=0.00 p50=0.00 p75=326.00 p90=32501.00 pMax=19759866.00}, writesPerReplica={p10=0.00 p25=0.00 p50=0.00 p75=0.00 p90=0.00 pMax=0.00}
I210410 13:13:44.468521 14 kv/kvserver/stores.go:236 ⋮ [n1] read 0 node addresses from persistent storage
W210410 13:13:44.607274 275 kv/kvserver/store.go:1691 ⋮ [n1,s1,r6/1:‹/Table/{SystemCon…-11}›] could not gossip system config: ‹[NotLeaseHolderError] r6: replica (n1,s1):1 not lease holder; lease holder unknown›
(1) ‹[NotLeaseHolderError] r6: replica (n1,s1):1 not lease holder; lease holder unknown›
Error types: (1) *roachpb.NotLeaseHolderError
W210410 13:13:45.052698 212 kv/kvserver/store_raft.go:493 ⋮ [n1,s1,r2/1:‹/System/NodeLiveness{-Max}›] handle raft ready: 0.7s [applied=2, batches=1, state_assertions=0]
W210410 13:13:45.052698 176 kv/kvserver/store_raft.go:493 ⋮ [n1,s1,r1/1:‹/{Min-System/NodeL…}›] handle raft ready: 0.7s [applied=2, batches=1, state_assertions=0]
I210410 13:13:45.292633 14 server/node.go:489 ⋮ [n1] started with engine type ‹2›
I210410 13:13:45.292799 14 server/node.go:491 ⋮ [n1] started with attributes ‹[]›
I210410 13:13:45.293098 14 server/goroutinedumper/goroutinedumper.go:120 ⋮ [n1] writing goroutine dumps to ‹/cockroach/cockroach-data/logs/goroutine_dump›
I210410 13:13:45.293213 14 server/heapprofiler/heapprofiler.go:49 ⋮ [n1] writing go heap profiles to ‹/cockroach/cockroach-data/logs/heap_profiler› at least every 1h0m0s
I210410 13:13:45.293283 14 server/heapprofiler/cgoprofiler.go:53 ⋮ [n1] to enable jmalloc profiling: "export MALLOC_CONF=prof:true" or "ln -s prof:true /etc/malloc.conf"
I210410 13:13:45.293322 14 server/heapprofiler/statsprofiler.go:54 ⋮ [n1] writing memory stats to ‹/cockroach/cockroach-data/logs/heap_profiler› at last every 1h0m0s
I210410 13:13:45.293422 14 server/server.go:1544 ⋮ [n1] starting http server at ‹[::]:26256› (use: ‹755e1052c718:26256›)
I210410 13:13:45.293554 14 server/server.go:1551 ⋮ [n1] starting grpc/postgres server at ‹[::]:26257›
I210410 13:13:45.293655 14 server/server.go:1552 ⋮ [n1] advertising CockroachDB node at ‹755e1052c718:26257›
I210410 13:13:46.735984 49 gossip/gossip.go:1508 ⋮ [n1] node has connected to cluster via gossip
I210410 13:13:46.880793 49 kv/kvserver/stores.go:255 ⋮ [n1] wrote 0 node addresses to persistent storage
I210410 13:13:46.881371 14 sql/sqlliveness/slinstance/slinstance.go:252 ⋮ [n1] starting SQL liveness instance
I210410 13:13:47.007820 14 server/server_sql.go:800 ⋮ [n1] done ensuring all necessary migrations have run
I210410 13:13:47.007949 14 server/server.go:1887 ⋮ [n1] serving sql connections
I210410 13:13:47.039338 429 jobs/job_scheduler.go:349 ⋮ [n1] waiting 4m0s before scheduled jobs daemon start
I210410 13:13:47.096643 14 cli/start.go:677 ⋮ [config] clusterID: ‹dd9dc586-c756-4f4b-a9e5-9e23cf559418›
I210410 13:13:47.096872 14 cli/start.go:687 ⋮ node startup completed:
CockroachDB node starting at 2021-04-10 13:13:47.038093809 +0000 UTC (took 16.5s)
build:               CCL v20.2.7 @ 2021/03/29 17:52:00 (go1.13.14)
webui:               ‹http://755e1052c718:26256›
sql:                 ‹postgresql://root@755e1052c718:26257?sslmode=disable›
RPC client flags:    ‹/cockroach/cockroach <client cmd> --host=755e1052c718:26257 --insecure›
logs:                ‹/cockroach/cockroach-data/logs›
temp dir:            ‹/cockroach/cockroach-data/cockroach-temp105882487›
external I/O path:   ‹/cockroach/cockroach-data/extern›
store[0]:            ‹path=/cockroach/cockroach-data›
storage engine:      pebble
status:              restarted pre-existing node
clusterID:           ‹dd9dc586-c756-4f4b-a9e5-9e23cf559418›
nodeID:              1
I210410 13:13:47.111491 209 sql/temporary_schema.go:510 ⋮ [n1] running temporary object cleanup background job
W210410 13:13:47.811617 252 kv/kvserver/store_raft.go:493 ⋮ [n1,s1,r4/1:‹/System{/tsd-tse}›] handle raft ready: 0.9s [applied=1, batches=1, state_assertions=0]
W210410 13:13:47.821048 251 kv/kvserver/store_raft.go:493 ⋮ [n1,s1,r2/1:‹/System/NodeLiveness{-Max}›] handle raft ready: 0.8s [applied=1, batches=1, state_assertions=0]
W210410 13:13:47.821144 260 kv/kvserver/store_raft.go:493 ⋮ [n1,s1,r26/1:‹/NamespaceTable/{30-Max}›] handle raft ready: 0.7s [applied=2, batches=1, state_assertions=0]
W210410 13:13:48.295954 174 kv/kvserver/store_raft.go:493 ⋮ [n1,s1,r14/1:‹/Table/1{8-9}›] handle raft ready: 0.8s [applied=1, batches=1, state_assertions=0]
W210410 13:13:48.296235 334 kv/kvserver/node_liveness.go:748 ⋮ [n1,s1,r103/1:‹/Table/73/{2-3}›] slow heartbeat took 1.530554497s; err=<nil>
W210410 13:13:48.531156 250 kv/kvserver/store_raft.go:493 ⋮ [n1,s1,r4/1:‹/System{/tsd-tse}›] handle raft ready: 0.5s [applied=1, batches=1, state_assertions=0]
I210410 13:13:49.379931 430 server/server_update.go:55 ⋮ [n1] no need to upgrade, cluster already at the newest version
W210410 13:13:49.497398 242 kv/kvserver/store_raft.go:493 ⋮ [n1,s1,r31/1:‹/Table/3{5-6}›] handle raft ready: 0.5s [applied=2, batches=1, state_assertions=0]
W210410 13:13:49.497397 177 kv/kvserver/store_raft.go:493 ⋮ [n1,s1,r27/1:‹/{NamespaceTab…-Table/32}›] handle raft ready: 0.5s [applied=2, batches=1, state_assertions=0]
W210410 13:13:49.674968 319 kv/kvserver/node_liveness.go:748 ⋮ [n1,s1,r26/1:‹/NamespaceTable/{30-Max}›] slow heartbeat took 2.521102943s; err=<nil>
W210410 13:13:49.675421 537 kv/kvserver/node_liveness.go:748 ⋮ [n1,s1,r24/1:‹/Table/2{8-9}›] slow heartbeat took 1.853709137s; err=<nil>
I210410 13:13:49.810380 209 sql/temporary_schema.go:545 ⋮ [n1] found 0 temporary schemas
I210410 13:13:49.810475 209 sql/temporary_schema.go:548 ⋮ [n1] early exiting temporary schema cleaner as no temporary schemas were found
I210410 13:13:49.810518 209 sql/temporary_schema.go:549 ⋮ [n1] completed temporary object cleanup job
I210410 13:13:49.810554 209 sql/temporary_schema.go:627 ⋮ [n1] temporary object cleaner next scheduled to run at 2021-04-10 13:43:46.921928965 +0000 UTC
W210410 13:13:49.975510 570 kv/kvserver/node_liveness.go:748 ⋮ [n1,s1,r104/1:‹/Table/7{3/3-4}›] slow heartbeat took 1.210318731s; err=<nil>
W210410 13:13:50.220477 340 kv/kvserver/node_liveness.go:748 ⋮ [n1,s1,r27/1:‹/{NamespaceTab…-Table/32}›] slow heartbeat took 1.446374624s; err=<nil>
W210410 13:13:50.409651 431 kv/kvserver/node_liveness.go:748 ⋮ [n1,s1,r31/1:‹/Table/3{5-6}›] slow heartbeat took 1.635476466s; err=<nil>
I210410 13:13:50.473158 333 kv/kvserver/replica_command.go:671 ⋮ [n1,merge,s1,r103/1:‹/Table/73/{2-3}›] initiating a merge of r104:‹/Table/7{3/3-4}› [(n1,s1):1, next=2, gen=70, sticky=1618056057.740573131,0] into this range (‹lhs+rhs has (size=41 B+98 B=139 B qps=0.65+0.00=0.65qps) below threshold (size=128 MiB, qps=1250.00)›)
W210410 13:13:50.721195 410 kv/kvserver/node_liveness.go:748 ⋮ [n1,s1,r7/1:‹/Table/1{1-2}›] slow heartbeat took 1.703143789s; err=<nil>
W210410 13:13:51.746597 549 kv/kvserver/node_liveness.go:748 ⋮ [n1,s1,r8/1:‹/Table/1{2-3}›] slow heartbeat took 2.474756357s; err=<nil>
W210410 13:13:51.746652 511 kv/kvserver/node_liveness.go:748 ⋮ [n1,s1,r35/1:‹/Table/{39-53}›] slow heartbeat took 2.47415288s; err=<nil>
W210410 13:13:51.746797 62 kv/kvserver/node_liveness.go:748 ⋮ [n1,liveness-hb] slow heartbeat took 1.952640106s; err=<nil>
W210410 13:13:52.247798 556 kv/kvserver/node_liveness.go:748 ⋮ [n1,s1,r9/1:‹/Table/1{3-4}›] slow heartbeat took 1.520796005s; err=<nil>
W210410 13:13:52.248013 263 kv/kvserver/store_raft.go:493 ⋮ [n1,s1,r35/1:‹/Table/{39-53}›] handle raft ready: 0.5s [applied=1, batches=1, state_assertions=0]
W210410 13:13:52.248009 240 kv/kvserver/store_raft.go:493 ⋮ [n1,s1,r8/1:‹/Table/1{2-3}›] handle raft ready: 0.5s [applied=1, batches=1, state_assertions=0]
I210410 13:13:53.193519 205 sql/event_log.go:162 ⋮ [n1] Event: ‹"node_restart"›, target: 1, info: ‹{Descriptor:{NodeID:1 Address:755e1052c718:26257 Attrs: Locality: ServerVersion:20.2 BuildTag:v20.2.7 StartedAt:1618060422658252536 LocalityAddress:[] ClusterName: SQLAddress:755e1052c718:26257} ClusterID:dd9dc586-c756-4f4b-a9e5-9e23cf559418 StartedAt:1618060422658252536 LastUp:1618056089867653136}›
I210410 13:13:53.193534 207 sql/sqlliveness/slstorage/slstorage.go:348 ⋮ [n1] inserted sqlliveness session ‹b156a9c4e9c248c4bcc15b29a9330ad9›
I210410 13:13:53.193853 207 sql/sqlliveness/slinstance/slinstance.go:143 ⋮ [n1] created new SQL liveness session ‹b156a9c4e9c248c4bcc15b29a9330ad9›
I210410 13:13:53.762846 261 kv/kvserver/store_remove_replica.go:127 ⋮ [n1,s1,r103/1:‹/Table/73/{2-3}›] removing replica r104/1
W210410 13:13:54.585906 738 kv/kvserver/node_liveness.go:748 ⋮ [n1,s1,r11/1:‹/Table/1{5-6}›] slow heartbeat took 1.053972979s; err=<nil>
I210410 13:13:55.297774 60 server/status/runtime.go:525 ⋮ [n1] runtime stats: 144 MiB RSS, 221 goroutines, 27 MiB/30 MiB/41 MiB GO alloc/idle/total, 73 MiB/81 MiB CGO alloc/total, 0.0 CGO/sec, 0.0/0.0 %(u/s)time, 0.0 %gc (18x), 19 KiB/28 KiB (r/w)net
W210410 13:13:55.654271 211 kv/kvserver/store_raft.go:493 ⋮ [n1,s1,r103/1:‹/Table/7{3/2-4}›] handle raft ready: 0.5s [applied=1, batches=1, state_assertions=0]
W210410 13:13:55.654427 241 kv/kvserver/store_raft.go:493 ⋮ [n1,s1,r2/1:‹/System/NodeLiveness{-Max}›] handle raft ready: 0.6s [applied=1, batches=1, state_assertions=0]
W210410 13:13:56.399216 62 kv/kvserver/node_liveness.go:748 ⋮ [n1,liveness-hb] slow heartbeat took 2.105123585s; err=<nil>
W210410 13:13:56.399324 241 kv/kvserver/store_raft.go:493 ⋮ [n1,s1,r2/1:‹/System/NodeLiveness{-Max}›] handle raft ready: 0.7s [applied=1, batches=1, state_assertions=0]
W210410 13:13:56.610661 780 kv/kvserver/node_liveness.go:748 ⋮ [n1,s1,r90/1:‹/Table/{69/4-70}›] slow heartbeat took 1.510881837s; err=<nil>
I210410 13:13:56.860840 712 kv/kvserver/replica_command.go:671 ⋮ [n1,merge,s1,r87/1:‹/Table/69{-/4}›] initiating a merge of r90:‹/Table/{69/4-70}› [(n1,s1):1, next=2, gen=57, sticky=1618056027.637784763,0] into this range (‹lhs+rhs has (size=0 B+0 B=0 B qps=0.00+0.00=0.00qps) below threshold (size=128 MiB, qps=1250.00)›)
W210410 13:13:57.412193 243 kv/kvserver/store_raft.go:493 ⋮ [n1,s1,r3/1:‹/System/{NodeLive…-tsd}›] handle raft ready: 0.5s [applied=1, batches=1, state_assertions=0]
I210410 13:13:58.725604 216 kv/kvserver/store_remove_replica.go:127 ⋮ [n1,s1,r87/1:‹/Table/69{-/4}›] removing replica r90/1
W210410 13:14:00.983352 838 kv/kvserver/node_liveness.go:748 ⋮ [n1,s1,r95/1:‹/Table/7{0/4-1}›] slow heartbeat took 1.601088281s; err=<nil>
W210410 13:14:00.983467 219 kv/kvserver/store_raft.go:493 ⋮ [n1,s1,r2/1:‹/System/NodeLiveness{-Max}›] handle raft ready: 1.4s [applied=1, batches=1, state_assertions=0]
W210410 13:14:00.983842 234 kv/kvserver/store_raft.go:493 ⋮ [n1,s1,r1/1:‹/{Min-System/NodeL…}›] handle raft ready: 1.2s [applied=1, batches=1, state_assertions=0]
W210410 13:14:01.553845 217 kv/kvserver/store_raft.go:493 ⋮ [n1,s1,r87/1:‹/Table/{69-70}›] handle raft ready: 1.5s [applied=1, batches=1, state_assertions=0]
W210410 13:14:01.943355 234 kv/kvserver/store_raft.go:493 ⋮ [n1,s1,r1/1:‹/{Min-System/NodeL…}›] handle raft ready: 1.0s [applied=1, batches=1, state_assertions=0]
W210410 13:14:01.943617 247 kv/kvserver/store_raft.go:493 ⋮ [n1,s1,r95/1:‹/Table/7{0/4-1}›] handle raft ready: 1.0s [applied=1, batches=1, state_assertions=0]
I210410 13:14:01.946283 667 kv/kvserver/replica_command.go:671 ⋮ [n1,merge,s1,r92/1:‹/Table/70{-/4}›] initiating a merge of r95:‹/Table/7{0/4-1}› [(n1,s1):1, next=2, gen=63, sticky=1618056039.000474732,0] into this range (‹lhs+rhs has (size=0 B+0 B=0 B qps=0.00+0.00=0.00qps) below threshold (size=128 MiB, qps=1250.00)›)
W210410 13:14:02.110131 217 kv/kvserver/store_raft.go:493 ⋮ [n1,s1,r87/1:‹/Table/{69-70}›] handle raft ready: 0.6s [applied=1, batches=1, state_assertions=0]
I210410 13:14:02.768551 263 kv/kvserver/store_remove_replica.go:127 ⋮ [n1,s1,r92/1:‹/Table/70{-/4}›] removing replica r95/1
I210410 13:14:04.497470 915 kv/kvserver/replica_command.go:671 ⋮ [n1,merge,s1,r106/1:‹/Table/74{-/2}›] initiating a merge of r107:‹/{Table/74/2-Max}› [(n1,s1):1, next=2, gen=70, sticky=1618056064.421555424,0] into this range (‹lhs+rhs has (size=0 B+0 B=0 B qps=0.00+0.00=0.00qps) below threshold (size=128 MiB, qps=1250.00)›)
I210410 13:14:05.294155 55 kv/kvserver/store.go:2625 ⋮ [n1,s1] sstables (read amplification = 1):
‹6 [ 932K 1 ]: 932K›
I210410 13:14:05.294351 55 kv/kvserver/store.go:2626 ⋮ [n1,s1] ‹›
‹__level_____count____size___score______in__ingest(sz_cnt)____move(sz_cnt)___write(sz_cnt)____read___r-amp___w-amp›
‹    WAL         2   583 K       -   578 K       -       -       -       -   583 K       -       -       -     1.0›
‹      0         0     0 B    0.00     0 B     0 B       0     0 B       0     0 B       0     0 B       0     0.0›
‹      1         0     0 B    0.00     0 B     0 B       0     0 B       0     0 B       0     0 B       0     0.0›
‹      2         0     0 B    0.00     0 B     0 B       0     0 B       0     0 B       0     0 B       0     0.0›
‹      3         0     0 B    0.00     0 B     0 B       0     0 B       0     0 B       0     0 B       0     0.0›
‹      4         0     0 B    0.00     0 B     0 B       0     0 B       0     0 B       0     0 B       0     0.0›
‹      5         0     0 B    0.00     0 B     0 B       0     0 B       0     0 B       0     0 B       0     0.0›
‹      6         1   932 K       -   399 K     0 B       0     0 B       0   932 K       1   1.2 M       1     2.3›
‹  total         1   932 K       -   583 K     0 B       0     0 B       0   1.5 M       1   1.2 M       1     2.6›
‹  flush         0›
‹compact         1     0 B          (size == estimated-debt)›
‹ memtbl         2    64 M›
‹zmemtbl         0     0 B›
‹   ztbl         0     0 B›
‹ bcache        33   1.0 M   93.8%  (score == hit-rate)›
‹ tcache         1   616 B   99.7%  (score == hit-rate)›
‹ titers         0›
‹ filter         -       -   66.0%  (score == utility)›
I210410 13:14:05.295152 60 server/status/runtime.go:525 ⋮ [n1] runtime stats: 146 MiB RSS, 217 goroutines, 30 MiB/26 MiB/45 MiB GO alloc/idle/total, 73 MiB/81 MiB CGO alloc/total, 12.3 CGO/sec, 3.9/1.0 %(u/s)time, 0.0 %gc (1x), 6.0 KiB/14 KiB (r/w)net
I210410 13:14:05.540263 233 kv/kvserver/store_remove_replica.go:127 ⋮ [n1,s1,r106/1:‹/Table/74{-/2}›] removing replica r107/1
W210410 13:14:06.105967 233 kv/kvserver/store_raft.go:493 ⋮ [n1,s1,r106/1:‹/{Table/74-Max}›] handle raft ready: 0.6s [applied=1, batches=1, state_assertions=0]
W210410 13:14:06.169720 253 kv/kvserver/store_raft.go:493 ⋮ [n1,s1,r1/1:‹/{Min-System/NodeL…}›] handle raft ready: 0.6s [applied=1, batches=1, state_assertions=0]
W210410 13:14:06.169822 241 kv/kvserver/store_raft.go:493 ⋮ [n1,s1,r9/1:‹/Table/1{3-4}›] handle raft ready: 0.6s [applied=1, batches=1, state_assertions=0]
W210410 13:14:06.694920 954 kv/kvserver/node_liveness.go:748 ⋮ [n1,s1,r101/1:‹/Table/72{-/2}›] slow heartbeat took 1.154261908s; err=<nil>
I210410 13:14:06.804140 206 sql/sqlliveness/slstorage/slstorage.go:326 ⋮ [n1] deleted 1 expired SQL liveness sessions
I210410 13:14:07.837337 953 kv/kvserver/replica_command.go:671 ⋮ [n1,merge,s1,r101/1:‹/Table/72{-/2}›] initiating a merge of r100:‹/Table/7{2/2-3}› [(n1,s1):1, next=2, gen=65, sticky=1618056050.180893953,0] into this range (‹lhs+rhs has (size=0 B+0 B=0 B qps=0.00+0.00=0.00qps) below threshold (size=128 MiB, qps=1250.00)›)
I210410 13:14:08.506957 237 kv/kvserver/store_remove_replica.go:127 ⋮ [n1,s1,r101/1:‹/Table/72{-/2}›] removing replica r100/1
W210410 13:14:09.322513 262 kv/kvserver/store_raft.go:493 ⋮ [n1,s1,r9/1:‹/Table/1{3-4}›] handle raft ready: 0.5s [applied=1, batches=1, state_assertions=0]
W210410 13:14:09.323065 211 kv/kvserver/store_raft.go:493 ⋮ [n1,s1,r2/1:‹/System/NodeLiveness{-Max}›] handle raft ready: 0.5s [applied=1, batches=1, state_assertions=0]
W210410 13:14:09.574761 1061 kv/kvserver/node_liveness.go:748 ⋮ [n1,s1,r98/1:‹/Table/71{-/2}›] slow heartbeat took 1.066629684s; err=<nil>
I210410 13:14:10.560488 1060 kv/kvserver/replica_command.go:671 ⋮ [n1,merge,s1,r98/1:‹/Table/71{-/2}›] initiating a merge of r99:‹/Table/7{1/2-2}› [(n1,s1):1, next=2, gen=65, sticky=1618056047.354898672,0] into this range (‹lhs+rhs has (size=0 B+0 B=0 B qps=0.00+0.00=0.00qps) below threshold (size=128 MiB, qps=1250.00)›)
I210410 13:14:12.850852 231 kv/kvserver/store_remove_replica.go:127 ⋮ [n1,s1,r98/1:‹/Table/71{-/2}›] removing replica r99/1
W210410 13:14:12.851412 231 kv/kvserver/store_raft.go:493 ⋮ [n1,s1,r98/1:‹/Table/7{1-2}›] handle raft ready: 0.5s [applied=1, batches=1, state_assertions=1]
W210410 13:14:13.040142 263 kv/kvserver/store_raft.go:493 ⋮ [n1,s1,r2/1:‹/System/NodeLiveness{-Max}›] handle raft ready: 0.5s [applied=1, batches=1, state_assertions=0]
W210410 13:14:13.329178 62 kv/kvserver/node_liveness.go:748 ⋮ [n1,liveness-hb] slow heartbeat took 1.035139296s; err=<nil>
I210410 13:14:13.854472 1020 kv/kvserver/replica_command.go:671 ⋮ [n1,merge,s1,r102/1:‹/Table/73{-/2}›] initiating a merge of r103:‹/Table/7{3/2-4}› [(n1,s1):1, next=2, gen=71, sticky=1618056054.256926164,0] into this range (‹lhs+rhs has (size=194 B+139 B=333 B qps=0.00+0.00=0.00qps) below threshold (size=128 MiB, qps=1250.00)›)
I210410 13:14:15.297992 60 server/status/runtime.go:525 ⋮ [n1] runtime stats: 147 MiB RSS, 218 goroutines, 29 MiB/26 MiB/47 MiB GO alloc/idle/total, 73 MiB/81 MiB CGO alloc/total, 0.5 CGO/sec, 3.9/1.2 %(u/s)time, 0.0 %gc (1x), 3.5 KiB/3.3 KiB (r/w)net
I210410 13:14:15.798912 248 kv/kvserver/store_remove_replica.go:127 ⋮ [n1,s1,r102/1:‹/Table/73{-/2}›] removing replica r103/1
W210410 13:14:20.684569 235 kv/kvserver/store_raft.go:493 ⋮ [n1,s1,r7/1:‹/Table/1{1-2}›] handle raft ready: 0.9s [applied=1, batches=1, state_assertions=0]
W210410 13:14:20.915056 228 kv/kvserver/store_raft.go:493 ⋮ [n1,s1,r1/1:‹/{Min-System/NodeL…}›] handle raft ready: 0.9s [applied=1, batches=1, state_assertions=0]
W210410 13:14:20.915294 234 kv/kvserver/store_raft.go:493 ⋮ [n1,s1,r35/1:‹/Table/{39-53}›] handle raft ready: 0.9s [applied=1, batches=1, state_assertions=0]
I210410 13:14:25.297805 60 server/status/runtime.go:525 ⋮ [n1] runtime stats: 148 MiB RSS, 215 goroutines, 27 MiB/28 MiB/50 MiB GO alloc/idle/total, 73 MiB/81 MiB CGO alloc/total, 0.1 CGO/sec, 3.2/1.0 %(u/s)time, 0.0 %gc (1x), 3.8 KiB/12 KiB (r/w)net
W210410 13:14:26.980658 62 kv/kvserver/node_liveness.go:748 ⋮ [n1,liveness-hb] slow heartbeat took 1.186573367s; err=<nil>
I210410 13:14:35.297703 60 server/status/runtime.go:525 ⋮ [n1] runtime stats: 148 MiB RSS, 215 goroutines, 38 MiB/18 MiB/52 MiB GO alloc/idle/total, 73 MiB/81 MiB CGO alloc/total, 0.1 CGO/sec, 2.4/1.0 %(u/s)time, 0.0 %gc (0x), 5.1 KiB/12 KiB (r/w)net
W210410 13:14:36.314370 62 kv/kvserver/node_liveness.go:748 ⋮ [n1,liveness-hb] slow heartbeat took 1.520282178s; err=<nil>
W210410 13:14:43.807609 264 kv/kvserver/store_raft.go:493 ⋮ [n1,s1,r35/1:‹/Table/{39-53}›] handle raft ready: 0.9s [applied=1, batches=1, state_assertions=0]
I210410 13:14:45.293079 56 gossip/gossip.go:568 ⋮ [n1] gossip status (ok, 1 node‹›)
gossip client (0/3 cur/max conns)
gossip server (0/3 cur/max conns, infos 0/0 sent/received, bytes 0B/0B sent/received)
gossip connectivity
  n1 [sentinel];
I210410 13:14:45.296128 60 server/status/runtime.go:525 ⋮ [n1] runtime stats: 150 MiB RSS, 216 goroutines, 31 MiB/25 MiB/56 MiB GO alloc/idle/total, 73 MiB/81 MiB CGO alloc/total, 0.1 CGO/sec, 4.4/1.1 %(u/s)time, 0.0 %gc (1x), 4.7 KiB/13 KiB (r/w)net
I210410 13:14:50.618687 1659 jobs/registry.go:1106 ⋮ [n1] AUTO CREATE STATS job 648773923924443137: stepping through state running with error: <nil>
I210410 13:14:55.028240 1659 jobs/registry.go:1106 ⋮ [n1] AUTO CREATE STATS job 648773923924443137: stepping through state succeeded with error: <nil>
I210410 13:14:55.295810 60 server/status/runtime.go:525 ⋮ [n1] runtime stats: 151 MiB RSS, 221 goroutines, 20 MiB/31 MiB/54 MiB GO alloc/idle/total, 73 MiB/81 MiB CGO alloc/total, 0.1 CGO/sec, 7.5/1.9 %(u/s)time, 0.0 %gc (2x), 4.1 KiB/12 KiB (r/w)net
I210410 13:14:56.022686 1922 jobs/registry.go:1106 ⋮ [n1] AUTO CREATE STATS job 648773945184124929: stepping through state running with error: <nil>
W210410 13:14:57.090552 174 kv/kvserver/store_raft.go:493 ⋮ [n1,s1,r2/1:‹/System/NodeLiveness{-Max}›] handle raft ready: 0.7s [applied=1, batches=1, state_assertions=0]
W210410 13:14:57.341810 1713 kv/kvserver/node_liveness.go:748 ⋮ [n1,s1,r48/1:‹/Table/5{7-8}›] slow heartbeat took 1.284145747s; err=<nil>
I210410 13:14:59.476817 1922 jobs/registry.go:1106 ⋮ [n1] AUTO CREATE STATS job 648773945184124929: stepping through state succeeded with error: <nil>
W210410 13:15:03.093309 62 kv/kvserver/node_liveness.go:748 ⋮ [n1,liveness-hb] slow heartbeat took 1.299220093s; err=<nil>
I210410 13:15:05.295983 60 server/status/runtime.go:525 ⋮ [n1] runtime stats: 151 MiB RSS, 214 goroutines, 26 MiB/29 MiB/54 MiB GO alloc/idle/total, 73 MiB/81 MiB CGO alloc/total, 0.1 CGO/sec, 4.8/1.4 %(u/s)time, 0.0 %gc (1x), 1.7 KiB/1.7 KiB (r/w)net
I210410 13:15:15.298701 60 server/status/runtime.go:525 ⋮ [n1] runtime stats: 152 MiB RSS, 214 goroutines, 22 MiB/31 MiB/54 MiB GO alloc/idle/total, 73 MiB/81 MiB CGO alloc/total, 0.1 CGO/sec, 2.8/1.2 %(u/s)time, 0.0 %gc (1x), 4.5 KiB/13 KiB (r/w)net
W210410 13:15:16.451359 62 kv/kvserver/node_liveness.go:748 ⋮ [n1,liveness-hb] slow heartbeat took 1.157184924s; err=<nil>
I210410 13:15:25.298450 60 server/status/runtime.go:525 ⋮ [n1] runtime stats: 152 MiB RSS, 214 goroutines, 33 MiB/22 MiB/54 MiB GO alloc/idle/total, 73 MiB/81 MiB CGO alloc/total, 0.1 CGO/sec, 2.7/1.0 %(u/s)time, 0.0 %gc (0x), 4.4 KiB/12 KiB (r/w)net
W210410 13:15:29.683939 227 kv/kvserver/store_raft.go:493 ⋮ [n1,s1,r2/1:‹/System/NodeLiveness{-Max}›] handle raft ready: 0.5s [applied=2, batches=2, state_assertions=0]
I210410 13:15:35.299022 60 server/status/runtime.go:525 ⋮ [n1] runtime stats: 153 MiB RSS, 217 goroutines, 27 MiB/27 MiB/54 MiB GO alloc/idle/total, 73 MiB/81 MiB CGO alloc/total, 0.1 CGO/sec, 3.5/0.9 %(u/s)time, 0.0 %gc (1x), 3.7 KiB/12 KiB (r/w)net
W210410 13:15:37.500902 243 kv/kvserver/store_raft.go:493 ⋮ [n1,s1,r3/1:‹/System/{NodeLive…-tsd}›] handle raft ready: 0.6s [applied=1, batches=1, state_assertions=0]
I210410 13:15:45.293048 56 gossip/gossip.go:568 ⋮ [n1] gossip status (ok, 1 node‹›)
gossip client (0/3 cur/max conns)
gossip server (0/3 cur/max conns, infos 0/0 sent/received, bytes 0B/0B sent/received)
I210410 13:15:45.299011 60 server/status/runtime.go:525 ⋮ [n1] runtime stats: 153 MiB RSS, 215 goroutines, 36 MiB/20 MiB/54 MiB GO alloc/idle/total, 73 MiB/81 MiB CGO alloc/total, 0.1 CGO/sec, 2.5/0.9 %(u/s)time, 0.0 %gc (0x), 2.6 KiB/2.4 KiB (r/w)net
I210410 13:15:55.299594 60 server/status/runtime.go:525 ⋮ [n1] runtime stats: 154 MiB RSS, 215 goroutines, 27 MiB/27 MiB/54 MiB GO alloc/idle/total, 73 MiB/81 MiB CGO alloc/total, 0.1 CGO/sec, 3.5/0.9 %(u/s)time, 0.0 %gc (1x), 1.7 KiB/1.7 KiB (r/w)net
W210410 13:16:01.350556 62 kv/kvserver/node_liveness.go:748 ⋮ [n1,liveness-hb] slow heartbeat took 1.056390455s; err=<nil>
I210410 13:16:05.297141 60 server/status/runtime.go:525 ⋮ [n1] runtime stats: 154 MiB RSS, 214 goroutines, 21 MiB/32 MiB/54 MiB GO alloc/idle/total, 73 MiB/81 MiB CGO alloc/total, 0.1 CGO/sec, 2.6/1.0 %(u/s)time, 0.0 %gc (1x), 3.9 KiB/12 KiB (r/w)net
I210410 13:16:15.300002 60 server/status/runtime.go:525 ⋮ [n1] runtime stats: 154 MiB RSS, 214 goroutines, 30 MiB/25 MiB/54 MiB GO alloc/idle/total, 73 MiB/81 MiB CGO alloc/total, 0.1 CGO/sec, 2.2/1.0 %(u/s)time, 0.0 %gc (0x), 2.4 KiB/2.4 KiB (r/w)net
I210410 13:16:25.299972 60 server/status/runtime.go:525 ⋮ [n1] runtime stats: 155 MiB RSS, 214 goroutines, 22 MiB/32 MiB/54 MiB GO alloc/idle/total, 73 MiB/81 MiB CGO alloc/total, 0.1 CGO/sec, 3.2/0.8 %(u/s)time, 0.0 %gc (1x), 1.7 KiB/1.7 KiB (r/w)net
I210410 13:16:35.300176 60 server/status/runtime.go:525 ⋮ [n1] runtime stats: 155 MiB RSS, 217 goroutines, 33 MiB/23 MiB/54 MiB GO alloc/idle/total, 73 MiB/81 MiB CGO alloc/total, 0.1 CGO/sec, 2.6/1.2 %(u/s)time, 0.0 %gc (0x), 3.6 KiB/12 KiB (r/w)net
W210410 13:16:36.980718 218 kv/kvserver/store_raft.go:493 ⋮ [n1,s1,r2/1:‹/System/NodeLiveness{-Max}›] handle raft ready: 0.6s [applied=1, batches=1, state_assertions=0]
W210410 13:16:37.340088 62 kv/kvserver/node_liveness.go:748 ⋮ [n1,liveness-hb] slow heartbeat took 1.04610087s; err=<nil>
I210410 13:16:45.293174 56 gossip/gossip.go:568 ⋮ [n1] gossip status (ok, 1 node‹›)
gossip client (0/3 cur/max conns)
gossip server (0/3 cur/max conns, infos 0/0 sent/received, bytes 0B/0B sent/received)
I210410 13:16:45.300569 60 server/status/runtime.go:525 ⋮ [n1] runtime stats: 156 MiB RSS, 215 goroutines, 23 MiB/30 MiB/54 MiB GO alloc/idle/total, 73 MiB/81 MiB CGO alloc/total, 0.1 CGO/sec, 3.4/0.6 %(u/s)time, 0.0 %gc (1x), 2.7 KiB/2.5 KiB (r/w)net
I210410 13:16:55.300323 60 server/status/runtime.go:525 ⋮ [n1] runtime stats: 154 MiB RSS, 218 goroutines, 33 MiB/23 MiB/54 MiB GO alloc/idle/total, 73 MiB/81 MiB CGO alloc/total, 0.1 CGO/sec, 3.0/0.8 %(u/s)time, 0.0 %gc (0x), 1.7 KiB/1.7 KiB (r/w)net
W210410 13:16:55.468158 62 kv/kvserver/node_liveness.go:748 ⋮ [n1,liveness-hb] slow heartbeat took 1.174091638s; err=<nil>
I210410 13:17:05.300448 60 server/status/runtime.go:525 ⋮ [n1] runtime stats: 155 MiB RSS, 214 goroutines, 22 MiB/31 MiB/54 MiB GO alloc/idle/total, 73 MiB/81 MiB CGO alloc/total, 0.1 CGO/sec, 2.5/0.8 %(u/s)time, 0.0 %gc (1x), 1.8 KiB/1.7 KiB (r/w)net
I210410 13:17:15.300657 60 server/status/runtime.go:525 ⋮ [n1] runtime stats: 155 MiB RSS, 215 goroutines, 31 MiB/24 MiB/54 MiB GO alloc/idle/total, 73 MiB/81 MiB CGO alloc/total, 0.1 CGO/sec, 2.2/0.9 %(u/s)time, 0.0 %gc (0x), 2.3 KiB/2.3 KiB (r/w)net
I210410 13:17:25.301117 60 server/status/runtime.go:525 ⋮ [n1] runtime stats: 156 MiB RSS, 214 goroutines, 21 MiB/32 MiB/54 MiB GO alloc/idle/total, 73 MiB/81 MiB CGO alloc/total, 0.1 CGO/sec, 2.8/0.9 %(u/s)time, 0.0 %gc (1x), 1.7 KiB/1.7 KiB (r/w)net
I210410 13:17:35.298901 60 server/status/runtime.go:525 ⋮ [n1] runtime stats: 156 MiB RSS, 218 goroutines, 33 MiB/23 MiB/54 MiB GO alloc/idle/total, 73 MiB/81 MiB CGO alloc/total, 0.1 CGO/sec, 2.5/0.7 %(u/s)time, 0.0 %gc (0x), 3.8 KiB/12 KiB (r/w)net
I210410 13:17:45.293259 56 gossip/gossip.go:568 ⋮ [n1] gossip status (ok, 1 node‹›)
gossip client (0/3 cur/max conns)
gossip server (0/3 cur/max conns, infos 0/0 sent/received, bytes 0B/0B sent/received)
I210410 13:17:45.301552 60 server/status/runtime.go:525 ⋮ [n1] runtime stats: 156 MiB RSS, 215 goroutines, 23 MiB/30 MiB/54 MiB GO alloc/idle/total, 73 MiB/81 MiB CGO alloc/total, 0.1 CGO/sec, 3.0/1.0 %(u/s)time, 0.0 %gc (1x), 2.7 KiB/2.4 KiB (r/w)net
I210410 13:17:55.301813 60 server/status/runtime.go:525 ⋮ [n1] runtime stats: 156 MiB RSS, 215 goroutines, 34 MiB/22 MiB/54 MiB GO alloc/idle/total, 73 MiB/81 MiB CGO alloc/total, 0.1 CGO/sec, 2.7/1.4 %(u/s)time, 0.0 %gc (0x), 1.7 KiB/1.7 KiB (r/w)net
I210410 13:18:05.301500 60 server/status/runtime.go:525 ⋮ [n1] runtime stats: 157 MiB RSS, 214 goroutines, 25 MiB/28 MiB/54 MiB GO alloc/idle/total, 73 MiB/81 MiB CGO alloc/total, 0.1 CGO/sec, 2.3/0.9 %(u/s)time, 0.0 %gc (1x), 1.7 KiB/1.7 KiB (r/w)net
I210410 13:18:15.300694 60 server/status/runtime.go:525 ⋮ [n1] runtime stats: 157 MiB RSS, 214 goroutines, 33 MiB/22 MiB/54 MiB GO alloc/idle/total, 73 MiB/81 MiB CGO alloc/total, 0.1 CGO/sec, 1.8/0.9 %(u/s)time, 0.0 %gc (0x), 2.6 KiB/2.3 KiB (r/w)net
I210410 13:18:25.313921 60 server/status/runtime.go:525 ⋮ [n1] runtime stats: 158 MiB RSS, 214 goroutines, 39 MiB/18 MiB/56 MiB GO alloc/idle/total, 73 MiB/81 MiB CGO alloc/total, 0.1 CGO/sec, 2.9/0.8 %(u/s)time, 0.0 %gc (1x), 1.7 KiB/1.7 KiB (r/w)net
I210410 13:18:35.303302 60 server/status/runtime.go:525 ⋮ [n1] runtime stats: 159 MiB RSS, 215 goroutines, 32 MiB/22 MiB/56 MiB GO alloc/idle/total, 73 MiB/81 MiB CGO alloc/total, 0.1 CGO/sec, 2.1/1.2 %(u/s)time, 0.0 %gc (0x), 1.8 KiB/1.8 KiB (r/w)net
I210410 13:18:45.293201 56 gossip/gossip.go:568 ⋮ [n1] gossip status (ok, 1 node‹›)
gossip client (0/3 cur/max conns)
gossip server (0/3 cur/max conns, infos 0/0 sent/received, bytes 0B/0B sent/received)
I210410 13:18:45.302759 60 server/status/runtime.go:525 ⋮ [n1] runtime stats: 159 MiB RSS, 215 goroutines, 23 MiB/30 MiB/56 MiB GO alloc/idle/total, 73 MiB/81 MiB CGO alloc/total, 0.1 CGO/sec, 2.7/1.1 %(u/s)time, 0.0 %gc (1x), 2.3 KiB/2.3 KiB (r/w)net
W210410 13:18:47.885238 260 kv/kvserver/store_raft.go:493 ⋮ [n1,s1,r3/1:‹/System/{NodeLive…-tsd}›] handle raft ready: 1.0s [applied=1, batches=1, state_assertions=0]
W210410 13:18:48.126450 249 kv/kvserver/store_raft.go:493 ⋮ [n1,s1,r1/1:‹/{Min-System/NodeL…}›] handle raft ready: 0.6s [applied=1, batches=1, state_assertions=0]
W210410 13:18:48.126828 220 kv/kvserver/store_raft.go:493 ⋮ [n1,s1,r2/1:‹/System/NodeLiveness{-Max}›] handle raft ready: 1.1s [applied=1, batches=1, state_assertions=0]
W210410 13:18:48.399003 62 kv/kvserver/node_liveness.go:748 ⋮ [n1,liveness-hb] slow heartbeat took 1.604971926s; err=<nil>
I210410 13:18:55.304094 60 server/status/runtime.go:525 ⋮ [n1] runtime stats: 160 MiB RSS, 215 goroutines, 37 MiB/19 MiB/56 MiB GO alloc/idle/total, 73 MiB/81 MiB CGO alloc/total, 0.1 CGO/sec, 3.4/1.4 %(u/s)time, 0.0 %gc (0x), 3.9 KiB/12 KiB (r/w)net
I210410 13:19:05.303389 60 server/status/runtime.go:525 ⋮ [n1] runtime stats: 160 MiB RSS, 214 goroutines, 26 MiB/27 MiB/56 MiB GO alloc/idle/total, 73 MiB/81 MiB CGO alloc/total, 0.1 CGO/sec, 2.7/1.3 %(u/s)time, 0.0 %gc (1x), 1.7 KiB/1.7 KiB (r/w)net
I210410 13:19:15.303871 60 server/status/runtime.go:525 ⋮ [n1] runtime stats: 160 MiB RSS, 214 goroutines, 34 MiB/20 MiB/56 MiB GO alloc/idle/total, 73 MiB/81 MiB CGO alloc/total, 0.1 CGO/sec, 2.1/1.2 %(u/s)time, 0.0 %gc (0x), 2.3 KiB/2.3 KiB (r/w)net
I210410 13:19:25.303018 60 server/status/runtime.go:525 ⋮ [n1] runtime stats: 160 MiB RSS, 214 goroutines, 24 MiB/29 MiB/56 MiB GO alloc/idle/total, 73 MiB/81 MiB CGO alloc/total, 0.1 CGO/sec, 2.7/0.5 %(u/s)time, 0.0 %gc (1x), 1.7 KiB/1.7 KiB (r/w)net
I210410 13:19:35.301903 60 server/status/runtime.go:525 ⋮ [n1] runtime stats: 160 MiB RSS, 215 goroutines, 32 MiB/23 MiB/56 MiB GO alloc/idle/total, 73 MiB/81 MiB CGO alloc/total, 0.1 CGO/sec, 2.2/0.8 %(u/s)time, 0.0 %gc (0x), 1.7 KiB/1.7 KiB (r/w)net
W210410 13:19:44.528012 256 kv/kvserver/store_raft.go:493 ⋮ [n1,s1,r1/1:‹/{Min-System/NodeL…}›] handle raft ready: 0.8s [applied=1, batches=1, state_assertions=0]
I210410 13:19:45.293057 56 gossip/gossip.go:568 ⋮ [n1] gossip status (ok, 1 node‹›)
gossip client (0/3 cur/max conns)
gossip server (0/3 cur/max conns, infos 0/0 sent/received, bytes 0B/0B sent/received)
I210410 13:19:45.301958 60 server/status/runtime.go:525 ⋮ [n1] runtime stats: 143 MiB RSS, 216 goroutines, 22 MiB/31 MiB/56 MiB GO alloc/idle/total, 73 MiB/81 MiB CGO alloc/total, 0.1 CGO/sec, 3.0/0.8 %(u/s)time, 0.0 %gc (1x), 2.3 KiB/2.3 KiB (r/w)net
W210410 13:19:49.217722 214 kv/kvserver/store_raft.go:493 ⋮ [n1,s1,r1/1:‹/{Min-System/NodeL…}›] handle raft ready: 0.5s [applied=1, batches=1, state_assertions=0]
W210410 13:19:49.349573 234 kv/kvserver/store_raft.go:493 ⋮ [n1,s1,r24/1:‹/Table/2{8-9}›] handle raft ready: 0.6s [applied=1, batches=1, state_assertions=0]
W210410 13:19:50.441686 265 kv/kvserver/store_raft.go:493 ⋮ [n1,s1,r24/1:‹/Table/2{8-9}›] handle raft ready: 0.5s [applied=3, batches=1, state_assertions=0]
W210410 13:19:50.708663 268 kv/kvserver/store_raft.go:493 ⋮ [n1,s1,r2/1:‹/System/NodeLiveness{-Max}›] handle raft ready: 0.5s [applied=1, batches=1, state_assertions=0]
W210410 13:19:51.020357 216 kv/kvserver/store_raft.go:493 ⋮ [n1,s1,r24/1:‹/Table/2{8-9}›] handle raft ready: 0.6s [applied=1, batches=1, state_assertions=0]
W210410 13:19:51.209828 268 kv/kvserver/store_raft.go:493 ⋮ [n1,s1,r2/1:‹/System/NodeLiveness{-Max}›] handle raft ready: 0.5s [applied=1, batches=1, state_assertions=0]
W210410 13:19:51.209846 221 kv/kvserver/store_raft.go:493 ⋮ [n1,s1,r35/1:‹/Table/{39-53}›] handle raft ready: 0.5s [applied=2, batches=1, state_assertions=0]
W210410 13:19:51.343572 62 kv/kvserver/node_liveness.go:748 ⋮ [n1,liveness-hb] slow heartbeat took 1.549446624s; err=<nil>
I210410 13:19:55.304390 60 server/status/runtime.go:525 ⋮ [n1] runtime stats: 138 MiB RSS, 215 goroutines, 32 MiB/24 MiB/56 MiB GO alloc/idle/total, 73 MiB/81 MiB CGO alloc/total, 0.1 CGO/sec, 3.0/1.0 %(u/s)time, 0.0 %gc (0x), 1.7 KiB/1.7 KiB (r/w)net
I210410 13:20:05.304756 60 server/status/runtime.go:525 ⋮ [n1] runtime stats: 138 MiB RSS, 214 goroutines, 24 MiB/29 MiB/56 MiB GO alloc/idle/total, 73 MiB/81 MiB CGO alloc/total, 0.1 CGO/sec, 3.9/0.9 %(u/s)time, 0.0 %gc (1x), 3.9 KiB/13 KiB (r/w)net
I210410 13:20:15.304452 60 server/status/runtime.go:525 ⋮ [n1] runtime stats: 138 MiB RSS, 214 goroutines, 32 MiB/22 MiB/56 MiB GO alloc/idle/total, 73 MiB/81 MiB CGO alloc/total, 0.1 CGO/sec, 2.1/0.9 %(u/s)time, 0.0 %gc (0x), 2.4 KiB/2.3 KiB (r/w)net
I210410 13:20:25.304708 60 server/status/runtime.go:525 ⋮ [n1] runtime stats: 139 MiB RSS, 214 goroutines, 22 MiB/31 MiB/56 MiB GO alloc/idle/total, 73 MiB/81 MiB CGO alloc/total, 0.1 CGO/sec, 2.7/1.0 %(u/s)time, 0.0 %gc (1x), 1.7 KiB/1.7 KiB (r/w)net
I210410 13:20:35.304968 60 server/status/runtime.go:525 ⋮ [n1] runtime stats: 139 MiB RSS, 215 goroutines, 30 MiB/24 MiB/56 MiB GO alloc/idle/total, 73 MiB/81 MiB CGO alloc/total, 0.1 CGO/sec, 2.0/1.2 %(u/s)time, 0.0 %gc (0x), 1.8 KiB/1.8 KiB (r/w)net
I210410 13:20:45.293162 56 gossip/gossip.go:568 ⋮ [n1] gossip status (ok, 1 node‹›)
gossip client (0/3 cur/max conns)
gossip server (0/3 cur/max conns, infos 0/0 sent/received, bytes 0B/0B sent/received)
I210410 13:20:45.305120 60 server/status/runtime.go:525 ⋮ [n1] runtime stats: 139 MiB RSS, 215 goroutines, 38 MiB/18 MiB/56 MiB GO alloc/idle/total, 73 MiB/81 MiB CGO alloc/total, 0.1 CGO/sec, 1.6/1.6 %(u/s)time, 0.0 %gc (0x), 2.4 KiB/2.3 KiB (r/w)net
I210410 13:20:55.304573 60 server/status/runtime.go:525 ⋮ [n1] runtime stats: 140 MiB RSS, 215 goroutines, 30 MiB/25 MiB/56 MiB GO alloc/idle/total, 73 MiB/81 MiB CGO alloc/total, 0.1 CGO/sec, 3.3/1.0 %(u/s)time, 0.0 %gc (1x), 1.7 KiB/1.7 KiB (r/w)net
W210410 13:21:03.569562 241 kv/kvserver/store_raft.go:493 ⋮ [n1,s1,r35/1:‹/Table/{39-53}›] handle raft ready: 0.6s [applied=2, batches=1, state_assertions=0]
I210410 13:21:05.305550 60 server/status/runtime.go:525 ⋮ [n1] runtime stats: 140 MiB RSS, 214 goroutines, 22 MiB/31 MiB/56 MiB GO alloc/idle/total, 73 MiB/81 MiB CGO alloc/total, 0.1 CGO/sec, 2.6/0.8 %(u/s)time, 0.0 %gc (1x), 3.9 KiB/12 KiB (r/w)net
I210410 13:21:15.306176 60 server/status/runtime.go:525 ⋮ [n1] runtime stats: 140 MiB RSS, 214 goroutines, 31 MiB/24 MiB/56 MiB GO alloc/idle/total, 73 MiB/81 MiB CGO alloc/total, 0.1 CGO/sec, 2.7/1.0 %(u/s)time, 0.0 %gc (0x), 2.5 KiB/2.5 KiB (r/w)net
I210410 13:21:25.305795 60 server/status/runtime.go:525 ⋮ [n1] runtime stats: 140 MiB RSS, 214 goroutines, 39 MiB/17 MiB/56 MiB GO alloc/idle/total, 73 MiB/81 MiB CGO alloc/total, 0.1 CGO/sec, 2.0/1.0 %(u/s)time, 0.0 %gc (0x), 1.8 KiB/1.8 KiB (r/w)net
I210410 13:21:35.306565 60 server/status/runtime.go:525 ⋮ [n1] runtime stats: 141 MiB RSS, 215 goroutines, 32 MiB/23 MiB/56 MiB GO alloc/idle/total, 73 MiB/81 MiB CGO alloc/total, 0.1 CGO/sec, 2.5/1.0 %(u/s)time, 0.0 %gc (1x), 1.7 KiB/1.7 KiB (r/w)net
I210410 13:21:45.293292 56 gossip/gossip.go:568 ⋮ [n1] gossip status (ok, 1 node‹›)
gossip client (0/3 cur/max conns)
gossip server (0/3 cur/max conns, infos 0/0 sent/received, bytes 0B/0B sent/received)
I210410 13:21:45.317801 60 server/status/runtime.go:525 ⋮ [n1] runtime stats: 141 MiB RSS, 215 goroutines, 40 MiB/16 MiB/56 MiB GO alloc/idle/total, 73 MiB/81 MiB CGO alloc/total, 0.1 CGO/sec, 1.9/1.0 %(u/s)time, 0.0 %gc (0x), 2.3 KiB/2.3 KiB (r/w)net
I210410 13:21:55.307054 60 server/status/runtime.go:525 ⋮ [n1] runtime stats: 144 MiB RSS, 215 goroutines, 30 MiB/25 MiB/58 MiB GO alloc/idle/total, 73 MiB/81 MiB CGO alloc/total, 0.1 CGO/sec, 3.1/0.9 %(u/s)time, 0.0 %gc (1x), 1.9 KiB/1.7 KiB (r/w)net
I210410 13:22:05.306860 60 server/status/runtime.go:525 ⋮ [n1] runtime stats: 145 MiB RSS, 216 goroutines, 23 MiB/30 MiB/58 MiB GO alloc/idle/total, 73 MiB/81 MiB CGO alloc/total, 0.1 CGO/sec, 2.1/1.2 %(u/s)time, 0.0 %gc (1x), 3.8 KiB/12 KiB (r/w)net
W210410 13:22:06.112503 62 kv/kvserver/node_liveness.go:748 ⋮ [n1,liveness-hb] slow heartbeat took 1.318343904s; err=<nil>
I210410 13:22:15.306906 60 server/status/runtime.go:525 ⋮ [n1] runtime stats: 145 MiB RSS, 214 goroutines, 31 MiB/23 MiB/58 MiB GO alloc/idle/total, 73 MiB/81 MiB CGO alloc/total, 0.1 CGO/sec, 2.0/1.1 %(u/s)time, 0.0 %gc (0x), 2.5 KiB/2.4 KiB (r/w)net
I210410 13:22:25.307191 60 server/status/runtime.go:525 ⋮ [n1] runtime stats: 145 MiB RSS, 214 goroutines, 40 MiB/16 MiB/58 MiB GO alloc/idle/total, 73 MiB/81 MiB CGO alloc/total, 0.1 CGO/sec, 2.2/1.0 %(u/s)time, 0.0 %gc (0x), 1.7 KiB/1.7 KiB (r/w)net
I210410 13:22:35.307396 60 server/status/runtime.go:525 ⋮ [n1] runtime stats: 146 MiB RSS, 215 goroutines, 27 MiB/27 MiB/58 MiB GO alloc/idle/total, 73 MiB/81 MiB CGO alloc/total, 0.1 CGO/sec, 2.4/0.9 %(u/s)time, 0.0 %gc (1x), 1.7 KiB/1.7 KiB (r/w)net
I210410 13:22:45.293223 56 gossip/gossip.go:568 ⋮ [n1] gossip status (ok, 1 node‹›)
gossip client (0/3 cur/max conns)
gossip server (0/3 cur/max conns, infos 0/0 sent/received, bytes 0B/0B sent/received)
I210410 13:22:45.308017 60 server/status/runtime.go:525 ⋮ [n1] runtime stats: 146 MiB RSS, 215 goroutines, 36 MiB/19 MiB/58 MiB GO alloc/idle/total, 73 MiB/81 MiB CGO alloc/total, 0.1 CGO/sec, 1.9/1.0 %(u/s)time, 0.0 %gc (0x), 2.3 KiB/2.3 KiB (r/w)net
I210410 13:22:55.305845 60 server/status/runtime.go:525 ⋮ [n1] runtime stats: 146 MiB RSS, 215 goroutines, 27 MiB/27 MiB/58 MiB GO alloc/idle/total, 73 MiB/81 MiB CGO alloc/total, 0.1 CGO/sec, 4.1/0.8 %(u/s)time, 0.0 %gc (1x), 1.7 KiB/1.7 KiB (r/w)net
I210410 13:23:05.308118 60 server/status/runtime.go:525 ⋮ [n1] runtime stats: 146 MiB RSS, 214 goroutines, 35 MiB/21 MiB/58 MiB GO alloc/idle/total, 73 MiB/81 MiB CGO alloc/total, 0.1 CGO/sec, 2.3/1.0 %(u/s)time, 0.0 %gc (0x), 1.7 KiB/1.7 KiB (r/w)net
W210410 13:23:15.029710 265 kv/kvserver/store_raft.go:493 ⋮ [n1,s1,r35/1:‹/Table/{39-53}›] handle raft ready: 0.7s [applied=2, batches=1, state_assertions=0]
I210410 13:23:15.309031 60 server/status/runtime.go:525 ⋮ [n1] runtime stats: 146 MiB RSS, 216 goroutines, 26 MiB/28 MiB/58 MiB GO alloc/idle/total, 73 MiB/81 MiB CGO alloc/total, 0.1 CGO/sec, 2.8/0.7 %(u/s)time, 0.0 %gc (1x), 4.4 KiB/13 KiB (r/w)net
I210410 13:23:25.309050 60 server/status/runtime.go:525 ⋮ [n1] runtime stats: 146 MiB RSS, 214 goroutines, 34 MiB/21 MiB/58 MiB GO alloc/idle/total, 73 MiB/81 MiB CGO alloc/total, 0.1 CGO/sec, 2.0/1.5 %(u/s)time, 0.0 %gc (0x), 1.8 KiB/1.7 KiB (r/w)net
I210410 13:23:35.308849 60 server/status/runtime.go:525 ⋮ [n1] runtime stats: 147 MiB RSS, 217 goroutines, 22 MiB/30 MiB/58 MiB GO alloc/idle/total, 73 MiB/81 MiB CGO alloc/total, 0.1 CGO/sec, 3.2/1.1 %(u/s)time, 0.0 %gc (1x), 1.7 KiB/1.7 KiB (r/w)net
I210410 13:23:45.293252 56 gossip/gossip.go:568 ⋮ [n1] gossip status (ok, 1 node‹›)
gossip client (0/3 cur/max conns)
gossip server (0/3 cur/max conns, infos 0/0 sent/received, bytes 0B/0B sent/received)
I210410 13:23:45.308822 60 server/status/runtime.go:525 ⋮ [n1] runtime stats: 147 MiB RSS, 215 goroutines, 31 MiB/23 MiB/58 MiB GO alloc/idle/total, 73 MiB/81 MiB CGO alloc/total, 0.1 CGO/sec, 2.7/1.0 %(u/s)time, 0.0 %gc (0x), 2.3 KiB/2.3 KiB (r/w)net
I210410 13:23:55.309152 60 server/status/runtime.go:525 ⋮ [n1] runtime stats: 147 MiB RSS, 215 goroutines, 23 MiB/30 MiB/58 MiB GO alloc/idle/total, 73 MiB/81 MiB CGO alloc/total, 0.1 CGO/sec, 4.3/1.1 %(u/s)time, 0.0 %gc (1x), 1.8 KiB/1.8 KiB (r/w)net
I210410 13:24:05.295576 55 kv/kvserver/store.go:2625 ⋮ [n1,s1] sstables (read amplification = 1):
‹6 [ 932K 1 ]: 932K›
I210410 13:24:05.295924 55 kv/kvserver/store.go:2626 ⋮ [n1,s1] ‹›
‹__level_____count____size___score______in__ingest(sz_cnt)____move(sz_cnt)___write(sz_cnt)____read___r-amp___w-amp›
‹    WAL         2    16 M       -    16 M       -       -       -       -    16 M       -       -       -     1.0›
‹      0         0     0 B    0.00     0 B     0 B       0     0 B       0     0 B       0     0 B       0     0.0›
‹      1         0     0 B    0.00     0 B     0 B       0     0 B       0     0 B       0     0 B       0     0.0›
‹      2         0     0 B    0.00     0 B     0 B       0     0 B       0     0 B       0     0 B       0     0.0›
‹      3         0     0 B    0.00     0 B     0 B       0     0 B       0     0 B       0     0 B       0     0.0›
‹      4         0     0 B    0.00     0 B     0 B       0     0 B       0     0 B       0     0 B       0     0.0›
‹      5         0     0 B    0.00     0 B     0 B       0     0 B       0     0 B       0     0 B       0     0.0›
‹      6         1   932 K       -   399 K     0 B       0     0 B       0   932 K       1   1.2 M       1     2.3›
‹  total         1   932 K       -    16 M     0 B       0     0 B       0    17 M       1   1.2 M       1     1.1›
‹  flush         0›
‹compact         1     0 B          (size == estimated-debt)›
‹ memtbl         2    64 M›
‹zmemtbl         0     0 B›
‹   ztbl         0     0 B›
‹ bcache        34   1.1 M   98.9%  (score == hit-rate)›
‹ tcache         1   616 B  100.0%  (score == hit-rate)›
‹ titers         0›
‹ filter         -       -   66.0%  (score == utility)›
I210410 13:24:05.309164 60 server/status/runtime.go:525 ⋮ [n1] runtime stats: 142 MiB RSS, 214 goroutines, 31 MiB/23 MiB/58 MiB GO alloc/idle/total, 73 MiB/81 MiB CGO alloc/total, 0.1 CGO/sec, 2.7/0.6 %(u/s)time, 0.0 %gc (0x), 1.7 KiB/1.7 KiB (r/w)net
W210410 13:24:06.560787 229 kv/kvserver/store_raft.go:493 ⋮ [n1,s1,r35/1:‹/Table/{39-53}›] handle raft ready: 0.5s [applied=1, batches=1, state_assertions=0]
I210410 13:24:15.310382 60 server/status/runtime.go:525 ⋮ [n1] runtime stats: 139 MiB RSS, 214 goroutines, 39 MiB/17 MiB/58 MiB GO alloc/idle/total, 73 MiB/81 MiB CGO alloc/total, 0.1 CGO/sec, 2.0/0.6 %(u/s)time, 0.0 %gc (0x), 2.3 KiB/2.3 KiB (r/w)net
I210410 13:24:25.308910 60 server/status/runtime.go:525 ⋮ [n1] runtime stats: 139 MiB RSS, 214 goroutines, 31 MiB/24 MiB/58 MiB GO alloc/idle/total, 73 MiB/81 MiB CGO alloc/total, 0.1 CGO/sec, 3.3/1.0 %(u/s)time, 0.0 %gc (1x), 3.9 KiB/13 KiB (r/w)net
I210410 13:24:35.307726 60 server/status/runtime.go:525 ⋮ [n1] runtime stats: 139 MiB RSS, 215 goroutines, 39 MiB/17 MiB/58 MiB GO alloc/idle/total, 73 MiB/81 MiB CGO alloc/total, 0.1 CGO/sec, 2.0/1.1 %(u/s)time, 0.0 %gc (0x), 1.9 KiB/1.7 KiB (r/w)net
W210410 13:24:38.472050 225 kv/kvserver/store_raft.go:493 ⋮ [n1,s1,r4/1:‹/System{/tsd-tse}›] handle raft ready: 0.6s [applied=1, batches=1, state_assertions=0]
W210410 13:24:38.845843 62 kv/kvserver/node_liveness.go:748 ⋮ [n1,liveness-hb] slow heartbeat took 1.051714326s; err=<nil>
I210410 13:24:45.293205 56 gossip/gossip.go:568 ⋮ [n1] gossip status (ok, 1 node‹›)
gossip client (0/3 cur/max conns)
gossip server (0/3 cur/max conns, infos 0/0 sent/received, bytes 0B/0B sent/received)
I210410 13:24:45.310036 60 server/status/runtime.go:525 ⋮ [n1] runtime stats: 139 MiB RSS, 215 goroutines, 28 MiB/25 MiB/58 MiB GO alloc/idle/total, 73 MiB/81 MiB CGO alloc/total, 0.1 CGO/sec, 2.5/1.0 %(u/s)time, 0.0 %gc (1x), 2.3 KiB/2.3 KiB (r/w)net
I210410 13:24:55.310741 60 server/status/runtime.go:525 ⋮ [n1] runtime stats: 140 MiB RSS, 215 goroutines, 38 MiB/18 MiB/58 MiB GO alloc/idle/total, 73 MiB/81 MiB CGO alloc/total, 0.1 CGO/sec, 2.9/0.8 %(u/s)time, 0.0 %gc (0x), 1.7 KiB/1.7 KiB (r/w)net
I210410 13:25:05.310250 60 server/status/runtime.go:525 ⋮ [n1] runtime stats: 140 MiB RSS, 214 goroutines, 26 MiB/27 MiB/58 MiB GO alloc/idle/total, 73 MiB/81 MiB CGO alloc/total, 0.1 CGO/sec, 2.7/1.0 %(u/s)time, 0.0 %gc (1x), 1.7 KiB/1.7 KiB (r/w)net
I210410 13:25:15.310686 60 server/status/runtime.go:525 ⋮ [n1] runtime stats: 140 MiB RSS, 214 goroutines, 34 MiB/21 MiB/58 MiB GO alloc/idle/total, 73 MiB/81 MiB CGO alloc/total, 0.1 CGO/sec, 1.9/1.2 %(u/s)time, 0.0 %gc (0x), 2.3 KiB/2.3 KiB (r/w)net
I210410 13:25:25.311101 60 server/status/runtime.go:525 ⋮ [n1] runtime stats: 140 MiB RSS, 214 goroutines, 42 MiB/14 MiB/58 MiB GO alloc/idle/total, 73 MiB/81 MiB CGO alloc/total, 0.1 CGO/sec, 2.1/1.1 %(u/s)time, 0.0 %gc (0x), 1.7 KiB/1.7 KiB (r/w)net
W210410 13:25:28.325331 62 kv/kvserver/node_liveness.go:748 ⋮ [n1,liveness-hb] slow heartbeat took 1.031243677s; err=<nil>
I210410 13:25:35.311560 60 server/status/runtime.go:525 ⋮ [n1] runtime stats: 141 MiB RSS, 215 goroutines, 35 MiB/20 MiB/58 MiB GO alloc/idle/total, 73 MiB/81 MiB CGO alloc/total, 0.1 CGO/sec, 3.7/1.0 %(u/s)time, 0.0 %gc (1x), 3.9 KiB/12 KiB (r/w)net
I210410 13:25:45.293340 56 gossip/gossip.go:568 ⋮ [n1] gossip status (ok, 1 node‹›)
gossip client (0/3 cur/max conns)
gossip server (0/3 cur/max conns, infos 0/0 sent/received, bytes 0B/0B sent/received)
I210410 13:25:45.311783 60 server/status/runtime.go:525 ⋮ [n1] runtime stats: 141 MiB RSS, 215 goroutines, 43 MiB/13 MiB/58 MiB GO alloc/idle/total, 73 MiB/81 MiB CGO alloc/total, 0.1 CGO/sec, 2.2/1.0 %(u/s)time, 0.0 %gc (0x), 2.4 KiB/2.3 KiB (r/w)net
I210410 13:25:55.312167 60 server/status/runtime.go:525 ⋮ [n1] runtime stats: 142 MiB RSS, 215 goroutines, 35 MiB/20 MiB/59 MiB GO alloc/idle/total, 73 MiB/81 MiB CGO alloc/total, 0.1 CGO/sec, 3.6/0.9 %(u/s)time, 0.0 %gc (1x), 1.7 KiB/1.7 KiB (r/w)net
I210410 13:26:05.311938 60 server/status/runtime.go:525 ⋮ [n1] runtime stats: 142 MiB RSS, 214 goroutines, 23 MiB/30 MiB/57 MiB GO alloc/idle/total, 73 MiB/81 MiB CGO alloc/total, 0.1 CGO/sec, 3.4/1.0 %(u/s)time, 0.0 %gc (1x), 1.7 KiB/1.7 KiB (r/w)net
I210410 13:26:15.312418 60 server/status/runtime.go:525 ⋮ [n1] runtime stats: 142 MiB RSS, 214 goroutines, 32 MiB/23 MiB/57 MiB GO alloc/idle/total, 73 MiB/81 MiB CGO alloc/total, 0.1 CGO/sec, 2.4/1.1 %(u/s)time, 0.0 %gc (0x), 2.3 KiB/2.3 KiB (r/w)net
I210410 13:26:25.312750 60 server/status/runtime.go:525 ⋮ [n1] runtime stats: 143 MiB RSS, 214 goroutines, 22 MiB/31 MiB/57 MiB GO alloc/idle/total, 73 MiB/81 MiB CGO alloc/total, 0.1 CGO/sec, 2.2/1.0 %(u/s)time, 0.0 %gc (1x), 1.7 KiB/1.7 KiB (r/w)net
I210410 13:26:35.310389 60 server/status/runtime.go:525 ⋮ [n1] runtime stats: 143 MiB RSS, 215 goroutines, 31 MiB/23 MiB/57 MiB GO alloc/idle/total, 73 MiB/81 MiB CGO alloc/total, 0.1 CGO/sec, 1.6/1.2 %(u/s)time, 0.0 %gc (0x), 3.4 KiB/1.8 KiB (r/w)net
W210410 13:26:37.618746 246 kv/kvserver/store_raft.go:493 ⋮ [n1,s1,r3/1:‹/System/{NodeLive…-tsd}›] handle raft ready: 0.7s [applied=1, batches=1, state_assertions=0]
W210410 13:26:44.652788 210 kv/kvserver/store_raft.go:493 ⋮ [n1,s1,r2/1:‹/System/NodeLiveness{-Max}›] handle raft ready: 0.6s [applied=1, batches=1, state_assertions=0]
W210410 13:26:44.897552 62 kv/kvserver/node_liveness.go:748 ⋮ [n1,liveness-hb] slow heartbeat took 1.103501758s; err=<nil>
I210410 13:26:45.293259 56 gossip/gossip.go:568 ⋮ [n1] gossip status (ok, 1 node‹›)
gossip client (0/3 cur/max conns)
gossip server (0/3 cur/max conns, infos 0/0 sent/received, bytes 0B/0B sent/received)
I210410 13:26:45.312787 60 server/status/runtime.go:525 ⋮ [n1] runtime stats: 144 MiB RSS, 215 goroutines, 24 MiB/29 MiB/57 MiB GO alloc/idle/total, 73 MiB/81 MiB CGO alloc/total, 0.1 CGO/sec, 2.6/1.1 %(u/s)time, 0.0 %gc (1x), 4.4 KiB/13 KiB (r/w)net
I210410 13:26:55.313016 60 server/status/runtime.go:525 ⋮ [n1] runtime stats: 144 MiB RSS, 215 goroutines, 34 MiB/22 MiB/57 MiB GO alloc/idle/total, 73 MiB/81 MiB CGO alloc/total, 0.1 CGO/sec, 2.8/0.8 %(u/s)time, 0.0 %gc (0x), 1.8 KiB/1.7 KiB (r/w)net
I210410 13:27:05.313170 60 server/status/runtime.go:525 ⋮ [n1] runtime stats: 144 MiB RSS, 214 goroutines, 22 MiB/31 MiB/57 MiB GO alloc/idle/total, 73 MiB/81 MiB CGO alloc/total, 0.1 CGO/sec, 2.5/1.1 %(u/s)time, 0.0 %gc (1x), 1.7 KiB/1.7 KiB (r/w)net
I210410 13:27:15.313409 60 server/status/runtime.go:525 ⋮ [n1] runtime stats: 144 MiB RSS, 214 goroutines, 31 MiB/23 MiB/57 MiB GO alloc/idle/total, 73 MiB/81 MiB CGO alloc/total, 0.1 CGO/sec, 1.8/1.2 %(u/s)time, 0.0 %gc (0x), 2.3 KiB/2.3 KiB (r/w)net
I210410 13:27:25.313693 60 server/status/runtime.go:525 ⋮ [n1] runtime stats: 145 MiB RSS, 214 goroutines, 39 MiB/17 MiB/57 MiB GO alloc/idle/total, 73 MiB/81 MiB CGO alloc/total, 0.1 CGO/sec, 2.5/0.8 %(u/s)time, 0.0 %gc (0x), 1.7 KiB/1.7 KiB (r/w)net
I210410 13:27:35.313811 60 server/status/runtime.go:525 ⋮ [n1] runtime stats: 145 MiB RSS, 215 goroutines, 28 MiB/26 MiB/57 MiB GO alloc/idle/total, 73 MiB/81 MiB CGO alloc/total, 0.1 CGO/sec, 2.1/0.9 %(u/s)time, 0.0 %gc (1x), 1.6 KiB/1.6 KiB (r/w)net
I210410 13:27:45.293200 56 gossip/gossip.go:568 ⋮ [n1] gossip status (ok, 1 node‹›)
gossip client (0/3 cur/max conns)
gossip server (0/3 cur/max conns, infos 0/0 sent/received, bytes 0B/0B sent/received)
I210410 13:27:45.312407 60 server/status/runtime.go:525 ⋮ [n1] runtime stats: 146 MiB RSS, 217 goroutines, 39 MiB/17 MiB/57 MiB GO alloc/idle/total, 73 MiB/81 MiB CGO alloc/total, 0.1 CGO/sec, 2.3/1.0 %(u/s)time, 0.0 %gc (0x), 4.2 KiB/13 KiB (r/w)net
I210410 13:27:55.314837 60 server/status/runtime.go:525 ⋮ [n1] runtime stats: 146 MiB RSS, 215 goroutines, 29 MiB/26 MiB/57 MiB GO alloc/idle/total, 73 MiB/81 MiB CGO alloc/total, 0.1 CGO/sec, 3.5/1.2 %(u/s)time, 0.0 %gc (1x), 1.9 KiB/1.8 KiB (r/w)net
I210410 13:28:05.314830 60 server/status/runtime.go:525 ⋮ [n1] runtime stats: 146 MiB RSS, 214 goroutines, 38 MiB/19 MiB/57 MiB GO alloc/idle/total, 73 MiB/81 MiB CGO alloc/total, 0.1 CGO/sec, 2.0/0.9 %(u/s)time, 0.0 %gc (0x), 1.7 KiB/1.7 KiB (r/w)net
I210410 13:28:15.314727 60 server/status/runtime.go:525 ⋮ [n1] runtime stats: 146 MiB RSS, 214 goroutines, 26 MiB/27 MiB/57 MiB GO alloc/idle/total, 73 MiB/81 MiB CGO alloc/total, 0.1 CGO/sec, 2.1/1.0 %(u/s)time, 0.0 %gc (1x), 2.3 KiB/2.3 KiB (r/w)net
I210410 13:28:25.315062 60 server/status/runtime.go:525 ⋮ [n1] runtime stats: 146 MiB RSS, 215 goroutines, 34 MiB/21 MiB/57 MiB GO alloc/idle/total, 73 MiB/81 MiB CGO alloc/total, 0.1 CGO/sec, 2.2/0.9 %(u/s)time, 0.0 %gc (0x), 1.8 KiB/1.7 KiB (r/w)net
I210410 13:28:35.315180 60 server/status/runtime.go:525 ⋮ [n1] runtime stats: 146 MiB RSS, 215 goroutines, 41 MiB/15 MiB/57 MiB GO alloc/idle/total, 73 MiB/81 MiB CGO alloc/total, 0.1 CGO/sec, 1.5/1.2 %(u/s)time, 0.0 %gc (0x), 1.7 KiB/1.7 KiB (r/w)net
I210410 13:28:45.293244 56 gossip/gossip.go:568 ⋮ [n1] gossip status (ok, 1 node‹›)
gossip client (0/3 cur/max conns)
gossip server (0/3 cur/max conns, infos 0/0 sent/received, bytes 0B/0B sent/received)
I210410 13:28:45.316100 60 server/status/runtime.go:525 ⋮ [n1] runtime stats: 146 MiB RSS, 215 goroutines, 29 MiB/24 MiB/57 MiB GO alloc/idle/total, 73 MiB/81 MiB CGO alloc/total, 0.1 CGO/sec, 2.5/1.4 %(u/s)time, 0.0 %gc (1x), 2.3 KiB/2.3 KiB (r/w)net
W210410 13:28:49.444530 263 kv/kvserver/store_raft.go:493 ⋮ [n1,s1,r4/1:‹/System{/tsd-tse}›] handle raft ready: 1.2s [applied=1, batches=1, state_assertions=0]
I210410 13:28:55.313513 60 server/status/runtime.go:525 ⋮ [n1] runtime stats: 133 MiB RSS, 215 goroutines, 40 MiB/17 MiB/57 MiB GO alloc/idle/total, 73 MiB/81 MiB CGO alloc/total, 0.1 CGO/sec, 2.7/1.0 %(u/s)time, 0.0 %gc (0x), 1.7 KiB/1.7 KiB (r/w)net
W210410 13:29:00.079538 62 kv/kvserver/node_liveness.go:748 ⋮ [n1,liveness-hb] slow heartbeat took 1.285462283s; err=<nil>
I210410 13:29:05.315893 60 server/status/runtime.go:525 ⋮ [n1] runtime stats: 134 MiB RSS, 214 goroutines, 31 MiB/23 MiB/57 MiB GO alloc/idle/total, 73 MiB/81 MiB CGO alloc/total, 0.1 CGO/sec, 3.0/1.1 %(u/s)time, 0.0 %gc (1x), 4.0 KiB/12 KiB (r/w)net
I210410 13:29:15.316101 60 server/status/runtime.go:525 ⋮ [n1] runtime stats: 134 MiB RSS, 214 goroutines, 39 MiB/16 MiB/57 MiB GO alloc/idle/total, 73 MiB/81 MiB CGO alloc/total, 0.1 CGO/sec, 2.0/1.0 %(u/s)time, 0.0 %gc (0x), 2.3 KiB/2.3 KiB (r/w)net
I210410 13:29:25.317842 60 server/status/runtime.go:525 ⋮ [n1] runtime stats: 135 MiB RSS, 214 goroutines, 28 MiB/25 MiB/57 MiB GO alloc/idle/total, 73 MiB/81 MiB CGO alloc/total, 0.1 CGO/sec, 2.5/0.9 %(u/s)time, 0.0 %gc (1x), 1.7 KiB/1.7 KiB (r/w)net
I210410 13:29:35.316477 60 server/status/runtime.go:525 ⋮ [n1] runtime stats: 135 MiB RSS, 215 goroutines, 36 MiB/19 MiB/57 MiB GO alloc/idle/total, 73 MiB/81 MiB CGO alloc/total, 0.1 CGO/sec, 1.9/1.1 %(u/s)time, 0.0 %gc (0x), 1.7 KiB/1.7 KiB (r/w)net
I210410 13:29:45.293180 56 gossip/gossip.go:568 ⋮ [n1] gossip status (ok, 1 node‹›)
gossip client (0/3 cur/max conns)
gossip server (0/3 cur/max conns, infos 0/0 sent/received, bytes 0B/0B sent/received)
I210410 13:29:45.314523 60 server/status/runtime.go:525 ⋮ [n1] runtime stats: 136 MiB RSS, 215 goroutines, 25 MiB/28 MiB/57 MiB GO alloc/idle/total, 73 MiB/81 MiB CGO alloc/total, 0.1 CGO/sec, 2.9/1.1 %(u/s)time, 0.0 %gc (1x), 2.3 KiB/2.3 KiB (r/w)net
I210410 13:29:55.316898 60 server/status/runtime.go:525 ⋮ [n1] runtime stats: 136 MiB RSS, 216 goroutines, 35 MiB/21 MiB/57 MiB GO alloc/idle/total, 73 MiB/81 MiB CGO alloc/total, 0.1 CGO/sec, 2.3/1.3 %(u/s)time, 0.0 %gc (0x), 1.7 KiB/1.7 KiB (r/w)net
W210410 13:30:02.948853 62 kv/kvserver/node_liveness.go:748 ⋮ [n1,liveness-hb] slow heartbeat took 1.154723217s; err=<nil>
I210410 13:30:05.317211 60 server/status/runtime.go:525 ⋮ [n1] runtime stats: 136 MiB RSS, 214 goroutines, 26 MiB/28 MiB/57 MiB GO alloc/idle/total, 73 MiB/81 MiB CGO alloc/total, 0.1 CGO/sec, 2.8/1.0 %(u/s)time, 0.0 %gc (1x), 3.8 KiB/12 KiB (r/w)net
I210410 13:30:15.317778 60 server/status/runtime.go:525 ⋮ [n1] runtime stats: 137 MiB RSS, 214 goroutines, 34 MiB/22 MiB/57 MiB GO alloc/idle/total, 73 MiB/81 MiB CGO alloc/total, 0.1 CGO/sec, 2.0/1.0 %(u/s)time, 0.0 %gc (0x), 2.4 KiB/2.4 KiB (r/w)net
I210410 13:30:25.318000 60 server/status/runtime.go:525 ⋮ [n1] runtime stats: 137 MiB RSS, 214 goroutines, 25 MiB/28 MiB/57 MiB GO alloc/idle/total, 73 MiB/81 MiB CGO alloc/total, 0.1 CGO/sec, 2.7/0.9 %(u/s)time, 0.0 %gc (1x), 1.9 KiB/1.7 KiB (r/w)net
I210410 13:30:35.318353 60 server/status/runtime.go:525 ⋮ [n1] runtime stats: 137 MiB RSS, 215 goroutines, 33 MiB/22 MiB/57 MiB GO alloc/idle/total, 73 MiB/81 MiB CGO alloc/total, 0.1 CGO/sec, 2.0/0.9 %(u/s)time, 0.0 %gc (0x), 1.7 KiB/1.7 KiB (r/w)net
I210410 13:30:38.474027 1 cli/start.go:736 ⋮ received signal 'terminated'
I210410 13:30:38.618420 1 cli/start.go:821 ⋮ initiating graceful shutdown of server
I210410 13:30:40.135212 13828 server/drain.go:174 ⋮ [server drain process] drain remaining: 4
I210410 13:30:40.135357 13828 server/drain.go:176 ⋮ [server drain process] drain details: descriptor leases: 3, liveness record: 1
I210410 13:30:41.723302 13828 server/drain.go:174 ⋮ [server drain process] drain remaining: 0
I210410 13:30:41.723460 13828 util/stop/stopper.go:563 ⋮ [server drain process] quiescing
W210410 13:30:41.763467 207 sql/sqlliveness/slinstance/slinstance.go:182 ⋮ [n1] exiting heartbeat loop
W210410 13:30:41.747877 424 jobs/registry.go:675 ⋮ canceling all adopted jobs due to stopper quiescing
W210410 13:30:42.769928 630 vendor/google.golang.org/grpc/internal/channelz/logging.go:73 ⋮ ‹grpc: addrConn.createTransport failed to connect to {755e1052c718:26257  <nil> 0 <nil>}. Err: connection error: desc = "transport: Error while dialing cannot reuse client connection". Reconnecting...›
W210410 13:30:42.769939 166 vendor/google.golang.org/grpc/internal/channelz/logging.go:73 ⋮ ‹grpc: addrConn.createTransport failed to connect to {755e1052c718:26257  <nil> 0 <nil>}. Err: connection error: desc = "transport: Error while dialing loopback listener: mux: listener closed". Reconnecting...›
