I210410 15:30:09.622004 46 util/log/sync_buffer.go:195 ⋮ [config] file created at: 2021/04/10 15:30:09
I210410 15:30:09.622097 46 util/log/sync_buffer.go:195 ⋮ [config] running on machine: ‹755e1052c718›
I210410 15:30:09.622140 46 util/log/sync_buffer.go:195 ⋮ [config] binary: CockroachDB CCL v20.2.7 (x86_64-unknown-linux-gnu, built 2021/03/29 17:52:00, go1.13.14)
I210410 15:30:09.622201 46 util/log/sync_buffer.go:195 ⋮ [config] arguments: ‹[/cockroach/cockroach start-single-node --http-port 26256 --insecure]›
I210410 15:30:09.622291 46 util/log/sync_buffer.go:195 ⋮ [config] line format: [IWEF]yymmdd hh:mm:ss.uuuuuu goid file:line msg utf8=✓
I210410 15:30:09.618701 46 vendor/github.com/cockroachdb/pebble/version_set.go:142 ⋮ [n?] [JOB 1] MANIFEST created 000001
I210410 15:30:09.854369 46 vendor/github.com/cockroachdb/pebble/open.go:295 ⋮ [n?] [JOB 1] WAL created 000002
I210410 15:30:10.057199 100 vendor/github.com/cockroachdb/pebble/table_stats.go:118 ⋮ [n?] [JOB 2] all initial table stats loaded
I210410 15:30:10.238752 46 vendor/github.com/cockroachdb/pebble/compaction.go:1561 ⋮ [n?] [JOB 1] flushing: sstable created 000128
I210410 15:30:10.453870 46 vendor/github.com/cockroachdb/pebble/compaction.go:1561 ⋮ [n?] [JOB 1] flushing: sstable created 000129
I210410 15:30:10.695826 46 vendor/github.com/cockroachdb/pebble/open.go:295 ⋮ [n?] [JOB 1] WAL created 000130
I210410 15:30:10.884906 46 vendor/github.com/cockroachdb/pebble/version_set.go:442 ⋮ [n?] [JOB 1] MANIFEST created 000131
I210410 15:30:10.980194 46 vendor/github.com/cockroachdb/pebble/compaction.go:2300 ⋮ [n?] [JOB 1] WAL deleted 000123
I210410 15:30:10.981485 46 vendor/github.com/cockroachdb/pebble/compaction.go:2300 ⋮ [n?] [JOB 1] WAL deleted 000127
I210410 15:30:10.981724 46 vendor/github.com/cockroachdb/pebble/compaction.go:2307 ⋮ [n?] [JOB 1] MANIFEST deleted 000124
I210410 15:30:10.982356 155 vendor/github.com/cockroachdb/pebble/compaction.go:1371 ⋮ [n?] [JOB 3] compacting L0 [000128 000129] (118 K) + L6 [000126] (1.2 M)
I210410 15:30:10.983016 154 vendor/github.com/cockroachdb/pebble/table_stats.go:118 ⋮ [n?] [JOB 2] all initial table stats loaded
I210410 15:30:10.984756 155 vendor/github.com/cockroachdb/pebble/compaction.go:1561 ⋮ [n?] [JOB 3] compacting: sstable created 000133
I210410 15:30:11.726309 155 vendor/github.com/cockroachdb/pebble/compaction.go:1410 ⋮ [n1] [JOB 3] compacted L0 [000128 000129] (118 K) + L6 [000126] (1.2 M) -> L6 [000133] (1.2 M), in 0.7s, output rate 1.7 M/s
I210410 15:30:11.727170 155 vendor/github.com/cockroachdb/pebble/compaction.go:2314 ⋮ [n1] [JOB 3] sstable deleted 000126
I210410 15:30:11.727428 155 vendor/github.com/cockroachdb/pebble/compaction.go:2314 ⋮ [n1] [JOB 3] sstable deleted 000128
I210410 15:30:11.727581 155 vendor/github.com/cockroachdb/pebble/compaction.go:2314 ⋮ [n1] [JOB 3] sstable deleted 000129
I210410 15:30:12.706331 195 vendor/github.com/cockroachdb/pebble/db.go:1366 ⋮ [n1] [JOB 4] WAL created 000134
I210410 15:32:32.960439 196 vendor/github.com/cockroachdb/pebble/db.go:1366 ⋮ [n1] [JOB 5] WAL created 000135
