I210410 15:37:35.245252 1 util/log/sync_buffer.go:195 ⋮ [config] file created at: 2021/04/10 15:37:35
I210410 15:37:35.245355 1 util/log/sync_buffer.go:195 ⋮ [config] running on machine: ‹755e1052c718›
I210410 15:37:35.245407 1 util/log/sync_buffer.go:195 ⋮ [config] binary: CockroachDB CCL v20.2.7 (x86_64-unknown-linux-gnu, built 2021/03/29 17:52:00, go1.13.14)
I210410 15:37:35.245444 1 util/log/sync_buffer.go:195 ⋮ [config] arguments: ‹[/cockroach/cockroach start-single-node --http-port 26256 --insecure]›
I210410 15:37:35.245512 1 util/log/sync_buffer.go:195 ⋮ [config] line format: [IWEF]yymmdd hh:mm:ss.uuuuuu goid file:line msg utf8=✓
W210410 15:37:35.244272 1 cli/start.go:1143 ⋮ ALL SECURITY CONTROLS HAVE BEEN DISABLED!

This mode is intended for non-production testing only.

In this mode:
- Your cluster is open to any client that can access ‹any of your IP addresses›.
- Intruders with access to your machine or network can observe client-server traffic.
- Intruders can log in without password and read or write any data in the cluster.
- Intruders can consume all your server's resources and cause unavailability.
I210410 15:37:35.246071 1 cli/start.go:1153 ⋮ To start a secure server without mandating TLS for clients,
consider --accept-sql-without-tls instead. For other options, see:

- ‹https://go.crdb.dev/issue-v/53404/v20.2›
- https://www.cockroachlabs.com/docs/v20.2/secure-a-cluster.html
I210410 15:37:35.247877 1 server/status/recorder.go:605 ⋮ ‹available memory from cgroups (8.0 EiB) is unsupported, using system memory 7.6 GiB instead:›
W210410 15:37:35.248025 1 cli/start.go:987 ⋮ ‹Using the default setting for --cache (128 MiB).›
‹  A significantly larger value is usually needed for good performance.›
‹  If you have a dedicated server a reasonable setting is --cache=.25 (1.9 GiB).›
I210410 15:37:35.249132 1 server/status/recorder.go:605 ⋮ ‹available memory from cgroups (8.0 EiB) is unsupported, using system memory 7.6 GiB instead:›
I210410 15:37:35.249196 1 cli/start.go:1168 ⋮ ‹CockroachDB CCL v20.2.7 (x86_64-unknown-linux-gnu, built 2021/03/29 17:52:00, go1.13.14)›
I210410 15:37:35.252801 1 server/status/recorder.go:605 ⋮ ‹available memory from cgroups (8.0 EiB) is unsupported, using system memory 7.6 GiB instead:›
I210410 15:37:35.252850 1 server/config.go:428 ⋮ system total memory: ‹7.6 GiB›
I210410 15:37:35.252895 1 server/config.go:430 ⋮ server configuration:
‹max offset             500000000›
‹cache size             128 MiB›
‹SQL memory pool size   1.9 GiB›
‹scan interval          10m0s›
‹scan min idle time     10ms›
‹scan max idle time     1s›
‹event log enabled      true›
I210410 15:37:35.253006 1 cli/start.go:965 ⋮ using local environment variables: ‹COCKROACH_CHANNEL=official-docker›
I210410 15:37:35.253051 1 cli/start.go:972 ⋮ process identity: ‹uid 0 euid 0 gid 0 egid 0›
I210410 15:37:35.470558 1 cli/start.go:511 ⋮ GEOS loaded from directory ‹/usr/local/lib/cockroach›
I210410 15:37:35.470614 1 cli/start.go:516 ⋮ starting cockroach node
I210410 15:37:35.968872 28 server/server.go:790 ⋮ [n?] monitoring forward clock jumps based on server.clock.forward_jump_check_enabled
I210410 15:37:36.837749 28 server/config.go:619 ⋮ [n?] 1 storage engine‹› initialized
I210410 15:37:36.837782 28 server/config.go:622 ⋮ [n?] ‹Pebble cache size: 128 MiB›
I210410 15:37:36.837792 28 server/config.go:622 ⋮ [n?] ‹store 0: RocksDB, max size 0 B, max open file limit 1043576›
W210410 15:37:36.994237 28 cli/start.go:911 ⋮ neither --listen-addr nor --advertise-addr was specified.
The server will advertise ‹"755e1052c718"› to other nodes, is this routable?

Consider using:
- for local-only servers:  --listen-addr=localhost
- for multi-node clusters: --advertise-addr=<host/IP addr>
I210410 15:37:36.994293 61 server/server.go:1424 ⋮ [n?] connecting to gossip network to verify cluster ID ‹"dd9dc586-c756-4f4b-a9e5-9e23cf559418"›
I210410 15:37:36.994448 28 gossip/gossip.go:403 ⋮ [n1] NodeDescriptor set to ‹node_id:1 address:<network_field:"tcp" address_field:"755e1052c718:26257" > attrs:<> locality:<> ServerVersion:<major_val:20 minor_val:2 patch:0 unstable:0 > build_tag:"v20.2.7" started_at:1618069056994439591 cluster_name:"" sql_address:<network_field:"tcp" address_field:"755e1052c718:26257" >›
W210410 15:37:37.006023 248 kv/kvserver/replica_range_lease.go:556 ⋮ [n1,s1,r6/1:‹/Table/{SystemCon…-11}›] can't determine lease status of (n1,s1):1 due to node liveness error: node not in the liveness table
(1) attached stack trace
  -- stack trace:
  | github.com/cockroachdb/cockroach/pkg/kv/kvserver.init
  | 	/go/src/github.com/cockroachdb/cockroach/pkg/kv/kvserver/node_liveness.go:45
  | runtime.doInit
  | 	/usr/local/go/src/runtime/proc.go:5228
  | runtime.doInit
  | 	/usr/local/go/src/runtime/proc.go:5223
  | runtime.doInit
  | 	/usr/local/go/src/runtime/proc.go:5223
  | runtime.doInit
  | 	/usr/local/go/src/runtime/proc.go:5223
  | runtime.doInit
  | 	/usr/local/go/src/runtime/proc.go:5223
  | runtime.main
  | 	/usr/local/go/src/runtime/proc.go:190
  | runtime.goexit
  | 	/usr/local/go/src/runtime/asm_amd64.s:1357
Wraps: (2) node not in the liveness table
Error types: (1) *withstack.withStack (2) *errutil.leafError
I210410 15:37:37.006166 61 server/server.go:1427 ⋮ [n1] node connected via gossip
W210410 15:37:37.006257 248 kv/kvserver/store.go:1691 ⋮ [n1,s1,r6/1:‹/Table/{SystemCon…-11}›] could not gossip system config: ‹[NotLeaseHolderError] r6: replica (n1,s1):1 not lease holder; lease holder unknown›
(1) ‹[NotLeaseHolderError] r6: replica (n1,s1):1 not lease holder; lease holder unknown›
Error types: (1) *roachpb.NotLeaseHolderError
I210410 15:37:37.007408 28 server/node.go:430 ⋮ [n1] initialized store [n1,s1]: disk (capacity=196 GiB, available=4.3 GiB, used=6.5 MiB, logicalBytes=30 MiB), ranges=57, leases=0, queries=0.00, writes=0.00, bytesPerReplica={p10=0.00 p25=0.00 p50=0.00 p75=333.00 p90=51274.00 pMax=30688516.00}, writesPerReplica={p10=0.00 p25=0.00 p50=0.00 p75=0.00 p90=0.00 pMax=0.00}
I210410 15:37:37.007566 28 kv/kvserver/stores.go:236 ⋮ [n1] read 0 node addresses from persistent storage
W210410 15:37:37.058454 248 kv/kvserver/store.go:1691 ⋮ [n1,s1,r6/1:‹/Table/{SystemCon…-11}›] could not gossip system config: ‹[NotLeaseHolderError] r6: replica (n1,s1):1 not lease holder; lease holder unknown›
(1) ‹[NotLeaseHolderError] r6: replica (n1,s1):1 not lease holder; lease holder unknown›
Error types: (1) *roachpb.NotLeaseHolderError
I210410 15:37:37.152328 28 server/node.go:489 ⋮ [n1] started with engine type ‹2›
I210410 15:37:37.152575 28 server/node.go:491 ⋮ [n1] started with attributes ‹[]›
I210410 15:37:37.152848 28 server/goroutinedumper/goroutinedumper.go:120 ⋮ [n1] writing goroutine dumps to ‹/cockroach/cockroach-data/logs/goroutine_dump›
I210410 15:37:37.152960 28 server/heapprofiler/heapprofiler.go:49 ⋮ [n1] writing go heap profiles to ‹/cockroach/cockroach-data/logs/heap_profiler› at least every 1h0m0s
I210410 15:37:37.153063 28 server/heapprofiler/cgoprofiler.go:53 ⋮ [n1] to enable jmalloc profiling: "export MALLOC_CONF=prof:true" or "ln -s prof:true /etc/malloc.conf"
I210410 15:37:37.153121 28 server/heapprofiler/statsprofiler.go:54 ⋮ [n1] writing memory stats to ‹/cockroach/cockroach-data/logs/heap_profiler› at last every 1h0m0s
I210410 15:37:37.153215 28 server/server.go:1544 ⋮ [n1] starting http server at ‹[::]:26256› (use: ‹755e1052c718:26256›)
I210410 15:37:37.153299 28 server/server.go:1551 ⋮ [n1] starting grpc/postgres server at ‹[::]:26257›
I210410 15:37:37.153377 28 server/server.go:1552 ⋮ [n1] advertising CockroachDB node at ‹755e1052c718:26257›
I210410 15:37:38.734433 64 gossip/gossip.go:1508 ⋮ [n1] node has connected to cluster via gossip
I210410 15:37:38.948479 64 kv/kvserver/stores.go:255 ⋮ [n1] wrote 0 node addresses to persistent storage
I210410 15:37:39.196141 28 sql/sqlliveness/slinstance/slinstance.go:252 ⋮ [n1] starting SQL liveness instance
I210410 15:37:39.196556 295 sql/temporary_schema.go:510 ⋮ [n1] running temporary object cleanup background job
W210410 15:37:39.196544 213 kv/kvserver/store_raft.go:493 ⋮ [n1,s1,r4/1:‹/System{/tsd-tse}›] handle raft ready: 0.5s [applied=1, batches=1, state_assertions=0]
I210410 15:37:39.197417 28 server/server_sql.go:800 ⋮ [n1] done ensuring all necessary migrations have run
I210410 15:37:39.197502 28 server/server.go:1887 ⋮ [n1] serving sql connections
I210410 15:37:39.198032 28 cli/start.go:677 ⋮ [config] clusterID: ‹dd9dc586-c756-4f4b-a9e5-9e23cf559418›
I210410 15:37:39.198205 28 cli/start.go:687 ⋮ node startup completed:
CockroachDB node starting at 2021-04-10 15:37:39.197718594 +0000 UTC (took 4.0s)
build:               CCL v20.2.7 @ 2021/03/29 17:52:00 (go1.13.14)
webui:               ‹http://755e1052c718:26256›
sql:                 ‹postgresql://root@755e1052c718:26257?sslmode=disable›
RPC client flags:    ‹/cockroach/cockroach <client cmd> --host=755e1052c718:26257 --insecure›
logs:                ‹/cockroach/cockroach-data/logs›
temp dir:            ‹/cockroach/cockroach-data/cockroach-temp594743608›
external I/O path:   ‹/cockroach/cockroach-data/extern›
store[0]:            ‹path=/cockroach/cockroach-data›
storage engine:      pebble
status:              restarted pre-existing node
clusterID:           ‹dd9dc586-c756-4f4b-a9e5-9e23cf559418›
nodeID:              1
I210410 15:37:39.199417 453 jobs/job_scheduler.go:349 ⋮ [n1] waiting 4m0s before scheduled jobs daemon start
I210410 15:37:39.209584 454 server/server_update.go:55 ⋮ [n1] no need to upgrade, cluster already at the newest version
W210410 15:37:39.761981 201 kv/kvserver/store_raft.go:493 ⋮ [n1,s1,r27/1:‹/{NamespaceTab…-Table/32}›] handle raft ready: 0.6s [applied=2, batches=1, state_assertions=0]
W210410 15:37:39.762091 222 kv/kvserver/store_raft.go:493 ⋮ [n1,s1,r8/1:‹/Table/1{2-3}›] handle raft ready: 0.6s [applied=2, batches=1, state_assertions=0]
W210410 15:37:39.762429 227 kv/kvserver/store_raft.go:493 ⋮ [n1,s1,r31/1:‹/Table/3{5-6}›] handle raft ready: 0.6s [applied=2, batches=1, state_assertions=0]
W210410 15:37:39.762003 240 kv/kvserver/store_raft.go:493 ⋮ [n1,s1,r7/1:‹/Table/1{1-2}›] handle raft ready: 0.6s [applied=2, batches=1, state_assertions=0]
W210410 15:37:39.762657 226 kv/kvserver/store_raft.go:493 ⋮ [n1,s1,r26/1:‹/NamespaceTable/{30-Max}›] handle raft ready: 0.6s [applied=2, batches=1, state_assertions=0]
W210410 15:37:39.762814 213 kv/kvserver/store_raft.go:493 ⋮ [n1,s1,r4/1:‹/System{/tsd-tse}›] handle raft ready: 0.6s [applied=1, batches=1, state_assertions=0]
W210410 15:37:39.762925 223 kv/kvserver/store_raft.go:493 ⋮ [n1,s1,r35/1:‹/Table/{39-53}›] handle raft ready: 0.6s [applied=2, batches=1, state_assertions=0]
W210410 15:37:39.826380 235 kv/kvserver/store_raft.go:493 ⋮ [n1,s1,r20/1:‹/Table/2{4-5}›] handle raft ready: 0.6s [applied=2, batches=1, state_assertions=0]
W210410 15:37:40.419856 475 kv/kvserver/node_liveness.go:748 ⋮ [n1,s1,r27/1:‹/{NamespaceTab…-Table/32}›] slow heartbeat took 1.21768899s; err=<nil>
I210410 15:37:40.421756 295 sql/temporary_schema.go:545 ⋮ [n1] found 0 temporary schemas
I210410 15:37:40.421851 295 sql/temporary_schema.go:548 ⋮ [n1] early exiting temporary schema cleaner as no temporary schemas were found
I210410 15:37:40.421904 295 sql/temporary_schema.go:549 ⋮ [n1] completed temporary object cleanup job
I210410 15:37:40.421944 295 sql/temporary_schema.go:627 ⋮ [n1] temporary object cleaner next scheduled to run at 2021-04-10 16:07:39.196345665 +0000 UTC
W210410 15:37:40.664875 483 kv/kvserver/node_liveness.go:748 ⋮ [n1,s1,r31/1:‹/Table/3{5-6}›] slow heartbeat took 1.462701602s; err=<nil>
W210410 15:37:40.920979 499 kv/kvserver/node_liveness.go:748 ⋮ [n1,s1,r8/1:‹/Table/1{2-3}›] slow heartbeat took 1.718585076s; err=<nil>
W210410 15:37:40.954696 269 kv/kvserver/node_liveness.go:748 ⋮ [n1,s1,r7/1:‹/Table/1{1-2}›] slow heartbeat took 1.751327896s; err=<nil>
W210410 15:37:41.209595 440 kv/kvserver/node_liveness.go:748 ⋮ [n1,s1,r35/1:‹/Table/{39-53}›] slow heartbeat took 2.005737644s; err=<nil>
I210410 15:37:41.557020 291 sql/event_log.go:162 ⋮ [n1] Event: ‹"node_restart"›, target: 1, info: ‹{Descriptor:{NodeID:1 Address:755e1052c718:26257 Attrs: Locality: ServerVersion:20.2 BuildTag:v20.2.7 StartedAt:1618069056994439591 LocalityAddress:[] ClusterName: SQLAddress:755e1052c718:26257} ClusterID:dd9dc586-c756-4f4b-a9e5-9e23cf559418 StartedAt:1618069056994439591 LastUp:1618069027577157909}›
I210410 15:37:41.893003 293 sql/sqlliveness/slstorage/slstorage.go:348 ⋮ [n1] inserted sqlliveness session ‹8abbae819b664c9e88380e61b36c6f03›
I210410 15:37:41.893186 293 sql/sqlliveness/slinstance/slinstance.go:143 ⋮ [n1] created new SQL liveness session ‹8abbae819b664c9e88380e61b36c6f03›
I210410 15:37:47.157092 46 server/status/runtime.go:525 ⋮ [n1] runtime stats: 133 MiB RSS, 207 goroutines, 23 MiB/34 MiB/42 MiB GO alloc/idle/total, 17 MiB/27 MiB CGO alloc/total, 0.0 CGO/sec, 0.0/0.0 %(u/s)time, 0.0 %gc (15x), 21 KiB/37 KiB (r/w)net
I210410 15:37:57.157028 41 kv/kvserver/store.go:2625 ⋮ [n1,s1] sstables (read amplification = 1):
‹6 [ 1M 1 ]: 1M›
I210410 15:37:57.157439 41 kv/kvserver/store.go:2626 ⋮ [n1,s1] ‹›
‹__level_____count____size___score______in__ingest(sz_cnt)____move(sz_cnt)___write(sz_cnt)____read___r-amp___w-amp›
‹    WAL         2   537 K       -   534 K       -       -       -       -   537 K       -       -       -     1.0›
‹      0         0     0 B    0.00     0 B     0 B       0     0 B       0     0 B       0     0 B       0     0.0›
‹      1         0     0 B    0.00     0 B     0 B       0     0 B       0     0 B       0     0 B       0     0.0›
‹      2         0     0 B    0.00     0 B     0 B       0     0 B       0     0 B       0     0 B       0     0.0›
‹      3         0     0 B    0.00     0 B     0 B       0     0 B       0     0 B       0     0 B       0     0.0›
‹      4         0     0 B    0.00     0 B     0 B       0     0 B       0     0 B       0     0 B       0     0.0›
‹      5         0     0 B    0.00     0 B     0 B       0     0 B       0     0 B       0     0 B       0     0.0›
‹      6         1   1.3 M       -   145 K     0 B       0     0 B       0   1.3 M       1   1.4 M       1     9.0›
‹  total         1   1.3 M       -   537 K     0 B       0     0 B       0   1.8 M       1   1.4 M       1     3.4›
‹  flush         0›
‹compact         1     0 B          (size == estimated-debt)›
‹ memtbl         2   8.3 M›
‹zmemtbl         0     0 B›
‹   ztbl         0     0 B›
‹ bcache        30  1020 K   93.3%  (score == hit-rate)›
‹ tcache         1   616 B   99.8%  (score == hit-rate)›
‹ titers         0›
‹ filter         -       -   78.5%  (score == utility)›
I210410 15:37:57.157639 46 server/status/runtime.go:525 ⋮ [n1] runtime stats: 137 MiB RSS, 208 goroutines, 18 MiB/36 MiB/45 MiB GO alloc/idle/total, 17 MiB/27 MiB CGO alloc/total, 12.2 CGO/sec, 2.4/1.9 %(u/s)time, 0.0 %gc (1x), 381 B/108 B (r/w)net
I210410 15:37:57.606862 292 sql/sqlliveness/slstorage/slstorage.go:326 ⋮ [n1] deleted 1 expired SQL liveness sessions
W210410 15:38:02.749590 183 kv/kvserver/store_raft.go:493 ⋮ [n1,s1,r77/1:‹/Table/6{5-6}›] handle raft ready: 0.5s [applied=2, batches=1, state_assertions=0]
W210410 15:38:03.906584 240 kv/kvserver/store_raft.go:493 ⋮ [n1,s1,r19/1:‹/Table/2{3-4}›] handle raft ready: 0.7s [applied=2, batches=1, state_assertions=0]
I210410 15:38:07.157544 46 server/status/runtime.go:525 ⋮ [n1] runtime stats: 138 MiB RSS, 207 goroutines, 26 MiB/30 MiB/45 MiB GO alloc/idle/total, 17 MiB/27 MiB CGO alloc/total, 0.5 CGO/sec, 2.2/1.1 %(u/s)time, 0.0 %gc (0x), 273 B/0 B (r/w)net
I210410 15:38:17.158608 46 server/status/runtime.go:525 ⋮ [n1] runtime stats: 142 MiB RSS, 208 goroutines, 22 MiB/32 MiB/47 MiB GO alloc/idle/total, 17 MiB/27 MiB CGO alloc/total, 0.1 CGO/sec, 2.7/1.2 %(u/s)time, 0.0 %gc (1x), 66 B/66 B (r/w)net
I210410 15:38:27.157742 46 server/status/runtime.go:525 ⋮ [n1] runtime stats: 143 MiB RSS, 209 goroutines, 30 MiB/26 MiB/47 MiB GO alloc/idle/total, 17 MiB/27 MiB CGO alloc/total, 0.1 CGO/sec, 2.0/1.2 %(u/s)time, 0.0 %gc (0x), 66 B/66 B (r/w)net
W210410 15:38:32.227648 48 kv/kvserver/node_liveness.go:748 ⋮ [n1,liveness-hb] slow heartbeat took 1.073697618s; err=<nil>
I210410 15:38:37.153052 42 gossip/gossip.go:568 ⋮ [n1] gossip status (ok, 1 node‹›)
gossip client (0/3 cur/max conns)
gossip server (0/3 cur/max conns, infos 0/0 sent/received, bytes 0B/0B sent/received)
gossip connectivity
  n1 [sentinel];
I210410 15:38:37.158256 46 server/status/runtime.go:525 ⋮ [n1] runtime stats: 147 MiB RSS, 209 goroutines, 23 MiB/31 MiB/51 MiB GO alloc/idle/total, 17 MiB/27 MiB CGO alloc/total, 0.5 CGO/sec, 2.9/0.9 %(u/s)time, 0.0 %gc (1x), 112 B/42 B (r/w)net
W210410 15:38:38.703716 203 kv/kvserver/store_raft.go:493 ⋮ [n1,s1,r2/1:‹/System/NodeLiveness{-Max}›] handle raft ready: 0.5s [applied=1, batches=1, state_assertions=0]
W210410 15:38:39.048839 208 kv/kvserver/store_raft.go:493 ⋮ [n1,s1,r24/1:‹/Table/2{8-9}›] handle raft ready: 0.6s [applied=1, batches=1, state_assertions=0]
W210410 15:38:39.561382 181 kv/kvserver/store_raft.go:493 ⋮ [n1,s1,r24/1:‹/Table/2{8-9}›] handle raft ready: 0.5s [applied=2, batches=1, state_assertions=0]
W210410 15:38:40.307449 1414 kv/kvserver/node_liveness.go:748 ⋮ [n1,s1,r16/1:‹/Table/2{0-1}›] slow heartbeat took 1.103532546s; err=<nil>
W210410 15:38:40.781187 180 kv/kvserver/store_raft.go:493 ⋮ [n1,s1,r35/1:‹/Table/{39-53}›] handle raft ready: 0.6s [applied=1, batches=1, state_assertions=0]
W210410 15:38:40.952917 226 kv/kvserver/store_raft.go:493 ⋮ [n1,s1,r1/1:‹/{Min-System/NodeL…}›] handle raft ready: 0.6s [applied=1, batches=1, state_assertions=0]
W210410 15:38:40.952934 185 kv/kvserver/store_raft.go:493 ⋮ [n1,s1,r24/1:‹/Table/2{8-9}›] handle raft ready: 0.6s [applied=1, batches=1, state_assertions=0]
W210410 15:38:40.953115 233 kv/kvserver/store_raft.go:493 ⋮ [n1,s1,r16/1:‹/Table/2{0-1}›] handle raft ready: 0.6s [applied=1, batches=1, state_assertions=0]
W210410 15:38:41.567407 48 kv/kvserver/node_liveness.go:748 ⋮ [n1,liveness-hb] slow heartbeat took 1.413580347s; err=<nil>
W210410 15:38:41.700887 1368 kv/kvserver/node_liveness.go:748 ⋮ [n1,s1,r22/1:‹/Table/2{6-7}›] slow heartbeat took 1.392004302s; err=<nil>
W210410 15:38:45.328429 210 kv/kvserver/store_raft.go:493 ⋮ [n1,s1,r1/1:‹/{Min-System/NodeL…}›] handle raft ready: 0.7s [applied=1, batches=1, state_assertions=0]
W210410 15:38:45.497195 187 kv/kvserver/store_raft.go:493 ⋮ [n1,s1,r35/1:‹/Table/{39-53}›] handle raft ready: 0.7s [applied=1, batches=1, state_assertions=0]
W210410 15:38:45.497461 180 kv/kvserver/store_raft.go:493 ⋮ [n1,s1,r2/1:‹/System/NodeLiveness{-Max}›] handle raft ready: 0.7s [applied=1, batches=1, state_assertions=0]
W210410 15:38:45.855508 48 kv/kvserver/node_liveness.go:748 ⋮ [n1,liveness-hb] slow heartbeat took 1.201688634s; err=<nil>
I210410 15:38:47.158910 46 server/status/runtime.go:525 ⋮ [n1] runtime stats: 148 MiB RSS, 207 goroutines, 20 MiB/33 MiB/51 MiB GO alloc/idle/total, 17 MiB/27 MiB CGO alloc/total, 0.1 CGO/sec, 4.1/1.5 %(u/s)time, 0.0 %gc (1x), 377 B/174 B (r/w)net
W210410 15:38:51.465285 182 kv/kvserver/store_raft.go:493 ⋮ [n1,s1,r35/1:‹/Table/{39-53}›] handle raft ready: 0.5s [applied=2, batches=1, state_assertions=0]
W210410 15:38:51.773876 179 kv/kvserver/store_raft.go:493 ⋮ [n1,s1,r1/1:‹/{Min-System/NodeL…}›] handle raft ready: 0.5s [applied=1, batches=1, state_assertions=0]
W210410 15:38:51.976531 210 kv/kvserver/store_raft.go:493 ⋮ [n1,s1,r35/1:‹/Table/{39-53}›] handle raft ready: 0.5s [applied=1, batches=1, state_assertions=0]
I210410 15:38:57.159678 46 server/status/runtime.go:525 ⋮ [n1] runtime stats: 149 MiB RSS, 207 goroutines, 28 MiB/27 MiB/51 MiB GO alloc/idle/total, 17 MiB/27 MiB CGO alloc/total, 0.1 CGO/sec, 2.4/1.3 %(u/s)time, 0.0 %gc (0x), 66 B/66 B (r/w)net
W210410 15:38:58.657196 232 kv/kvserver/store_raft.go:493 ⋮ [n1,s1,r1/1:‹/{Min-System/NodeL…}›] handle raft ready: 0.7s [applied=1, batches=1, state_assertions=0]
W210410 15:38:59.500553 232 kv/kvserver/store_raft.go:493 ⋮ [n1,s1,r1/1:‹/{Min-System/NodeL…}›] handle raft ready: 0.8s [applied=1, batches=1, state_assertions=0]
W210410 15:38:59.995425 180 kv/kvserver/store_raft.go:493 ⋮ [n1,s1,r3/1:‹/System/{NodeLive…-tsd}›] handle raft ready: 0.8s [applied=1, batches=1, state_assertions=0]
W210410 15:38:59.995752 242 kv/kvserver/store_raft.go:493 ⋮ [n1,s1,r2/1:‹/System/NodeLiveness{-Max}›] handle raft ready: 1.1s [applied=1, batches=1, state_assertions=0]
W210410 15:39:00.000423 201 kv/kvserver/store_raft.go:493 ⋮ [n1,s1,r4/1:‹/System{/tsd-tse}›] handle raft ready: 0.8s [applied=1, batches=1, state_assertions=0]
W210410 15:39:00.996361 48 kv/kvserver/node_liveness.go:748 ⋮ [n1,liveness-hb] slow heartbeat took 2.842394804s; err=<nil>
W210410 15:39:00.996463 201 kv/kvserver/store_raft.go:493 ⋮ [n1,s1,r4/1:‹/System{/tsd-tse}›] handle raft ready: 1.0s [applied=1, batches=1, state_assertions=0]
W210410 15:39:00.996623 242 kv/kvserver/store_raft.go:493 ⋮ [n1,s1,r2/1:‹/System/NodeLiveness{-Max}›] handle raft ready: 1.0s [applied=2, batches=2, state_assertions=0]
W210410 15:39:02.843233 228 kv/kvserver/store_raft.go:493 ⋮ [n1,s1,r35/1:‹/Table/{39-53}›] handle raft ready: 0.6s [applied=2, batches=1, state_assertions=0]
W210410 15:39:03.077399 231 kv/kvserver/store_raft.go:493 ⋮ [n1,s1,r1/1:‹/{Min-System/NodeL…}›] handle raft ready: 0.6s [applied=1, batches=1, state_assertions=0]
W210410 15:39:03.772600 48 kv/kvserver/node_liveness.go:748 ⋮ [n1,liveness-hb] slow heartbeat took 1.118708992s; err=<nil>
I210410 15:39:07.159635 46 server/status/runtime.go:525 ⋮ [n1] runtime stats: 149 MiB RSS, 207 goroutines, 21 MiB/32 MiB/51 MiB GO alloc/idle/total, 17 MiB/27 MiB CGO alloc/total, 0.1 CGO/sec, 2.9/1.0 %(u/s)time, 0.0 %gc (1x), 852 B/0 B (r/w)net
W210410 15:39:08.184123 225 kv/kvserver/store_raft.go:493 ⋮ [n1,s1,r2/1:‹/System/NodeLiveness{-Max}›] handle raft ready: 0.6s [applied=2, batches=2, state_assertions=0]
W210410 15:39:08.487261 48 kv/kvserver/node_liveness.go:748 ⋮ [n1,liveness-hb] slow heartbeat took 1.333363021s; err=<nil>
W210410 15:39:08.487362 207 kv/kvserver/store_raft.go:493 ⋮ [n1,s1,r35/1:‹/Table/{39-53}›] handle raft ready: 0.6s [applied=1, batches=1, state_assertions=0]
W210410 15:39:09.331337 237 kv/kvserver/store_raft.go:493 ⋮ [n1,s1,r35/1:‹/Table/{39-53}›] handle raft ready: 0.5s [applied=1, batches=1, state_assertions=0]
W210410 15:39:10.273356 216 kv/kvserver/store_raft.go:493 ⋮ [n1,s1,r1/1:‹/{Min-System/NodeL…}›] handle raft ready: 1.0s [applied=1, batches=1, state_assertions=0]
W210410 15:39:10.273432 196 kv/kvserver/store_raft.go:493 ⋮ [n1,s1,r3/1:‹/System/{NodeLive…-tsd}›] handle raft ready: 1.1s [applied=1, batches=1, state_assertions=0]
W210410 15:39:10.276443 214 kv/kvserver/store_raft.go:493 ⋮ [n1,s1,r4/1:‹/System{/tsd-tse}›] handle raft ready: 1.1s [applied=1, batches=1, state_assertions=0]
W210410 15:39:10.966176 237 kv/kvserver/store_raft.go:493 ⋮ [n1,s1,r35/1:‹/Table/{39-53}›] handle raft ready: 1.6s [applied=1, batches=1, state_assertions=0]
W210410 15:39:12.958032 196 kv/kvserver/store_raft.go:493 ⋮ [n1,s1,r3/1:‹/System/{NodeLive…-tsd}›] handle raft ready: 2.7s [applied=1, batches=1, state_assertions=0]
W210410 15:39:12.958035 214 kv/kvserver/store_raft.go:493 ⋮ [n1,s1,r4/1:‹/System{/tsd-tse}›] handle raft ready: 2.7s [applied=1, batches=1, state_assertions=0]
W210410 15:39:12.958025 216 kv/kvserver/store_raft.go:493 ⋮ [n1,s1,r1/1:‹/{Min-System/NodeL…}›] handle raft ready: 2.7s [applied=1, batches=1, state_assertions=0]
W210410 15:39:14.228123 214 kv/kvserver/store_raft.go:493 ⋮ [n1,s1,r4/1:‹/System{/tsd-tse}›] handle raft ready: 1.3s [applied=1, batches=1, state_assertions=0]
W210410 15:39:14.228142 196 kv/kvserver/store_raft.go:493 ⋮ [n1,s1,r3/1:‹/System/{NodeLive…-tsd}›] handle raft ready: 1.3s [applied=1, batches=1, state_assertions=0]
W210410 15:39:16.634764 65 kv/kvserver/closedts/provider/provider.go:155 ⋮ [ct-closer] unable to move closed timestamp forward: not live
(1) attached stack trace
  -- stack trace:
  | github.com/cockroachdb/cockroach/pkg/kv/kvserver.init
  | 	/go/src/github.com/cockroachdb/cockroach/pkg/kv/kvserver/node_liveness.go:61
  | runtime.doInit
  | 	/usr/local/go/src/runtime/proc.go:5228
  | runtime.doInit
  | 	/usr/local/go/src/runtime/proc.go:5223
  | runtime.doInit
  | 	/usr/local/go/src/runtime/proc.go:5223
  | runtime.doInit
  | 	/usr/local/go/src/runtime/proc.go:5223
  | runtime.doInit
  | 	/usr/local/go/src/runtime/proc.go:5223
  | runtime.main
  | 	/usr/local/go/src/runtime/proc.go:190
  | runtime.goexit
  | 	/usr/local/go/src/runtime/asm_amd64.s:1357
Wraps: (2) not live
Error types: (1) *withstack.withStack (2) *errutil.leafError
W210410 15:39:16.706923 187 kv/kvserver/store_raft.go:493 ⋮ [n1,s1,r1/1:‹/{Min-System/NodeL…}›] handle raft ready: 3.0s [applied=1, batches=1, state_assertions=0]
W210410 15:39:16.706961 179 kv/kvserver/store_raft.go:493 ⋮ [n1,s1,r2/1:‹/System/NodeLiveness{-Max}›] handle raft ready: 3.1s [applied=1, batches=1, state_assertions=0]
W210410 15:39:16.707080 182 kv/kvserver/store_raft.go:493 ⋮ [n1,s1,r35/1:‹/Table/{39-53}›] handle raft ready: 2.9s [applied=1, batches=1, state_assertions=0]
I210410 15:39:16.707258 48 kv/kvserver/node_liveness.go:1131 ⋮ [n1,liveness-hb] retrying liveness update after ‹kvserver.errRetryLiveness›: ‹result is ambiguous (context deadline exceeded)›
W210410 15:39:16.707514 48 kv/kvserver/node_liveness.go:748 ⋮ [n1,liveness-hb] slow heartbeat took 5.053591545s; err=context deadline exceeded
W210410 15:39:16.707601 48 kv/kvserver/node_liveness.go:650 ⋮ [n1,liveness-hb] failed node liveness heartbeat: ‹operation "node liveness heartbeat" timed out after 4.5s›
(1) ‹operation "node liveness heartbeat" timed out after 4.5s›
Wraps: (2) context deadline exceeded
Error types: (1) *contextutil.TimeoutError (2) context.deadlineExceededError

An inability to maintain liveness will prevent a node from participating in a
cluster. If this problem persists, it may be a sign of resource starvation or
of network connectivity problems. For help troubleshooting, visit:

    https://www.cockroachlabs.com/docs/stable/cluster-setup-troubleshooting.html#node-liveness-issues

I210410 15:39:17.158737 46 server/status/runtime.go:525 ⋮ [n1] runtime stats: 150 MiB RSS, 215 goroutines, 30 MiB/26 MiB/51 MiB GO alloc/idle/total, 17 MiB/27 MiB CGO alloc/total, 0.1 CGO/sec, 2.4/0.8 %(u/s)time, 0.0 %gc (0x), 66 B/66 B (r/w)net
W210410 15:39:18.787048 187 kv/kvserver/store_raft.go:493 ⋮ [n1,s1,r1/1:‹/{Min-System/NodeL…}›] handle raft ready: 2.1s [applied=1, batches=1, state_assertions=0]
W210410 15:39:19.154451 182 kv/kvserver/store_raft.go:493 ⋮ [n1,s1,r35/1:‹/Table/{39-53}›] handle raft ready: 2.4s [applied=2, batches=1, state_assertions=0]
W210410 15:39:19.154619 179 kv/kvserver/store_raft.go:493 ⋮ [n1,s1,r2/1:‹/System/NodeLiveness{-Max}›] handle raft ready: 2.4s [applied=2, batches=2, state_assertions=0]
W210410 15:39:19.607078 187 kv/kvserver/store_raft.go:493 ⋮ [n1,s1,r1/1:‹/{Min-System/NodeL…}›] handle raft ready: 0.8s [applied=1, batches=1, state_assertions=0]
W210410 15:39:20.056422 224 kv/kvserver/store_raft.go:493 ⋮ [n1,s1,r35/1:‹/Table/{39-53}›] handle raft ready: 0.9s [applied=1, batches=1, state_assertions=0]
W210410 15:39:20.056551 209 kv/kvserver/store_raft.go:493 ⋮ [n1,s1,r3/1:‹/System/{NodeLive…-tsd}›] handle raft ready: 0.8s [applied=1, batches=1, state_assertions=0]
W210410 15:39:20.056769 180 kv/kvserver/store_raft.go:493 ⋮ [n1,s1,r2/1:‹/System/NodeLiveness{-Max}›] handle raft ready: 0.9s [applied=1, batches=1, state_assertions=0]
I210410 15:39:20.056985 1906 kv/txn.go:750 ⋮ [n1] async rollback failed: ‹result is ambiguous (context deadline exceeded)›
W210410 15:39:20.061696 225 kv/kvserver/store_raft.go:493 ⋮ [n1,s1,r4/1:‹/System{/tsd-tse}›] handle raft ready: 0.8s [applied=1, batches=1, state_assertions=0]
W210410 15:39:20.866406 180 kv/kvserver/store_raft.go:493 ⋮ [n1,s1,r2/1:‹/System/NodeLiveness{-Max}›] handle raft ready: 0.8s [applied=2, batches=1, state_assertions=0]
W210410 15:39:20.866368 209 kv/kvserver/store_raft.go:493 ⋮ [n1,s1,r3/1:‹/System/{NodeLive…-tsd}›] handle raft ready: 0.8s [applied=1, batches=1, state_assertions=0]
W210410 15:39:20.866368 225 kv/kvserver/store_raft.go:493 ⋮ [n1,s1,r4/1:‹/System{/tsd-tse}›] handle raft ready: 0.8s [applied=1, batches=1, state_assertions=0]
W210410 15:39:21.208045 48 kv/kvserver/node_liveness.go:748 ⋮ [n1,liveness-hb] slow heartbeat took 4.500288737s; err=context deadline exceeded
W210410 15:39:21.208278 48 kv/kvserver/node_liveness.go:650 ⋮ [n1,liveness-hb] failed node liveness heartbeat: ‹operation "node liveness heartbeat" timed out after 4.5s›
(1) ‹operation "node liveness heartbeat" timed out after 4.5s›
Wraps: (2) context deadline exceeded
Error types: (1) *contextutil.TimeoutError (2) context.deadlineExceededError

An inability to maintain liveness will prevent a node from participating in a
cluster. If this problem persists, it may be a sign of resource starvation or
of network connectivity problems. For help troubleshooting, visit:

    https://www.cockroachlabs.com/docs/stable/cluster-setup-troubleshooting.html#node-liveness-issues

W210410 15:39:21.326052 224 kv/kvserver/store_raft.go:493 ⋮ [n1,s1,r35/1:‹/Table/{39-53}›] handle raft ready: 0.8s [applied=1, batches=1, state_assertions=0]
W210410 15:39:21.949581 210 kv/kvserver/store_raft.go:493 ⋮ [n1,s1,r2/1:‹/System/NodeLiveness{-Max}›] handle raft ready: 1.1s [applied=1, batches=1, state_assertions=0]
W210410 15:39:21.949686 225 kv/kvserver/store_raft.go:493 ⋮ [n1,s1,r4/1:‹/System{/tsd-tse}›] handle raft ready: 1.1s [applied=1, batches=1, state_assertions=0]
W210410 15:39:21.949832 1863 kv/kvserver/node_liveness.go:748 ⋮ [n1,s1,r35/1:‹/Table/{39-53}›] slow heartbeat took 5.242112424s; err=heartbeat failed on epoch increment
E210410 15:39:21.950021 1863 kv/kvserver/replica_range_lease.go:340 ⋮ [n1,s1,r35/1:‹/Table/{39-53}›] heartbeat failed on epoch increment
W210410 15:39:22.839538 1923 kv/kvserver/node_liveness.go:748 ⋮ [n1,s1,r36/1:‹/Table/5{3-4}›] slow heartbeat took 5.800531246s; err=heartbeat failed on epoch increment
E210410 15:39:22.839758 1923 kv/kvserver/replica_range_lease.go:340 ⋮ [n1,s1,r36/1:‹/Table/5{3-4}›] heartbeat failed on epoch increment
W210410 15:39:23.608774 228 kv/kvserver/store_raft.go:493 ⋮ [n1,s1,r1/1:‹/{Min-System/NodeL…}›] handle raft ready: 0.6s [applied=1, batches=1, state_assertions=0]
W210410 15:39:24.057641 237 kv/kvserver/store_raft.go:493 ⋮ [n1,s1,r2/1:‹/System/NodeLiveness{-Max}›] handle raft ready: 0.8s [applied=1, batches=1, state_assertions=0]
W210410 15:39:24.389316 48 kv/kvserver/node_liveness.go:748 ⋮ [n1,liveness-hb] slow heartbeat took 3.180803945s; err=<nil>
W210410 15:39:24.389236 1918 kv/kvserver/node_liveness.go:748 ⋮ [n1,s1,r6/1:‹/Table/{SystemCon…-11}›] slow heartbeat took 3.443117543s; err=<nil>
W210410 15:39:24.389405 1920 kv/kvserver/node_liveness.go:748 ⋮ [n1,s1,r84/1:‹/Table/6{8-9}›] slow heartbeat took 1.549331549s; err=<nil>
W210410 15:39:24.848397 237 kv/kvserver/store_raft.go:493 ⋮ [n1,s1,r2/1:‹/System/NodeLiveness{-Max}›] handle raft ready: 0.8s [applied=1, batches=1, state_assertions=0]
W210410 15:39:24.848495 222 kv/kvserver/store_raft.go:493 ⋮ [n1,s1,r35/1:‹/Table/{39-53}›] handle raft ready: 0.7s [applied=1, batches=1, state_assertions=0]
W210410 15:39:24.957431 235 kv/kvserver/store_raft.go:493 ⋮ [n1,s1,r84/1:‹/Table/6{8-9}›] handle raft ready: 0.6s [applied=1, batches=1, state_assertions=0]
W210410 15:39:24.957804 221 kv/kvserver/store_raft.go:493 ⋮ [n1,s1,r6/1:‹/Table/{SystemCon…-11}›] handle raft ready: 0.6s [applied=1, batches=1, state_assertions=0]
W210410 15:39:25.425661 222 kv/kvserver/store_raft.go:493 ⋮ [n1,s1,r35/1:‹/Table/{39-53}›] handle raft ready: 0.6s [applied=1, batches=1, state_assertions=0]
W210410 15:39:25.949375 221 kv/kvserver/store_raft.go:493 ⋮ [n1,s1,r6/1:‹/Table/{SystemCon…-11}›] handle raft ready: 1.0s [applied=1, batches=1, state_assertions=0]
W210410 15:39:26.317613 220 kv/kvserver/store_raft.go:493 ⋮ [n1,s1,r35/1:‹/Table/{39-53}›] handle raft ready: 0.9s [applied=1, batches=1, state_assertions=0]
W210410 15:39:26.596433 226 kv/kvserver/store_raft.go:493 ⋮ [n1,s1,r2/1:‹/System/NodeLiveness{-Max}›] handle raft ready: 0.6s [applied=1, batches=1, state_assertions=0]
W210410 15:39:27.007446 220 kv/kvserver/store_raft.go:493 ⋮ [n1,s1,r35/1:‹/Table/{39-53}›] handle raft ready: 0.7s [applied=1, batches=1, state_assertions=0]
I210410 15:39:27.159228 46 server/status/runtime.go:525 ⋮ [n1] runtime stats: 148 MiB RSS, 212 goroutines, 21 MiB/32 MiB/51 MiB GO alloc/idle/total, 17 MiB/27 MiB CGO alloc/total, 0.1 CGO/sec, 2.5/1.0 %(u/s)time, 0.0 %gc (1x), 42 B/42 B (r/w)net
W210410 15:39:27.318957 2023 kv/kvserver/node_liveness.go:748 ⋮ [n1,s1,r32/1:‹/Table/3{6-7}›] slow heartbeat took 2.360917951s; err=<nil>
W210410 15:39:27.319154 226 kv/kvserver/store_raft.go:493 ⋮ [n1,s1,r2/1:‹/System/NodeLiveness{-Max}›] handle raft ready: 0.7s [applied=2, batches=2, state_assertions=0]
W210410 15:39:27.531175 220 kv/kvserver/store_raft.go:493 ⋮ [n1,s1,r35/1:‹/Table/{39-53}›] handle raft ready: 0.5s [applied=1, batches=1, state_assertions=0]
W210410 15:39:27.971990 48 kv/kvserver/node_liveness.go:748 ⋮ [n1,liveness-hb] slow heartbeat took 2.818125864s; err=<nil>
W210410 15:39:27.972397 222 kv/kvserver/store_raft.go:493 ⋮ [n1,s1,r32/1:‹/Table/3{6-7}›] handle raft ready: 0.7s [applied=1, batches=1, state_assertions=0]
W210410 15:39:34.154020 48 kv/kvserver/node_liveness.go:748 ⋮ [n1,liveness-hb] slow heartbeat took 4.500117173s; err=context deadline exceeded
W210410 15:39:34.154188 48 kv/kvserver/node_liveness.go:650 ⋮ [n1,liveness-hb] failed node liveness heartbeat: ‹operation "node liveness heartbeat" timed out after 4.5s›
(1) ‹operation "node liveness heartbeat" timed out after 4.5s›
Wraps: (2) context deadline exceeded
Error types: (1) *contextutil.TimeoutError (2) context.deadlineExceededError

An inability to maintain liveness will prevent a node from participating in a
cluster. If this problem persists, it may be a sign of resource starvation or
of network connectivity problems. For help troubleshooting, visit:

    https://www.cockroachlabs.com/docs/stable/cluster-setup-troubleshooting.html#node-liveness-issues

W210410 15:39:34.197466 234 kv/kvserver/store_raft.go:493 ⋮ [n1,s1,r1/1:‹/{Min-System/NodeL…}›] handle raft ready: 4.7s [applied=1, batches=1, state_assertions=0]
W210410 15:39:34.197519 203 kv/kvserver/store_raft.go:493 ⋮ [n1,s1,r35/1:‹/Table/{39-53}›] handle raft ready: 3.4s [applied=1, batches=1, state_assertions=0]
W210410 15:39:34.197763 198 kv/kvserver/store_raft.go:493 ⋮ [n1,s1,r3/1:‹/System/{NodeLive…-tsd}›] handle raft ready: 5.0s [applied=1, batches=1, state_assertions=0]
W210410 15:39:34.205418 187 kv/kvserver/store_raft.go:493 ⋮ [n1,s1,r4/1:‹/System{/tsd-tse}›] handle raft ready: 5.0s [applied=1, batches=1, state_assertions=0]
W210410 15:39:34.500450 231 kv/kvserver/store_raft.go:493 ⋮ [n1,s1,r2/1:‹/System/NodeLiveness{-Max}›] handle raft ready: 1.7s [applied=1, batches=1, state_assertions=0]
W210410 15:39:34.800985 203 kv/kvserver/store_raft.go:493 ⋮ [n1,s1,r35/1:‹/Table/{39-53}›] handle raft ready: 0.6s [applied=2, batches=1, state_assertions=0]
W210410 15:39:34.800988 187 kv/kvserver/store_raft.go:493 ⋮ [n1,s1,r4/1:‹/System{/tsd-tse}›] handle raft ready: 0.6s [applied=1, batches=1, state_assertions=0]
W210410 15:39:34.800998 198 kv/kvserver/store_raft.go:493 ⋮ [n1,s1,r3/1:‹/System/{NodeLive…-tsd}›] handle raft ready: 0.6s [applied=1, batches=1, state_assertions=0]
W210410 15:39:34.800972 234 kv/kvserver/store_raft.go:493 ⋮ [n1,s1,r1/1:‹/{Min-System/NodeL…}›] handle raft ready: 0.6s [applied=1, batches=1, state_assertions=0]
W210410 15:39:35.258810 2009 kv/kvserver/node_liveness.go:748 ⋮ [n1,s1,r34/1:‹/Table/3{8-9}›] slow heartbeat took 7.285797086s; err=<nil>
W210410 15:39:35.259290 231 kv/kvserver/store_raft.go:493 ⋮ [n1,s1,r2/1:‹/System/NodeLiveness{-Max}›] handle raft ready: 0.8s [applied=2, batches=2, state_assertions=0]
W210410 15:39:35.593617 207 kv/kvserver/store_raft.go:493 ⋮ [n1,s1,r35/1:‹/Table/{39-53}›] handle raft ready: 0.8s [applied=1, batches=1, state_assertions=0]
W210410 15:39:35.593617 234 kv/kvserver/store_raft.go:493 ⋮ [n1,s1,r1/1:‹/{Min-System/NodeL…}›] handle raft ready: 0.8s [applied=1, batches=1, state_assertions=0]
W210410 15:39:35.794309 48 kv/kvserver/node_liveness.go:748 ⋮ [n1,liveness-hb] slow heartbeat took 1.639957543s; err=<nil>
W210410 15:39:35.795193 210 kv/kvserver/store_raft.go:493 ⋮ [n1,s1,r34/1:‹/Table/3{8-9}›] handle raft ready: 0.5s [applied=1, batches=1, state_assertions=0]
W210410 15:39:36.017190 2032 kv/kvserver/node_liveness.go:748 ⋮ [n1,s1,r3/1:‹/System/{NodeLive…-tsd}›] slow heartbeat took 1.818447043s; err=<nil>
W210410 15:39:36.139571 2130 kv/kvserver/node_liveness.go:748 ⋮ [n1,s1,r4/1:‹/System{/tsd-tse}›] slow heartbeat took 1.93440086s; err=<nil>
W210410 15:39:36.464202 1904 kv/kvserver/node_liveness.go:748 ⋮ [n1,s1,r35/1:‹/Table/{39-53}›] slow heartbeat took 1.662747063s; err=<nil>
W210410 15:39:36.976454 219 kv/kvserver/store_raft.go:493 ⋮ [n1,s1,r4/1:‹/System{/tsd-tse}›] handle raft ready: 0.5s [applied=1, batches=1, state_assertions=0]
W210410 15:39:36.976532 239 kv/kvserver/store_raft.go:493 ⋮ [n1,s1,r35/1:‹/Table/{39-53}›] handle raft ready: 0.5s [applied=1, batches=1, state_assertions=0]
W210410 15:39:36.976307 2132 kv/kvserver/node_liveness.go:748 ⋮ [n1,s1,r6/1:‹/Table/{SystemCon…-11}›] slow heartbeat took 2.015699552s; err=heartbeat failed on epoch increment
E210410 15:39:36.976737 2132 kv/kvserver/replica_range_lease.go:340 ⋮ [n1,s1,r6/1:‹/Table/{SystemCon…-11}›] heartbeat failed on epoch increment
I210410 15:39:37.153031 42 gossip/gossip.go:568 ⋮ [n1] gossip status (ok, 1 node‹›)
gossip client (0/3 cur/max conns)
gossip server (0/3 cur/max conns, infos 0/0 sent/received, bytes 0B/0B sent/received)
I210410 15:39:37.159935 46 server/status/runtime.go:525 ⋮ [n1] runtime stats: 139 MiB RSS, 217 goroutines, 28 MiB/27 MiB/51 MiB GO alloc/idle/total, 17 MiB/27 MiB CGO alloc/total, 0.1 CGO/sec, 2.2/0.8 %(u/s)time, 0.0 %gc (0x), 108 B/108 B (r/w)net
W210410 15:39:37.266231 199 kv/kvserver/store_raft.go:493 ⋮ [n1,s1,r3/1:‹/System/{NodeLive…-tsd}›] handle raft ready: 0.5s [applied=1, batches=1, state_assertions=0]
W210410 15:39:38.013163 1969 kv/kvserver/node_liveness.go:748 ⋮ [n1,s1,r79/1:‹/Table/6{6-7}›] slow heartbeat took 2.216786212s; err=<nil>
W210410 15:39:38.115469 2080 kv/kvserver/node_liveness.go:748 ⋮ [n1,s1,r35/1:‹/Table/{39-53}›] slow heartbeat took 1.138507249s; err=<nil>
W210410 15:39:38.464911 2104 kv/kvserver/node_liveness.go:748 ⋮ [n1,s1,r6/1:‹/Table/{SystemCon…-11}›] slow heartbeat took 1.487386818s; err=<nil>
W210410 15:39:38.716102 2163 kv/kvserver/node_liveness.go:748 ⋮ [n1,s1,r4/1:‹/System{/tsd-tse}›] slow heartbeat took 1.303688873s; err=<nil>
W210410 15:39:38.997846 212 kv/kvserver/store_raft.go:493 ⋮ [n1,s1,r35/1:‹/Table/{39-53}›] handle raft ready: 0.5s [applied=1, batches=1, state_assertions=0]
W210410 15:39:38.998529 197 kv/kvserver/store_raft.go:493 ⋮ [n1,s1,r6/1:‹/Table/{SystemCon…-11}›] handle raft ready: 0.5s [applied=1, batches=1, state_assertions=0]
W210410 15:39:39.573104 197 kv/kvserver/store_raft.go:493 ⋮ [n1,s1,r6/1:‹/Table/{SystemCon…-11}›] handle raft ready: 0.6s [applied=1, batches=1, state_assertions=0]
W210410 15:39:39.573104 212 kv/kvserver/store_raft.go:493 ⋮ [n1,s1,r35/1:‹/Table/{39-53}›] handle raft ready: 0.6s [applied=1, batches=1, state_assertions=0]
W210410 15:39:39.818786 214 kv/kvserver/store_raft.go:493 ⋮ [n1,s1,r4/1:‹/System{/tsd-tse}›] handle raft ready: 0.6s [applied=1, batches=1, state_assertions=0]
W210410 15:39:39.818960 224 kv/kvserver/store_raft.go:493 ⋮ [n1,s1,r3/1:‹/System/{NodeLive…-tsd}›] handle raft ready: 0.6s [applied=1, batches=1, state_assertions=0]
W210410 15:39:39.819205 198 kv/kvserver/store_raft.go:493 ⋮ [n1,s1,r2/1:‹/System/NodeLiveness{-Max}›] handle raft ready: 0.6s [applied=1, batches=1, state_assertions=0]
W210410 15:39:40.357332 48 kv/kvserver/node_liveness.go:748 ⋮ [n1,liveness-hb] slow heartbeat took 1.703455597s; err=<nil>
W210410 15:39:40.358515 224 kv/kvserver/store_raft.go:493 ⋮ [n1,s1,r3/1:‹/System/{NodeLive…-tsd}›] handle raft ready: 0.5s [applied=1, batches=1, state_assertions=0]
W210410 15:39:40.358647 198 kv/kvserver/store_raft.go:493 ⋮ [n1,s1,r2/1:‹/System/NodeLiveness{-Max}›] handle raft ready: 0.5s [applied=1, batches=1, state_assertions=0]
W210410 15:39:40.357276 2167 kv/kvserver/node_liveness.go:748 ⋮ [n1,s1,r30/1:‹/Table/3{4-5}›] slow heartbeat took 2.021382112s; err=<nil>
W210410 15:39:40.631722 214 kv/kvserver/store_raft.go:493 ⋮ [n1,s1,r4/1:‹/System{/tsd-tse}›] handle raft ready: 0.8s [applied=2, batches=2, state_assertions=0]
W210410 15:39:41.177446 225 kv/kvserver/store_raft.go:493 ⋮ [n1,s1,r35/1:‹/Table/{39-53}›] handle raft ready: 1.1s [applied=2, batches=1, state_assertions=0]
W210410 15:39:41.797582 215 kv/kvserver/store_raft.go:493 ⋮ [n1,s1,r1/1:‹/{Min-System/NodeL…}›] handle raft ready: 1.0s [applied=1, batches=1, state_assertions=0]
W210410 15:39:41.797671 193 kv/kvserver/store_raft.go:493 ⋮ [n1,s1,r30/1:‹/Table/3{4-5}›] handle raft ready: 1.2s [applied=1, batches=1, state_assertions=0]
W210410 15:39:41.797668 214 kv/kvserver/store_raft.go:493 ⋮ [n1,s1,r4/1:‹/System{/tsd-tse}›] handle raft ready: 1.2s [applied=1, batches=1, state_assertions=0]
W210410 15:39:42.054788 217 kv/kvserver/store_raft.go:493 ⋮ [n1,s1,r35/1:‹/Table/{39-53}›] handle raft ready: 0.9s [applied=1, batches=1, state_assertions=0]
W210410 15:39:42.327321 215 kv/kvserver/store_raft.go:493 ⋮ [n1,s1,r1/1:‹/{Min-System/NodeL…}›] handle raft ready: 0.5s [applied=1, batches=1, state_assertions=0]
W210410 15:39:43.434589 217 kv/kvserver/store_raft.go:493 ⋮ [n1,s1,r35/1:‹/Table/{39-53}›] handle raft ready: 1.4s [applied=1, batches=1, state_assertions=0]
W210410 15:39:45.264423 217 kv/kvserver/store_raft.go:493 ⋮ [n1,s1,r35/1:‹/Table/{39-53}›] handle raft ready: 1.8s [applied=1, batches=1, state_assertions=0]
W210410 15:39:45.789642 198 kv/kvserver/store_raft.go:493 ⋮ [n1,s1,r2/1:‹/System/NodeLiveness{-Max}›] handle raft ready: 1.4s [applied=1, batches=1, state_assertions=0]
W210410 15:39:46.209706 48 kv/kvserver/node_liveness.go:748 ⋮ [n1,liveness-hb] slow heartbeat took 3.055837668s; err=<nil>
W210410 15:39:47.102409 232 kv/kvserver/store_raft.go:493 ⋮ [n1,s1,r24/1:‹/Table/2{8-9}›] handle raft ready: 1.2s [applied=1, batches=1, state_assertions=0]
W210410 15:39:47.102666 198 kv/kvserver/store_raft.go:493 ⋮ [n1,s1,r2/1:‹/System/NodeLiveness{-Max}›] handle raft ready: 1.3s [applied=2, batches=2, state_assertions=0]
I210410 15:39:47.159742 46 server/status/runtime.go:525 ⋮ [n1] runtime stats: 126 MiB RSS, 210 goroutines, 22 MiB/31 MiB/51 MiB GO alloc/idle/total, 17 MiB/27 MiB CGO alloc/total, 0.1 CGO/sec, 7.6/2.0 %(u/s)time, 0.0 %gc (1x), 651 B/132 B (r/w)net
W210410 15:39:48.243728 234 kv/kvserver/store_raft.go:493 ⋮ [n1,s1,r35/1:‹/Table/{39-53}›] handle raft ready: 1.9s [applied=1, batches=1, state_assertions=0]
W210410 15:39:48.895771 232 kv/kvserver/store_raft.go:493 ⋮ [n1,s1,r24/1:‹/Table/2{8-9}›] handle raft ready: 1.8s [applied=2, batches=1, state_assertions=0]
W210410 15:39:48.896045 205 kv/kvserver/store_raft.go:493 ⋮ [n1,s1,r1/1:‹/{Min-System/NodeL…}›] handle raft ready: 1.4s [applied=1, batches=1, state_assertions=0]
W210410 15:39:49.454641 234 kv/kvserver/store_raft.go:493 ⋮ [n1,s1,r35/1:‹/Table/{39-53}›] handle raft ready: 1.2s [applied=2, batches=1, state_assertions=0]
W210410 15:39:49.900801 205 kv/kvserver/store_raft.go:493 ⋮ [n1,s1,r1/1:‹/{Min-System/NodeL…}›] handle raft ready: 1.0s [applied=1, batches=1, state_assertions=0]
W210410 15:39:49.901022 217 kv/kvserver/store_raft.go:493 ⋮ [n1,s1,r3/1:‹/System/{NodeLive…-tsd}›] handle raft ready: 0.7s [applied=1, batches=1, state_assertions=0]
W210410 15:39:49.901439 214 kv/kvserver/store_raft.go:493 ⋮ [n1,s1,r2/1:‹/System/NodeLiveness{-Max}›] handle raft ready: 1.0s [applied=1, batches=1, state_assertions=0]
W210410 15:39:49.905139 195 kv/kvserver/store_raft.go:493 ⋮ [n1,s1,r24/1:‹/Table/2{8-9}›] handle raft ready: 1.0s [applied=1, batches=1, state_assertions=0]
W210410 15:39:49.905804 220 kv/kvserver/store_raft.go:493 ⋮ [n1,s1,r4/1:‹/System{/tsd-tse}›] handle raft ready: 0.7s [applied=1, batches=1, state_assertions=0]
W210410 15:39:50.347113 231 kv/kvserver/store_raft.go:493 ⋮ [n1,s1,r35/1:‹/Table/{39-53}›] handle raft ready: 0.9s [applied=1, batches=1, state_assertions=0]
W210410 15:39:51.294645 48 kv/kvserver/node_liveness.go:748 ⋮ [n1,liveness-hb] slow heartbeat took 3.640684706s; err=<nil>
W210410 15:39:51.294706 214 kv/kvserver/store_raft.go:493 ⋮ [n1,s1,r2/1:‹/System/NodeLiveness{-Max}›] handle raft ready: 1.4s [applied=1, batches=1, state_assertions=0]
W210410 15:39:51.294694 217 kv/kvserver/store_raft.go:493 ⋮ [n1,s1,r3/1:‹/System/{NodeLive…-tsd}›] handle raft ready: 1.4s [applied=1, batches=1, state_assertions=0]
W210410 15:39:51.294856 220 kv/kvserver/store_raft.go:493 ⋮ [n1,s1,r4/1:‹/System{/tsd-tse}›] handle raft ready: 1.4s [applied=1, batches=1, state_assertions=0]
W210410 15:39:51.294856 195 kv/kvserver/store_raft.go:493 ⋮ [n1,s1,r24/1:‹/Table/2{8-9}›] handle raft ready: 1.4s [applied=3, batches=1, state_assertions=0]
W210410 15:39:51.357382 231 kv/kvserver/store_raft.go:493 ⋮ [n1,s1,r35/1:‹/Table/{39-53}›] handle raft ready: 1.0s [applied=1, batches=1, state_assertions=0]
W210410 15:39:55.059574 189 kv/kvserver/store_raft.go:493 ⋮ [n1,s1,r35/1:‹/Table/{39-53}›] handle raft ready: 0.5s [applied=1, batches=1, state_assertions=0]
I210410 15:39:57.160231 46 server/status/runtime.go:525 ⋮ [n1] runtime stats: 109 MiB RSS, 208 goroutines, 30 MiB/25 MiB/51 MiB GO alloc/idle/total, 17 MiB/27 MiB CGO alloc/total, 0.1 CGO/sec, 2.8/0.4 %(u/s)time, 0.0 %gc (0x), 0 B/0 B (r/w)net
W210410 15:39:59.907374 194 kv/kvserver/store_raft.go:493 ⋮ [n1,s1,r3/1:‹/System/{NodeLive…-tsd}›] handle raft ready: 0.7s [applied=1, batches=1, state_assertions=0]
W210410 15:39:59.910538 230 kv/kvserver/store_raft.go:493 ⋮ [n1,s1,r4/1:‹/System{/tsd-tse}›] handle raft ready: 0.7s [applied=1, batches=1, state_assertions=0]
W210410 15:40:00.588020 230 kv/kvserver/store_raft.go:493 ⋮ [n1,s1,r4/1:‹/System{/tsd-tse}›] handle raft ready: 0.7s [applied=1, batches=1, state_assertions=0]
W210410 15:40:01.157925 238 kv/kvserver/store_raft.go:493 ⋮ [n1,s1,r35/1:‹/Table/{39-53}›] handle raft ready: 0.7s [applied=1, batches=1, state_assertions=0]
W210410 15:40:01.568144 230 kv/kvserver/store_raft.go:493 ⋮ [n1,s1,r4/1:‹/System{/tsd-tse}›] handle raft ready: 1.0s [applied=1, batches=1, state_assertions=0]
W210410 15:40:03.081031 238 kv/kvserver/store_raft.go:493 ⋮ [n1,s1,r35/1:‹/Table/{39-53}›] handle raft ready: 1.9s [applied=2, batches=1, state_assertions=0]
W210410 15:40:03.859704 235 kv/kvserver/store_raft.go:493 ⋮ [n1,s1,r35/1:‹/Table/{39-53}›] handle raft ready: 0.8s [applied=1, batches=1, state_assertions=0]
W210410 15:40:04.160679 195 kv/kvserver/store_raft.go:493 ⋮ [n1,s1,r2/1:‹/System/NodeLiveness{-Max}›] handle raft ready: 1.1s [applied=1, batches=1, state_assertions=0]
W210410 15:40:04.656697 235 kv/kvserver/store_raft.go:493 ⋮ [n1,s1,r35/1:‹/Table/{39-53}›] handle raft ready: 0.8s [applied=1, batches=1, state_assertions=0]
W210410 15:40:05.597057 48 kv/kvserver/node_liveness.go:748 ⋮ [n1,liveness-hb] slow heartbeat took 4.439531828s; err=<nil>
W210410 15:40:05.597319 195 kv/kvserver/store_raft.go:493 ⋮ [n1,s1,r2/1:‹/System/NodeLiveness{-Max}›] handle raft ready: 1.4s [applied=2, batches=2, state_assertions=0]
I210410 15:40:07.159802 46 server/status/runtime.go:525 ⋮ [n1] runtime stats: 108 MiB RSS, 209 goroutines, 24 MiB/28 MiB/52 MiB GO alloc/idle/total, 17 MiB/27 MiB CGO alloc/total, 0.1 CGO/sec, 15.2/4.4 %(u/s)time, 5.5 %gc (1x), 108 B/108 B (r/w)net
W210410 15:40:07.978295 214 kv/kvserver/store_raft.go:493 ⋮ [n1,s1,r1/1:‹/{Min-System/NodeL…}›] handle raft ready: 2.5s [applied=1, batches=1, state_assertions=0]
W210410 15:40:07.978387 235 kv/kvserver/store_raft.go:493 ⋮ [n1,s1,r35/1:‹/Table/{39-53}›] handle raft ready: 3.3s [applied=1, batches=1, state_assertions=0]
W210410 15:40:09.020516 214 kv/kvserver/store_raft.go:493 ⋮ [n1,s1,r1/1:‹/{Min-System/NodeL…}›] handle raft ready: 1.0s [applied=1, batches=1, state_assertions=0]
W210410 15:40:09.020670 190 kv/kvserver/store_raft.go:493 ⋮ [n1,s1,r35/1:‹/Table/{39-53}›] handle raft ready: 0.9s [applied=1, batches=1, state_assertions=0]
W210410 15:40:09.517413 206 kv/kvserver/store_raft.go:493 ⋮ [n1,s1,r2/1:‹/System/NodeLiveness{-Max}›] handle raft ready: 0.6s [applied=1, batches=1, state_assertions=0]
W210410 15:40:09.817585 190 kv/kvserver/store_raft.go:493 ⋮ [n1,s1,r35/1:‹/Table/{39-53}›] handle raft ready: 0.8s [applied=2, batches=1, state_assertions=0]
W210410 15:40:09.817835 199 kv/kvserver/store_raft.go:493 ⋮ [n1,s1,r3/1:‹/System/{NodeLive…-tsd}›] handle raft ready: 0.6s [applied=1, batches=1, state_assertions=0]
W210410 15:40:09.823416 235 kv/kvserver/store_raft.go:493 ⋮ [n1,s1,r4/1:‹/System{/tsd-tse}›] handle raft ready: 0.6s [applied=1, batches=1, state_assertions=0]
W210410 15:40:10.050997 48 kv/kvserver/node_liveness.go:748 ⋮ [n1,liveness-hb] slow heartbeat took 4.397152302s; err=<nil>
W210410 15:40:10.051478 206 kv/kvserver/store_raft.go:493 ⋮ [n1,s1,r2/1:‹/System/NodeLiveness{-Max}›] handle raft ready: 0.5s [applied=2, batches=2, state_assertions=0]
W210410 15:40:10.988806 198 kv/kvserver/store_raft.go:493 ⋮ [n1,s1,r35/1:‹/Table/{39-53}›] handle raft ready: 0.7s [applied=1, batches=1, state_assertions=0]
W210410 15:40:10.988806 184 kv/kvserver/store_raft.go:493 ⋮ [n1,s1,r1/1:‹/{Min-System/NodeL…}›] handle raft ready: 0.7s [applied=1, batches=1, state_assertions=0]
W210410 15:40:10.988955 194 kv/kvserver/store_raft.go:493 ⋮ [n1,s1,r7/1:‹/Table/1{1-2}›] handle raft ready: 0.7s [applied=2, batches=1, state_assertions=0]
W210410 15:40:10.989115 235 kv/kvserver/store_raft.go:493 ⋮ [n1,s1,r4/1:‹/System{/tsd-tse}›] handle raft ready: 0.7s [applied=1, batches=1, state_assertions=0]
W210410 15:40:10.990207 199 kv/kvserver/store_raft.go:493 ⋮ [n1,s1,r3/1:‹/System/{NodeLive…-tsd}›] handle raft ready: 0.7s [applied=1, batches=1, state_assertions=0]
W210410 15:40:11.287946 181 kv/kvserver/store_raft.go:493 ⋮ [n1,s1,r2/1:‹/System/NodeLiveness{-Max}›] handle raft ready: 0.8s [applied=1, batches=1, state_assertions=0]
W210410 15:40:11.610840 48 kv/kvserver/node_liveness.go:748 ⋮ [n1,liveness-hb] slow heartbeat took 1.456999345s; err=<nil>
I210410 15:40:17.160163 46 server/status/runtime.go:525 ⋮ [n1] runtime stats: 109 MiB RSS, 208 goroutines, 33 MiB/22 MiB/52 MiB GO alloc/idle/total, 17 MiB/27 MiB CGO alloc/total, 0.1 CGO/sec, 2.9/1.1 %(u/s)time, 0.0 %gc (0x), 66 B/66 B (r/w)net
W210410 15:40:24.095559 194 kv/kvserver/store_raft.go:493 ⋮ [n1,s1,r1/1:‹/{Min-System/NodeL…}›] handle raft ready: 0.6s [applied=1, batches=1, state_assertions=0]
