I210413 07:28:01.869269 1 util/log/sync_buffer.go:195 ⋮ [config] file created at: 2021/04/13 07:28:01
I210413 07:28:01.869305 1 util/log/sync_buffer.go:195 ⋮ [config] running on machine: ‹755e1052c718›
I210413 07:28:01.869324 1 util/log/sync_buffer.go:195 ⋮ [config] binary: CockroachDB CCL v20.2.7 (x86_64-unknown-linux-gnu, built 2021/03/29 17:52:00, go1.13.14)
I210413 07:28:01.869341 1 util/log/sync_buffer.go:195 ⋮ [config] arguments: ‹[/cockroach/cockroach start-single-node --http-port 26256 --insecure]›
I210413 07:28:01.869370 1 util/log/sync_buffer.go:195 ⋮ [config] line format: [IWEF]yymmdd hh:mm:ss.uuuuuu goid file:line msg utf8=✓
W210413 07:28:01.868996 1 cli/start.go:1143 ⋮ ALL SECURITY CONTROLS HAVE BEEN DISABLED!

This mode is intended for non-production testing only.

In this mode:
- Your cluster is open to any client that can access ‹any of your IP addresses›.
- Intruders with access to your machine or network can observe client-server traffic.
- Intruders can log in without password and read or write any data in the cluster.
- Intruders can consume all your server's resources and cause unavailability.
I210413 07:28:01.869638 1 cli/start.go:1153 ⋮ To start a secure server without mandating TLS for clients,
consider --accept-sql-without-tls instead. For other options, see:

- ‹https://go.crdb.dev/issue-v/53404/v20.2›
- https://www.cockroachlabs.com/docs/v20.2/secure-a-cluster.html
I210413 07:28:01.870515 1 server/status/recorder.go:605 ⋮ ‹available memory from cgroups (8.0 EiB) is unsupported, using system memory 7.6 GiB instead:›
W210413 07:28:01.881906 1 cli/start.go:987 ⋮ ‹Using the default setting for --cache (128 MiB).›
‹  A significantly larger value is usually needed for good performance.›
‹  If you have a dedicated server a reasonable setting is --cache=.25 (1.9 GiB).›
I210413 07:28:01.882647 1 server/status/recorder.go:605 ⋮ ‹available memory from cgroups (8.0 EiB) is unsupported, using system memory 7.6 GiB instead:›
I210413 07:28:01.882690 1 cli/start.go:1168 ⋮ ‹CockroachDB CCL v20.2.7 (x86_64-unknown-linux-gnu, built 2021/03/29 17:52:00, go1.13.14)›
I210413 07:28:01.906151 1 server/status/recorder.go:605 ⋮ ‹available memory from cgroups (8.0 EiB) is unsupported, using system memory 7.6 GiB instead:›
I210413 07:28:01.906206 1 server/config.go:428 ⋮ system total memory: ‹7.6 GiB›
I210413 07:28:01.910422 1 server/config.go:430 ⋮ server configuration:
‹max offset             500000000›
‹cache size             128 MiB›
‹SQL memory pool size   1.9 GiB›
‹scan interval          10m0s›
‹scan min idle time     10ms›
‹scan max idle time     1s›
‹event log enabled      true›
I210413 07:28:01.910581 1 cli/start.go:965 ⋮ using local environment variables: ‹COCKROACH_CHANNEL=official-docker›
I210413 07:28:01.910635 1 cli/start.go:972 ⋮ process identity: ‹uid 0 euid 0 gid 0 egid 0›
I210413 07:28:02.140140 1 cli/start.go:511 ⋮ GEOS loaded from directory ‹/usr/local/lib/cockroach›
I210413 07:28:02.140264 1 cli/start.go:516 ⋮ starting cockroach node
I210413 07:28:03.081286 13 server/server.go:790 ⋮ [n?] monitoring forward clock jumps based on server.clock.forward_jump_check_enabled
I210413 07:28:03.675764 13 server/config.go:619 ⋮ [n?] 1 storage engine‹› initialized
I210413 07:28:03.689101 13 server/config.go:622 ⋮ [n?] ‹Pebble cache size: 128 MiB›
I210413 07:28:03.689123 13 server/config.go:622 ⋮ [n?] ‹store 0: RocksDB, max size 0 B, max open file limit 1043576›
I210413 07:28:03.968211 165 server/server.go:1424 ⋮ [n?] connecting to gossip network to verify cluster ID ‹"dd9dc586-c756-4f4b-a9e5-9e23cf559418"›
W210413 07:28:03.968216 13 cli/start.go:911 ⋮ neither --listen-addr nor --advertise-addr was specified.
The server will advertise ‹"755e1052c718"› to other nodes, is this routable?

Consider using:
- for local-only servers:  --listen-addr=localhost
- for multi-node clusters: --advertise-addr=<host/IP addr>
I210413 07:28:03.968560 13 gossip/gossip.go:403 ⋮ [n1] NodeDescriptor set to ‹node_id:1 address:<network_field:"tcp" address_field:"755e1052c718:26257" > attrs:<> locality:<> ServerVersion:<major_val:20 minor_val:2 patch:0 unstable:0 > build_tag:"v20.2.7" started_at:1618298883968552693 cluster_name:"" sql_address:<network_field:"tcp" address_field:"755e1052c718:26257" >›
I210413 07:28:04.221902 165 server/server.go:1427 ⋮ [n1] node connected via gossip
W210413 07:28:04.221896 13 kv/kvserver/replica_range_lease.go:556 ⋮ [n1,s1,r29/1:‹/Table/3{3-4}›] can't determine lease status of (n1,s1):1 due to node liveness error: node not in the liveness table
(1) attached stack trace
  -- stack trace:
  | github.com/cockroachdb/cockroach/pkg/kv/kvserver.init
  | 	/go/src/github.com/cockroachdb/cockroach/pkg/kv/kvserver/node_liveness.go:45
  | runtime.doInit
  | 	/usr/local/go/src/runtime/proc.go:5228
  | runtime.doInit
  | 	/usr/local/go/src/runtime/proc.go:5223
  | runtime.doInit
  | 	/usr/local/go/src/runtime/proc.go:5223
  | runtime.doInit
  | 	/usr/local/go/src/runtime/proc.go:5223
  | runtime.doInit
  | 	/usr/local/go/src/runtime/proc.go:5223
  | runtime.main
  | 	/usr/local/go/src/runtime/proc.go:190
  | runtime.goexit
  | 	/usr/local/go/src/runtime/asm_amd64.s:1357
Wraps: (2) node not in the liveness table
Error types: (1) *withstack.withStack (2) *errutil.leafError
W210413 07:28:04.313274 257 kv/kvserver/store.go:1691 ⋮ [n1,s1,r6/1:‹/Table/{SystemCon…-11}›] could not gossip system config: ‹[NotLeaseHolderError] r6: replica (n1,s1):1 not lease holder; lease holder unknown›
(1) ‹[NotLeaseHolderError] r6: replica (n1,s1):1 not lease holder; lease holder unknown›
Error types: (1) *roachpb.NotLeaseHolderError
I210413 07:28:04.369573 13 server/node.go:430 ⋮ [n1] initialized store [n1,s1]: disk (capacity=196 GiB, available=3.7 GiB, used=10 MiB, logicalBytes=65 MiB), ranges=57, leases=0, queries=0.00, writes=0.00, bytesPerReplica={p10=0.00 p25=0.00 p50=0.00 p75=380.00 p90=74766.00 pMax=67553332.00}, writesPerReplica={p10=0.00 p25=0.00 p50=0.00 p75=0.00 p90=0.00 pMax=0.00}
W210413 07:28:04.381954 257 kv/kvserver/store.go:1691 ⋮ [n1,s1,r6/1:‹/Table/{SystemCon…-11}›] could not gossip system config: ‹[NotLeaseHolderError] r6: replica (n1,s1):1 not lease holder; lease holder unknown›
(1) ‹[NotLeaseHolderError] r6: replica (n1,s1):1 not lease holder; lease holder unknown›
Error types: (1) *roachpb.NotLeaseHolderError
W210413 07:28:04.472465 257 kv/kvserver/store.go:1691 ⋮ [n1,s1,r6/1:‹/Table/{SystemCon…-11}›] could not gossip system config: ‹[NotLeaseHolderError] r6: replica (n1,s1):1 not lease holder; lease holder unknown›
(1) ‹[NotLeaseHolderError] r6: replica (n1,s1):1 not lease holder; lease holder unknown›
Error types: (1) *roachpb.NotLeaseHolderError
I210413 07:28:04.474051 13 kv/kvserver/stores.go:236 ⋮ [n1] read 0 node addresses from persistent storage
I210413 07:28:04.608454 13 server/node.go:489 ⋮ [n1] started with engine type ‹2›
I210413 07:28:04.608581 13 server/node.go:491 ⋮ [n1] started with attributes ‹[]›
I210413 07:28:04.608823 13 server/goroutinedumper/goroutinedumper.go:120 ⋮ [n1] writing goroutine dumps to ‹/cockroach/cockroach-data/logs/goroutine_dump›
I210413 07:28:04.608953 13 server/heapprofiler/heapprofiler.go:49 ⋮ [n1] writing go heap profiles to ‹/cockroach/cockroach-data/logs/heap_profiler› at least every 1h0m0s
I210413 07:28:04.609063 13 server/heapprofiler/cgoprofiler.go:53 ⋮ [n1] to enable jmalloc profiling: "export MALLOC_CONF=prof:true" or "ln -s prof:true /etc/malloc.conf"
I210413 07:28:04.609135 13 server/heapprofiler/statsprofiler.go:54 ⋮ [n1] writing memory stats to ‹/cockroach/cockroach-data/logs/heap_profiler› at last every 1h0m0s
I210413 07:28:04.609350 13 server/server.go:1544 ⋮ [n1] starting http server at ‹[::]:26256› (use: ‹755e1052c718:26256›)
I210413 07:28:04.609590 13 server/server.go:1551 ⋮ [n1] starting grpc/postgres server at ‹[::]:26257›
I210413 07:28:04.609727 13 server/server.go:1552 ⋮ [n1] advertising CockroachDB node at ‹755e1052c718:26257›
W210413 07:28:04.653897 257 kv/kvserver/store.go:1691 ⋮ [n1,s1,r6/1:‹/Table/{SystemCon…-11}›] could not gossip system config: ‹[NotLeaseHolderError] r6: replica (n1,s1):1 not lease holder; lease holder unknown›
(1) ‹[NotLeaseHolderError] r6: replica (n1,s1):1 not lease holder; lease holder unknown›
Error types: (1) *roachpb.NotLeaseHolderError
I210413 07:28:05.706289 13 sql/sqlliveness/slinstance/slinstance.go:252 ⋮ [n1] starting SQL liveness instance
I210413 07:28:05.733632 13 server/server_sql.go:800 ⋮ [n1] done ensuring all necessary migrations have run
I210413 07:28:05.733761 13 server/server.go:1887 ⋮ [n1] serving sql connections
I210413 07:28:05.734161 13 cli/start.go:677 ⋮ [config] clusterID: ‹dd9dc586-c756-4f4b-a9e5-9e23cf559418›
I210413 07:28:05.734283 13 cli/start.go:687 ⋮ node startup completed:
CockroachDB node starting at 2021-04-13 07:28:05.733921193 +0000 UTC (took 3.9s)
build:               CCL v20.2.7 @ 2021/03/29 17:52:00 (go1.13.14)
webui:               ‹http://755e1052c718:26256›
sql:                 ‹postgresql://root@755e1052c718:26257?sslmode=disable›
RPC client flags:    ‹/cockroach/cockroach <client cmd> --host=755e1052c718:26257 --insecure›
logs:                ‹/cockroach/cockroach-data/logs›
temp dir:            ‹/cockroach/cockroach-data/cockroach-temp805713789›
external I/O path:   ‹/cockroach/cockroach-data/extern›
store[0]:            ‹path=/cockroach/cockroach-data›
storage engine:      pebble
status:              restarted pre-existing node
clusterID:           ‹dd9dc586-c756-4f4b-a9e5-9e23cf559418›
nodeID:              1
I210413 07:28:05.753758 469 jobs/job_scheduler.go:349 ⋮ [n1] waiting 3m0s before scheduled jobs daemon start
I210413 07:28:05.880071 311 sql/temporary_schema.go:510 ⋮ [n1] running temporary object cleanup background job
I210413 07:28:06.157217 180 gossip/gossip.go:1508 ⋮ [n1] node has connected to cluster via gossip
I210413 07:28:06.394741 180 kv/kvserver/stores.go:255 ⋮ [n1] wrote 0 node addresses to persistent storage
I210413 07:28:06.888841 311 sql/temporary_schema.go:545 ⋮ [n1] found 0 temporary schemas
I210413 07:28:06.888937 311 sql/temporary_schema.go:548 ⋮ [n1] early exiting temporary schema cleaner as no temporary schemas were found
I210413 07:28:06.888982 311 sql/temporary_schema.go:549 ⋮ [n1] completed temporary object cleanup job
I210413 07:28:06.889021 311 sql/temporary_schema.go:627 ⋮ [n1] temporary object cleaner next scheduled to run at 2021-04-13 07:58:05.816866925 +0000 UTC
I210413 07:28:06.896416 470 server/server_update.go:55 ⋮ [n1] no need to upgrade, cluster already at the newest version
I210413 07:28:07.697943 307 sql/event_log.go:162 ⋮ [n1] Event: ‹"node_restart"›, target: 1, info: ‹{Descriptor:{NodeID:1 Address:755e1052c718:26257 Attrs: Locality: ServerVersion:20.2 BuildTag:v20.2.7 StartedAt:1618298883968552693 LocalityAddress:[] ClusterName: SQLAddress:755e1052c718:26257} ClusterID:dd9dc586-c756-4f4b-a9e5-9e23cf559418 StartedAt:1618298883968552693 LastUp:1618092537728174963}›
I210413 07:28:07.698234 309 sql/sqlliveness/slstorage/slstorage.go:348 ⋮ [n1] inserted sqlliveness session ‹c2f2d26de2dd4e76bc099a1a9a37c18f›
I210413 07:28:07.698360 309 sql/sqlliveness/slinstance/slinstance.go:143 ⋮ [n1] created new SQL liveness session ‹c2f2d26de2dd4e76bc099a1a9a37c18f›
I210413 07:28:14.611978 269 server/status/runtime.go:525 ⋮ [n1] runtime stats: 174 MiB RSS, 214 goroutines, 27 MiB/94 MiB/44 MiB GO alloc/idle/total, 41 MiB/54 MiB CGO alloc/total, 0.0 CGO/sec, 0.0/0.0 %(u/s)time, 0.0 %gc (20x), 24 KiB/30 KiB (r/w)net
I210413 07:28:24.614315 264 kv/kvserver/store.go:2625 ⋮ [n1,s1] sstables (read amplification = 1):
‹6 [ 3M 1 ]: 3M›
I210413 07:28:24.614450 269 server/status/runtime.go:525 ⋮ [n1] runtime stats: 174 MiB RSS, 214 goroutines, 26 MiB/94 MiB/46 MiB GO alloc/idle/total, 42 MiB/54 MiB CGO alloc/total, 13.8 CGO/sec, 2.1/1.0 %(u/s)time, 0.0 %gc (1x), 1.7 KiB/1.7 KiB (r/w)net
I210413 07:28:24.614654 264 kv/kvserver/store.go:2626 ⋮ [n1,s1] ‹›
‹__level_____count____size___score______in__ingest(sz_cnt)____move(sz_cnt)___write(sz_cnt)____read___r-amp___w-amp›
‹    WAL         2   546 K       -   544 K       -       -       -       -   546 K       -       -       -     1.0›
‹      0         0     0 B    0.00     0 B     0 B       0     0 B       0     0 B       0     0 B       0     0.0›
‹      1         0     0 B    0.00     0 B     0 B       0     0 B       0     0 B       0     0 B       0     0.0›
‹      2         0     0 B    0.00     0 B     0 B       0     0 B       0     0 B       0     0 B       0     0.0›
‹      3         0     0 B    0.00     0 B     0 B       0     0 B       0     0 B       0     0 B       0     0.0›
‹      4         0     0 B    0.00     0 B     0 B       0     0 B       0     0 B       0     0 B       0     0.0›
‹      5         0     0 B    0.00     0 B     0 B       0     0 B       0     0 B       0     0 B       0     0.0›
‹      6         1   2.5 M       -   186 K     0 B       0     0 B       0   2.5 M       1   2.6 M       1    13.9›
‹  total         1   2.5 M       -   546 K     0 B       0     0 B       0   3.0 M       1   2.6 M       1     5.7›
‹  flush         0›
‹compact         1     0 B          (size == estimated-debt)›
‹ memtbl         2    32 M›
‹zmemtbl         0     0 B›
‹   ztbl         0     0 B›
‹ bcache        39   1.2 M   84.3%  (score == hit-rate)›
‹ tcache         1   616 B   99.8%  (score == hit-rate)›
‹ titers         0›
‹ filter         -       -   91.2%  (score == utility)›
I210413 07:28:25.087475 308 sql/sqlliveness/slstorage/slstorage.go:326 ⋮ [n1] deleted 1 expired SQL liveness sessions
I210413 07:28:34.610954 269 server/status/runtime.go:525 ⋮ [n1] runtime stats: 174 MiB RSS, 214 goroutines, 20 MiB/98 MiB/50 MiB GO alloc/idle/total, 42 MiB/54 MiB CGO alloc/total, 3.2 CGO/sec, 1.6/1.0 %(u/s)time, 0.0 %gc (1x), 2.8 KiB/2.3 KiB (r/w)net
W210413 07:28:36.738752 210 kv/kvserver/store_raft.go:493 ⋮ [n1,s1,r3/1:‹/System/{NodeLive…-tsd}›] handle raft ready: 1.0s [applied=1, batches=1, state_assertions=0]
W210413 07:28:36.961210 212 kv/kvserver/store_raft.go:493 ⋮ [n1,s1,r36/1:‹/Table/5{3-4}›] handle raft ready: 0.8s [applied=2, batches=1, state_assertions=0]
W210413 07:28:36.962916 211 kv/kvserver/store_raft.go:493 ⋮ [n1,s1,r4/1:‹/System{/tsd-tse}›] handle raft ready: 1.2s [applied=1, batches=1, state_assertions=0]
W210413 07:28:37.306027 210 kv/kvserver/store_raft.go:493 ⋮ [n1,s1,r3/1:‹/System/{NodeLive…-tsd}›] handle raft ready: 0.6s [applied=1, batches=1, state_assertions=0]
W210413 07:28:37.650770 211 kv/kvserver/store_raft.go:493 ⋮ [n1,s1,r4/1:‹/System{/tsd-tse}›] handle raft ready: 0.7s [applied=1, batches=1, state_assertions=0]
W210413 07:28:37.650870 199 kv/kvserver/store_raft.go:493 ⋮ [n1,s1,r2/1:‹/System/NodeLiveness{-Max}›] handle raft ready: 0.7s [applied=1, batches=1, state_assertions=0]
W210413 07:28:37.873173 210 kv/kvserver/store_raft.go:493 ⋮ [n1,s1,r3/1:‹/System/{NodeLive…-tsd}›] handle raft ready: 0.6s [applied=2, batches=2, state_assertions=0]
W210413 07:28:38.317770 271 kv/kvserver/node_liveness.go:748 ⋮ [n1,liveness-hb] slow heartbeat took 2.207380153s; err=<nil>
W210413 07:28:38.317926 211 kv/kvserver/store_raft.go:493 ⋮ [n1,s1,r4/1:‹/System{/tsd-tse}›] handle raft ready: 0.7s [applied=1, batches=1, state_assertions=0]
W210413 07:28:38.317966 199 kv/kvserver/store_raft.go:493 ⋮ [n1,s1,r2/1:‹/System/NodeLiveness{-Max}›] handle raft ready: 0.7s [applied=2, batches=2, state_assertions=0]
W210413 07:28:38.984748 142 kv/kvserver/store_raft.go:493 ⋮ [n1,s1,r63/1:‹/Table/6{1-2}›] handle raft ready: 0.8s [applied=2, batches=1, state_assertions=0]
W210413 07:28:39.162741 219 kv/kvserver/store_raft.go:493 ⋮ [n1,s1,r35/1:‹/Table/{39-53}›] handle raft ready: 0.7s [applied=1, batches=1, state_assertions=0]
I210413 07:28:44.614418 269 server/status/runtime.go:525 ⋮ [n1] runtime stats: 193 MiB RSS, 215 goroutines, 32 MiB/87 MiB/53 MiB GO alloc/idle/total, 57 MiB/72 MiB CGO alloc/total, 181.4 CGO/sec, 2.0/0.4 %(u/s)time, 0.0 %gc (1x), 1.7 KiB/1.7 KiB (r/w)net
I210413 07:28:54.611293 269 server/status/runtime.go:525 ⋮ [n1] runtime stats: 193 MiB RSS, 217 goroutines, 24 MiB/96 MiB/55 MiB GO alloc/idle/total, 57 MiB/72 MiB CGO alloc/total, 0.1 CGO/sec, 2.3/0.8 %(u/s)time, 0.0 %gc (1x), 1.8 KiB/1.8 KiB (r/w)net
I210413 07:29:04.608862 265 gossip/gossip.go:568 ⋮ [n1] gossip status (ok, 1 node‹›)
gossip client (0/3 cur/max conns)
gossip server (0/3 cur/max conns, infos 0/0 sent/received, bytes 0B/0B sent/received)
gossip connectivity
  n1 [sentinel];
I210413 07:29:04.640532 269 server/status/runtime.go:525 ⋮ [n1] runtime stats: 194 MiB RSS, 215 goroutines, 20 MiB/98 MiB/55 MiB GO alloc/idle/total, 57 MiB/72 MiB CGO alloc/total, 0.9 CGO/sec, 2.8/0.9 %(u/s)time, 0.0 %gc (1x), 2.9 KiB/2.4 KiB (r/w)net
I210413 07:29:08.864684 1429 jobs/registry.go:1106 ⋮ [n1] AUTO CREATE STATS job 649555304261681153: stepping through state running with error: <nil>
I210413 07:29:14.614025 269 server/status/runtime.go:525 ⋮ [n1] runtime stats: 195 MiB RSS, 220 goroutines, 28 MiB/91 MiB/55 MiB GO alloc/idle/total, 57 MiB/72 MiB CGO alloc/total, 0.1 CGO/sec, 6.1/1.3 %(u/s)time, 0.0 %gc (1x), 1.8 KiB/1.8 KiB (r/w)net
I210413 07:29:17.614978 1429 jobs/registry.go:1106 ⋮ [n1] AUTO CREATE STATS job 649555304261681153: stepping through state succeeded with error: <nil>
I210413 07:29:19.086776 1749 jobs/registry.go:1106 ⋮ [n1] AUTO CREATE STATS job 649555340708839425: stepping through state running with error: <nil>
I210413 07:29:20.645734 1749 jobs/registry.go:1106 ⋮ [n1] AUTO CREATE STATS job 649555340708839425: stepping through state succeeded with error: <nil>
I210413 07:29:21.948935 1874 jobs/registry.go:1106 ⋮ [n1] AUTO CREATE STATS job 649555349259157505: stepping through state running with error: <nil>
W210413 07:29:22.505718 223 kv/kvserver/store_raft.go:493 ⋮ [n1,s1,r11/1:‹/Table/1{5-6}›] handle raft ready: 0.6s [applied=1, batches=1, state_assertions=0]
I210413 07:29:24.616194 269 server/status/runtime.go:525 ⋮ [n1] runtime stats: 197 MiB RSS, 220 goroutines, 38 MiB/82 MiB/55 MiB GO alloc/idle/total, 57 MiB/72 MiB CGO alloc/total, 0.1 CGO/sec, 7.3/1.4 %(u/s)time, 0.0 %gc (1x), 1.7 KiB/1.7 KiB (r/w)net
W210413 07:29:24.699659 243 kv/kvserver/store_raft.go:493 ⋮ [n1,s1,r16/1:‹/Table/2{0-1}›] handle raft ready: 0.5s [applied=1, batches=1, state_assertions=0]
W210413 07:29:25.211314 243 kv/kvserver/store_raft.go:493 ⋮ [n1,s1,r16/1:‹/Table/2{0-1}›] handle raft ready: 0.5s [applied=1, batches=1, state_assertions=0]
I210413 07:29:26.881524 1874 jobs/registry.go:1106 ⋮ [n1] AUTO CREATE STATS job 649555349259157505: stepping through state succeeded with error: <nil>
I210413 07:29:28.817271 2022 jobs/registry.go:1106 ⋮ [n1] AUTO CREATE STATS job 649555371436703745: stepping through state running with error: <nil>
W210413 07:29:31.200590 271 kv/kvserver/node_liveness.go:748 ⋮ [n1,liveness-hb] slow heartbeat took 1.090237977s; err=<nil>
I210413 07:29:34.614345 269 server/status/runtime.go:525 ⋮ [n1] runtime stats: 196 MiB RSS, 220 goroutines, 24 MiB/94 MiB/57 MiB GO alloc/idle/total, 57 MiB/72 MiB CGO alloc/total, 0.1 CGO/sec, 7.4/1.7 %(u/s)time, 0.0 %gc (2x), 2.4 KiB/2.4 KiB (r/w)net
I210413 07:29:34.876170 2022 jobs/registry.go:1106 ⋮ [n1] AUTO CREATE STATS job 649555371436703745: stepping through state succeeded with error: <nil>
I210413 07:29:36.740596 2172 jobs/registry.go:1106 ⋮ [n1] AUTO CREATE STATS job 649555397861113857: stepping through state running with error: <nil>
I210413 07:29:40.953705 2172 jobs/registry.go:1106 ⋮ [n1] AUTO CREATE STATS job 649555397861113857: stepping through state succeeded with error: <nil>
I210413 07:29:42.079989 2356 jobs/registry.go:1106 ⋮ [n1] AUTO CREATE STATS job 649555415795367937: stepping through state running with error: <nil>
I210413 07:29:42.963843 2356 jobs/registry.go:1106 ⋮ [n1] AUTO CREATE STATS job 649555415795367937: stepping through state succeeded with error: <nil>
I210413 07:29:43.578228 2353 jobs/registry.go:1106 ⋮ [n1] AUTO CREATE STATS job 649555421468065793: stepping through state running with error: <nil>
I210413 07:29:44.614289 269 server/status/runtime.go:525 ⋮ [n1] runtime stats: 196 MiB RSS, 220 goroutines, 21 MiB/94 MiB/57 MiB GO alloc/idle/total, 57 MiB/72 MiB CGO alloc/total, 0.1 CGO/sec, 6.9/1.6 %(u/s)time, 0.0 %gc (2x), 1.7 KiB/1.7 KiB (r/w)net
I210413 07:29:45.161300 2353 jobs/registry.go:1106 ⋮ [n1] AUTO CREATE STATS job 649555421468065793: stepping through state succeeded with error: <nil>
I210413 07:29:46.678683 2448 jobs/registry.go:1106 ⋮ [n1] AUTO CREATE STATS job 649555428929110017: stepping through state running with error: <nil>
I210413 07:29:50.691262 2448 jobs/registry.go:1106 ⋮ [n1] AUTO CREATE STATS job 649555428929110017: stepping through state succeeded with error: <nil>
I210413 07:29:51.372354 2685 jobs/registry.go:1106 ⋮ [n1] AUTO CREATE STATS job 649555447299866625: stepping through state running with error: <nil>
I210413 07:29:54.614953 269 server/status/runtime.go:525 ⋮ [n1] runtime stats: 195 MiB RSS, 221 goroutines, 34 MiB/86 MiB/57 MiB GO alloc/idle/total, 57 MiB/72 MiB CGO alloc/total, 0.1 CGO/sec, 6.7/1.1 %(u/s)time, 0.0 %gc (1x), 1.8 KiB/1.8 KiB (r/w)net
W210413 07:29:56.726539 216 kv/kvserver/store_raft.go:493 ⋮ [n1,s1,r3/1:‹/System/{NodeLive…-tsd}›] handle raft ready: 0.6s [applied=1, batches=1, state_assertions=0]
W210413 07:29:56.773008 201 kv/kvserver/store_raft.go:493 ⋮ [n1,s1,r16/1:‹/Table/2{0-1}›] handle raft ready: 0.5s [applied=1, batches=1, state_assertions=0]
W210413 07:29:56.773015 210 kv/kvserver/store_raft.go:493 ⋮ [n1,s1,r4/1:‹/System{/tsd-tse}›] handle raft ready: 0.5s [applied=1, batches=1, state_assertions=0]
W210413 07:29:59.976463 210 kv/kvserver/store_raft.go:493 ⋮ [n1,s1,r16/1:‹/Table/2{0-1}›] handle raft ready: 1.8s [applied=1, batches=1, state_assertions=0]
W210413 07:30:00.132906 271 kv/kvserver/node_liveness.go:748 ⋮ [n1,liveness-hb] slow heartbeat took 3.02249896s; err=<nil>
W210413 07:30:00.133140 236 kv/kvserver/store_raft.go:493 ⋮ [n1,s1,r35/1:‹/Table/{39-53}›] handle raft ready: 1.3s [applied=1, batches=1, state_assertions=0]
W210413 07:30:00.133122 206 kv/kvserver/store_raft.go:493 ⋮ [n1,s1,r1/1:‹/{Min-System/NodeL…}›] handle raft ready: 1.2s [applied=1, batches=1, state_assertions=0]
I210413 07:30:01.481822 2685 jobs/registry.go:1106 ⋮ [n1] AUTO CREATE STATS job 649555447299866625: stepping through state succeeded with error: <nil>
I210413 07:30:03.051889 2904 jobs/registry.go:1106 ⋮ [n1] AUTO CREATE STATS job 649555484891217921: stepping through state running with error: <nil>
I210413 07:30:04.490718 2904 jobs/registry.go:1106 ⋮ [n1] AUTO CREATE STATS job 649555484891217921: stepping through state succeeded with error: <nil>
I210413 07:30:04.609007 265 gossip/gossip.go:568 ⋮ [n1] gossip status (ok, 1 node‹›)
gossip client (0/3 cur/max conns)
gossip server (0/3 cur/max conns, infos 0/0 sent/received, bytes 0B/0B sent/received)
I210413 07:30:04.614635 269 server/status/runtime.go:525 ⋮ [n1] runtime stats: 192 MiB RSS, 222 goroutines, 22 MiB/94 MiB/57 MiB GO alloc/idle/total, 57 MiB/72 MiB CGO alloc/total, 0.1 CGO/sec, 6.7/1.7 %(u/s)time, 0.0 %gc (2x), 2.7 KiB/2.3 KiB (r/w)net
I210413 07:30:04.905771 3013 jobs/registry.go:1106 ⋮ [n1] AUTO CREATE STATS job 649555491868344321: stepping through state running with error: <nil>
I210413 07:30:06.066224 3013 jobs/registry.go:1106 ⋮ [n1] AUTO CREATE STATS job 649555491868344321: stepping through state succeeded with error: <nil>
I210413 07:30:06.747275 3038 jobs/registry.go:1106 ⋮ [n1] AUTO CREATE STATS job 649555497800499201: stepping through state running with error: <nil>
I210413 07:30:08.189599 3038 jobs/registry.go:1106 ⋮ [n1] AUTO CREATE STATS job 649555497800499201: stepping through state succeeded with error: <nil>
I210413 07:30:09.366334 3270 jobs/registry.go:1106 ⋮ [n1] AUTO CREATE STATS job 649555505094787073: stepping through state running with error: <nil>
W210413 07:30:10.487132 194 kv/kvserver/store_raft.go:493 ⋮ [n1,s1,r11/1:‹/Table/1{5-6}›] handle raft ready: 0.6s [applied=1, batches=1, state_assertions=0]
W210413 07:30:11.780962 202 kv/kvserver/store_raft.go:493 ⋮ [n1,s1,r11/1:‹/Table/1{5-6}›] handle raft ready: 0.5s [applied=2, batches=1, state_assertions=0]
W210413 07:30:11.970501 230 kv/kvserver/store_raft.go:493 ⋮ [n1,s1,r35/1:‹/Table/{39-53}›] handle raft ready: 0.5s [applied=1, batches=1, state_assertions=0]
I210413 07:30:13.955462 3270 jobs/registry.go:1106 ⋮ [n1] AUTO CREATE STATS job 649555505094787073: stepping through state succeeded with error: <nil>
I210413 07:30:14.614771 269 server/status/runtime.go:525 ⋮ [n1] runtime stats: 192 MiB RSS, 221 goroutines, 27 MiB/91 MiB/57 MiB GO alloc/idle/total, 57 MiB/72 MiB CGO alloc/total, 0.1 CGO/sec, 11.7/1.5 %(u/s)time, 0.0 %gc (2x), 1.9 KiB/1.8 KiB (r/w)net
I210413 07:30:15.314615 3289 jobs/registry.go:1106 ⋮ [n1] AUTO CREATE STATS job 649555524306731009: stepping through state running with error: <nil>
I210413 07:30:17.888105 3289 jobs/registry.go:1106 ⋮ [n1] AUTO CREATE STATS job 649555524306731009: stepping through state succeeded with error: <nil>
W210413 07:30:18.936277 141 kv/kvserver/store_raft.go:493 ⋮ [n1,s1,r7/1:‹/Table/1{1-2}›] handle raft ready: 0.6s [applied=1, batches=1, state_assertions=0]
W210413 07:30:21.081919 222 kv/kvserver/store_raft.go:493 ⋮ [n1,s1,r11/1:‹/Table/1{5-6}›] handle raft ready: 0.9s [applied=1, batches=1, state_assertions=0]
W210413 07:30:21.476411 271 kv/kvserver/node_liveness.go:748 ⋮ [n1,liveness-hb] slow heartbeat took 1.866059512s; err=<nil>
W210413 07:30:21.476606 194 kv/kvserver/store_raft.go:493 ⋮ [n1,s1,r2/1:‹/System/NodeLiveness{-Max}›] handle raft ready: 1.1s [applied=2, batches=2, state_assertions=0]
W210413 07:30:21.701839 222 kv/kvserver/store_raft.go:493 ⋮ [n1,s1,r11/1:‹/Table/1{5-6}›] handle raft ready: 0.6s [applied=1, batches=1, state_assertions=0]
I210413 07:30:22.032358 3517 jobs/registry.go:1106 ⋮ [n1] AUTO CREATE STATS job 649555539851640833: stepping through state running with error: <nil>
I210413 07:30:24.615191 269 server/status/runtime.go:525 ⋮ [n1] runtime stats: 189 MiB RSS, 220 goroutines, 29 MiB/90 MiB/57 MiB GO alloc/idle/total, 57 MiB/72 MiB CGO alloc/total, 0.1 CGO/sec, 3.4/1.2 %(u/s)time, 0.0 %gc (1x), 1.7 KiB/1.7 KiB (r/w)net
I210413 07:30:27.467800 3517 jobs/registry.go:1106 ⋮ [n1] AUTO CREATE STATS job 649555539851640833: stepping through state succeeded with error: <nil>
I210413 07:30:29.917978 3582 jobs/registry.go:1106 ⋮ [n1] AUTO CREATE STATS job 649555570221645825: stepping through state running with error: <nil>
W210413 07:30:30.117578 271 kv/kvserver/node_liveness.go:748 ⋮ [n1,liveness-hb] slow heartbeat took 1.507257762s; err=<nil>
I210413 07:30:34.179627 3582 jobs/registry.go:1106 ⋮ [n1] AUTO CREATE STATS job 649555570221645825: stepping through state succeeded with error: <nil>
I210413 07:30:34.615190 269 server/status/runtime.go:525 ⋮ [n1] runtime stats: 186 MiB RSS, 221 goroutines, 29 MiB/90 MiB/57 MiB GO alloc/idle/total, 57 MiB/72 MiB CGO alloc/total, 0.1 CGO/sec, 5.5/1.0 %(u/s)time, 0.0 %gc (1x), 2.4 KiB/2.4 KiB (r/w)net
I210413 07:30:36.772125 3812 jobs/registry.go:1106 ⋮ [n1] AUTO CREATE STATS job 649555590614876161: stepping through state running with error: <nil>
I210413 07:30:40.785896 3812 jobs/registry.go:1106 ⋮ [n1] AUTO CREATE STATS job 649555590614876161: stepping through state succeeded with error: <nil>
W210413 07:30:41.347587 240 kv/kvserver/store_raft.go:493 ⋮ [n1,s1,r16/1:‹/Table/2{0-1}›] handle raft ready: 0.6s [applied=1, batches=1, state_assertions=0]
W210413 07:30:41.592130 201 kv/kvserver/store_raft.go:493 ⋮ [n1,s1,r11/1:‹/Table/1{5-6}›] handle raft ready: 0.8s [applied=1, batches=1, state_assertions=0]
W210413 07:30:43.405880 212 kv/kvserver/store_raft.go:493 ⋮ [n1,s1,r11/1:‹/Table/1{5-6}›] handle raft ready: 0.5s [applied=1, batches=1, state_assertions=0]
W210413 07:30:43.783919 271 kv/kvserver/node_liveness.go:748 ⋮ [n1,liveness-hb] slow heartbeat took 1.673570383s; err=<nil>
I210413 07:30:44.452345 4059 jobs/registry.go:1106 ⋮ [n1] AUTO CREATE STATS job 649555617036959745: stepping through state running with error: <nil>
I210413 07:30:44.615611 269 server/status/runtime.go:525 ⋮ [n1] runtime stats: 179 MiB RSS, 220 goroutines, 35 MiB/85 MiB/57 MiB GO alloc/idle/total, 57 MiB/72 MiB CGO alloc/total, 0.1 CGO/sec, 7.2/1.1 %(u/s)time, 0.0 %gc (1x), 1.8 KiB/1.8 KiB (r/w)net
W210413 07:30:46.929541 224 kv/kvserver/store_raft.go:493 ⋮ [n1,s1,r1/1:‹/{Min-System/NodeL…}›] handle raft ready: 0.7s [applied=1, batches=1, state_assertions=0]
W210413 07:30:46.929675 198 kv/kvserver/store_raft.go:493 ⋮ [n1,s1,r4/1:‹/System{/tsd-tse}›] handle raft ready: 0.7s [applied=1, batches=1, state_assertions=0]
W210413 07:30:47.080248 201 kv/kvserver/store_raft.go:493 ⋮ [n1,s1,r16/1:‹/Table/2{0-1}›] handle raft ready: 0.7s [applied=1, batches=1, state_assertions=0]
W210413 07:30:47.080250 211 kv/kvserver/store_raft.go:493 ⋮ [n1,s1,r11/1:‹/Table/1{5-6}›] handle raft ready: 0.7s [applied=1, batches=1, state_assertions=0]
W210413 07:30:51.985331 245 kv/kvserver/store_raft.go:493 ⋮ [n1,s1,r16/1:‹/Table/2{0-1}›] handle raft ready: 0.5s [applied=3, batches=1, state_assertions=0]
W210413 07:30:52.275026 271 kv/kvserver/node_liveness.go:748 ⋮ [n1,liveness-hb] slow heartbeat took 1.16456401s; err=<nil>
W210413 07:30:52.275146 143 kv/kvserver/store_raft.go:493 ⋮ [n1,s1,r2/1:‹/System/NodeLiveness{-Max}›] handle raft ready: 0.6s [applied=1, batches=1, state_assertions=0]
