I210410 13:42:03.250961 25 util/log/sync_buffer.go:195 ⋮ [config] file created at: 2021/04/10 13:42:03
I210410 13:42:03.250990 25 util/log/sync_buffer.go:195 ⋮ [config] running on machine: ‹755e1052c718›
I210410 13:42:03.251018 25 util/log/sync_buffer.go:195 ⋮ [config] binary: CockroachDB CCL v20.2.7 (x86_64-unknown-linux-gnu, built 2021/03/29 17:52:00, go1.13.14)
I210410 13:42:03.251040 25 util/log/sync_buffer.go:195 ⋮ [config] arguments: ‹[/cockroach/cockroach start-single-node --http-port 26256 --insecure]›
I210410 13:42:03.251067 25 util/log/sync_buffer.go:195 ⋮ [config] line format: [IWEF]yymmdd hh:mm:ss.uuuuuu goid file:line msg utf8=✓
I210410 13:42:03.250580 25 vendor/github.com/cockroachdb/pebble/version_set.go:142 ⋮ [n?] [JOB 1] MANIFEST created 000001
I210410 13:42:03.529669 25 vendor/github.com/cockroachdb/pebble/open.go:295 ⋮ [n?] [JOB 1] WAL created 000002
I210410 13:42:04.190669 29 vendor/github.com/cockroachdb/pebble/table_stats.go:118 ⋮ [n?] [JOB 2] all initial table stats loaded
I210410 13:42:05.749701 25 vendor/github.com/cockroachdb/pebble/compaction.go:1561 ⋮ [n?] [JOB 1] flushing: sstable created 000057
I210410 13:42:06.172275 25 vendor/github.com/cockroachdb/pebble/compaction.go:1561 ⋮ [n?] [JOB 1] flushing: sstable created 000058
I210410 13:42:06.580435 25 vendor/github.com/cockroachdb/pebble/open.go:295 ⋮ [n?] [JOB 1] WAL created 000059
I210410 13:42:07.781373 25 vendor/github.com/cockroachdb/pebble/version_set.go:442 ⋮ [n?] [JOB 1] MANIFEST created 000060
I210410 13:42:08.095438 25 vendor/github.com/cockroachdb/pebble/compaction.go:2300 ⋮ [n?] [JOB 1] WAL deleted 000052
I210410 13:42:08.097368 25 vendor/github.com/cockroachdb/pebble/compaction.go:2300 ⋮ [n?] [JOB 1] WAL deleted 000056
I210410 13:42:08.097560 25 vendor/github.com/cockroachdb/pebble/compaction.go:2307 ⋮ [n?] [JOB 1] MANIFEST deleted 000053
I210410 13:42:08.098128 133 vendor/github.com/cockroachdb/pebble/compaction.go:1371 ⋮ [n?] [JOB 3] compacting L0 [000057 000058] (128 K) + L6 [000055] (1.0 M)
I210410 13:42:08.191516 132 vendor/github.com/cockroachdb/pebble/table_stats.go:118 ⋮ [n?] [JOB 2] all initial table stats loaded
I210410 13:42:08.234510 133 vendor/github.com/cockroachdb/pebble/compaction.go:1561 ⋮ [n?] [JOB 3] compacting: sstable created 000062
I210410 13:42:09.280034 133 vendor/github.com/cockroachdb/pebble/compaction.go:1410 ⋮ [n1] [JOB 3] compacted L0 [000057 000058] (128 K) + L6 [000055] (1.0 M) -> L6 [000062] (1.0 M), in 1.1s, output rate 982 K/s
I210410 13:42:09.283566 168 vendor/github.com/cockroachdb/pebble/compaction.go:2314 ⋮ [n1] [JOB 4] sstable deleted 000055
I210410 13:42:09.291999 168 vendor/github.com/cockroachdb/pebble/compaction.go:2314 ⋮ [n1] [JOB 4] sstable deleted 000057
I210410 13:42:09.292317 168 vendor/github.com/cockroachdb/pebble/compaction.go:2314 ⋮ [n1] [JOB 4] sstable deleted 000058
I210410 13:42:13.880758 221 vendor/github.com/cockroachdb/pebble/db.go:1366 ⋮ [n1] [JOB 5] WAL created 000063
I210410 13:44:33.985238 241 vendor/github.com/cockroachdb/pebble/db.go:1366 ⋮ [n1] [JOB 6] WAL created 000064
