I210410 13:13:34.943906 14 util/log/sync_buffer.go:195 ⋮ [config] file created at: 2021/04/10 13:13:34
I210410 13:13:34.943950 14 util/log/sync_buffer.go:195 ⋮ [config] running on machine: ‹755e1052c718›
I210410 13:13:34.943978 14 util/log/sync_buffer.go:195 ⋮ [config] binary: CockroachDB CCL v20.2.7 (x86_64-unknown-linux-gnu, built 2021/03/29 17:52:00, go1.13.14)
I210410 13:13:34.944001 14 util/log/sync_buffer.go:195 ⋮ [config] arguments: ‹[/cockroach/cockroach start-single-node --http-port 26256 --insecure]›
I210410 13:13:34.944026 14 util/log/sync_buffer.go:195 ⋮ [config] line format: [IWEF]yymmdd hh:mm:ss.uuuuuu goid file:line msg utf8=✓
I210410 13:13:34.819250 14 vendor/github.com/cockroachdb/pebble/version_set.go:142 ⋮ [n?] [JOB 1] MANIFEST created 000001
I210410 13:13:35.175681 14 vendor/github.com/cockroachdb/pebble/open.go:295 ⋮ [n?] [JOB 1] WAL created 000002
I210410 13:13:36.018176 100 vendor/github.com/cockroachdb/pebble/table_stats.go:118 ⋮ [n?] [JOB 2] all initial table stats loaded
I210410 13:13:37.338245 14 vendor/github.com/cockroachdb/pebble/compaction.go:1561 ⋮ [n?] [JOB 1] flushing: sstable created 000036
I210410 13:13:39.555009 14 vendor/github.com/cockroachdb/pebble/compaction.go:1561 ⋮ [n?] [JOB 1] flushing: sstable created 000037
I210410 13:13:40.613606 14 vendor/github.com/cockroachdb/pebble/open.go:295 ⋮ [n?] [JOB 1] WAL created 000038
I210410 13:13:41.159943 14 vendor/github.com/cockroachdb/pebble/version_set.go:442 ⋮ [n?] [JOB 1] MANIFEST created 000039
I210410 13:13:41.428561 14 vendor/github.com/cockroachdb/pebble/compaction.go:2300 ⋮ [n?] [JOB 1] WAL deleted 000031
I210410 13:13:41.590692 14 vendor/github.com/cockroachdb/pebble/compaction.go:2300 ⋮ [n?] [JOB 1] WAL deleted 000035
I210410 13:13:41.590914 14 vendor/github.com/cockroachdb/pebble/compaction.go:2307 ⋮ [n?] [JOB 1] MANIFEST deleted 000032
I210410 13:13:41.591357 144 vendor/github.com/cockroachdb/pebble/compaction.go:1371 ⋮ [n?] [JOB 3] compacting L0 [000036 000037] (399 K) + L6 [000034] (787 K)
I210410 13:13:41.782046 143 vendor/github.com/cockroachdb/pebble/table_stats.go:118 ⋮ [n?] [JOB 2] all initial table stats loaded
I210410 13:13:41.795250 144 vendor/github.com/cockroachdb/pebble/compaction.go:1561 ⋮ [n?] [JOB 3] compacting: sstable created 000041
I210410 13:13:43.721720 144 vendor/github.com/cockroachdb/pebble/compaction.go:1410 ⋮ [n1] [JOB 3] compacted L0 [000036 000037] (399 K) + L6 [000034] (787 K) -> L6 [000041] (932 K), in 2.0s, output rate 470 K/s
I210410 13:13:43.734820 172 vendor/github.com/cockroachdb/pebble/compaction.go:2314 ⋮ [n1] [JOB 4] sstable deleted 000034
I210410 13:13:43.734961 172 vendor/github.com/cockroachdb/pebble/compaction.go:2314 ⋮ [n1] [JOB 4] sstable deleted 000036
I210410 13:13:43.735360 172 vendor/github.com/cockroachdb/pebble/compaction.go:2314 ⋮ [n1] [JOB 4] sstable deleted 000037
I210410 13:13:47.810226 252 vendor/github.com/cockroachdb/pebble/db.go:1366 ⋮ [n1] [JOB 5] WAL created 000042
