I210410 13:32:37.192107 1 util/log/sync_buffer.go:195 ⋮ [config] file created at: 2021/04/10 13:32:37
I210410 13:32:37.192116 1 util/log/sync_buffer.go:195 ⋮ [config] running on machine: ‹755e1052c718›
I210410 13:32:37.192121 1 util/log/sync_buffer.go:195 ⋮ [config] binary: CockroachDB CCL v20.2.7 (x86_64-unknown-linux-gnu, built 2021/03/29 17:52:00, go1.13.14)
I210410 13:32:37.192127 1 util/log/sync_buffer.go:195 ⋮ [config] arguments: ‹[/cockroach/cockroach start-single-node --http-port 26256 --insecure]›
I210410 13:32:37.192140 1 util/log/sync_buffer.go:195 ⋮ [config] line format: [IWEF]yymmdd hh:mm:ss.uuuuuu goid file:line msg utf8=✓
W210410 13:32:37.192034 1 cli/start.go:1143 ⋮ ALL SECURITY CONTROLS HAVE BEEN DISABLED!

This mode is intended for non-production testing only.

In this mode:
- Your cluster is open to any client that can access ‹any of your IP addresses›.
- Intruders with access to your machine or network can observe client-server traffic.
- Intruders can log in without password and read or write any data in the cluster.
- Intruders can consume all your server's resources and cause unavailability.
I210410 13:32:37.192255 1 cli/start.go:1153 ⋮ To start a secure server without mandating TLS for clients,
consider --accept-sql-without-tls instead. For other options, see:

- ‹https://go.crdb.dev/issue-v/53404/v20.2›
- https://www.cockroachlabs.com/docs/v20.2/secure-a-cluster.html
I210410 13:32:37.192678 1 server/status/recorder.go:605 ⋮ ‹available memory from cgroups (8.0 EiB) is unsupported, using system memory 7.6 GiB instead:›
W210410 13:32:37.192722 1 cli/start.go:987 ⋮ ‹Using the default setting for --cache (128 MiB).›
‹  A significantly larger value is usually needed for good performance.›
‹  If you have a dedicated server a reasonable setting is --cache=.25 (1.9 GiB).›
I210410 13:32:37.193074 1 server/status/recorder.go:605 ⋮ ‹available memory from cgroups (8.0 EiB) is unsupported, using system memory 7.6 GiB instead:›
I210410 13:32:37.193095 1 cli/start.go:1168 ⋮ ‹CockroachDB CCL v20.2.7 (x86_64-unknown-linux-gnu, built 2021/03/29 17:52:00, go1.13.14)›
I210410 13:32:37.746863 1 server/status/recorder.go:605 ⋮ ‹available memory from cgroups (8.0 EiB) is unsupported, using system memory 7.6 GiB instead:›
I210410 13:32:37.746936 1 server/config.go:428 ⋮ system total memory: ‹7.6 GiB›
I210410 13:32:37.746994 1 server/config.go:430 ⋮ server configuration:
‹max offset             500000000›
‹cache size             128 MiB›
‹SQL memory pool size   1.9 GiB›
‹scan interval          10m0s›
‹scan min idle time     10ms›
‹scan max idle time     1s›
‹event log enabled      true›
I210410 13:32:37.747143 1 cli/start.go:965 ⋮ using local environment variables: ‹COCKROACH_CHANNEL=official-docker›
I210410 13:32:37.747195 1 cli/start.go:972 ⋮ process identity: ‹uid 0 euid 0 gid 0 egid 0›
I210410 13:32:37.833422 1 cli/start.go:511 ⋮ GEOS loaded from directory ‹/usr/local/lib/cockroach›
I210410 13:32:37.833537 1 cli/start.go:516 ⋮ starting cockroach node
I210410 13:32:40.426599 98 server/server.go:790 ⋮ [n?] monitoring forward clock jumps based on server.clock.forward_jump_check_enabled
I210410 13:32:41.653877 98 server/config.go:619 ⋮ [n?] 1 storage engine‹› initialized
I210410 13:32:41.653904 98 server/config.go:622 ⋮ [n?] ‹Pebble cache size: 128 MiB›
I210410 13:32:41.653914 98 server/config.go:622 ⋮ [n?] ‹store 0: RocksDB, max size 0 B, max open file limit 1043576›
W210410 13:32:41.841594 98 cli/start.go:911 ⋮ neither --listen-addr nor --advertise-addr was specified.
The server will advertise ‹"755e1052c718"› to other nodes, is this routable?

Consider using:
- for local-only servers:  --listen-addr=localhost
- for multi-node clusters: --advertise-addr=<host/IP addr>
I210410 13:32:41.841600 169 server/server.go:1424 ⋮ [n?] connecting to gossip network to verify cluster ID ‹"dd9dc586-c756-4f4b-a9e5-9e23cf559418"›
I210410 13:32:41.841793 98 gossip/gossip.go:403 ⋮ [n1] NodeDescriptor set to ‹node_id:1 address:<network_field:"tcp" address_field:"755e1052c718:26257" > attrs:<> locality:<> ServerVersion:<major_val:20 minor_val:2 patch:0 unstable:0 > build_tag:"v20.2.7" started_at:1618061561841784766 cluster_name:"" sql_address:<network_field:"tcp" address_field:"755e1052c718:26257" >›
W210410 13:32:42.219835 98 kv/kvserver/replica_range_lease.go:556 ⋮ [n1,s1,r66/1:‹/Table/6{2-3}›] can't determine lease status of (n1,s1):1 due to node liveness error: node not in the liveness table
(1) attached stack trace
  -- stack trace:
  | github.com/cockroachdb/cockroach/pkg/kv/kvserver.init
  | 	/go/src/github.com/cockroachdb/cockroach/pkg/kv/kvserver/node_liveness.go:45
  | runtime.doInit
  | 	/usr/local/go/src/runtime/proc.go:5228
  | runtime.doInit
  | 	/usr/local/go/src/runtime/proc.go:5223
  | runtime.doInit
  | 	/usr/local/go/src/runtime/proc.go:5223
  | runtime.doInit
  | 	/usr/local/go/src/runtime/proc.go:5223
  | runtime.doInit
  | 	/usr/local/go/src/runtime/proc.go:5223
  | runtime.main
  | 	/usr/local/go/src/runtime/proc.go:190
  | runtime.goexit
  | 	/usr/local/go/src/runtime/asm_amd64.s:1357
Wraps: (2) node not in the liveness table
Error types: (1) *withstack.withStack (2) *errutil.leafError
I210410 13:32:42.220143 98 server/node.go:430 ⋮ [n1] initialized store [n1,s1]: disk (capacity=196 GiB, available=4.3 GiB, used=4.0 MiB, logicalBytes=23 MiB), ranges=57, leases=0, queries=0.00, writes=0.00, bytesPerReplica={p10=0.00 p25=0.00 p50=0.00 p75=333.00 p90=38938.00 pMax=23529502.00}, writesPerReplica={p10=0.00 p25=0.00 p50=0.00 p75=0.00 p90=0.00 pMax=0.00}
I210410 13:32:42.220410 98 kv/kvserver/stores.go:236 ⋮ [n1] read 0 node addresses from persistent storage
I210410 13:32:42.220564 169 server/server.go:1427 ⋮ [n1] node connected via gossip
W210410 13:32:42.220689 279 kv/kvserver/store.go:1691 ⋮ [n1,s1,r6/1:‹/Table/{SystemCon…-11}›] could not gossip system config: ‹[NotLeaseHolderError] r6: replica (n1,s1):1 not lease holder; lease holder unknown›
(1) ‹[NotLeaseHolderError] r6: replica (n1,s1):1 not lease holder; lease holder unknown›
Error types: (1) *roachpb.NotLeaseHolderError
W210410 13:32:42.270230 279 kv/kvserver/store.go:1691 ⋮ [n1,s1,r6/1:‹/Table/{SystemCon…-11}›] could not gossip system config: ‹[NotLeaseHolderError] r6: replica (n1,s1):1 not lease holder; lease holder unknown›
(1) ‹[NotLeaseHolderError] r6: replica (n1,s1):1 not lease holder; lease holder unknown›
Error types: (1) *roachpb.NotLeaseHolderError
W210410 13:32:42.373672 279 kv/kvserver/store.go:1691 ⋮ [n1,s1,r6/1:‹/Table/{SystemCon…-11}›] could not gossip system config: ‹[NotLeaseHolderError] r6: replica (n1,s1):1 not lease holder; lease holder unknown›
(1) ‹[NotLeaseHolderError] r6: replica (n1,s1):1 not lease holder; lease holder unknown›
Error types: (1) *roachpb.NotLeaseHolderError
I210410 13:32:42.556760 98 server/node.go:489 ⋮ [n1] started with engine type ‹2›
I210410 13:32:42.556848 98 server/node.go:491 ⋮ [n1] started with attributes ‹[]›
I210410 13:32:42.556940 98 server/goroutinedumper/goroutinedumper.go:120 ⋮ [n1] writing goroutine dumps to ‹/cockroach/cockroach-data/logs/goroutine_dump›
I210410 13:32:42.556976 98 server/heapprofiler/heapprofiler.go:49 ⋮ [n1] writing go heap profiles to ‹/cockroach/cockroach-data/logs/heap_profiler› at least every 1h0m0s
I210410 13:32:42.557011 98 server/heapprofiler/cgoprofiler.go:53 ⋮ [n1] to enable jmalloc profiling: "export MALLOC_CONF=prof:true" or "ln -s prof:true /etc/malloc.conf"
I210410 13:32:42.557028 98 server/heapprofiler/statsprofiler.go:54 ⋮ [n1] writing memory stats to ‹/cockroach/cockroach-data/logs/heap_profiler› at last every 1h0m0s
I210410 13:32:42.557063 98 server/server.go:1544 ⋮ [n1] starting http server at ‹[::]:26256› (use: ‹755e1052c718:26256›)
I210410 13:32:42.557109 98 server/server.go:1551 ⋮ [n1] starting grpc/postgres server at ‹[::]:26257›
I210410 13:32:42.557144 98 server/server.go:1552 ⋮ [n1] advertising CockroachDB node at ‹755e1052c718:26257›
W210410 13:32:43.849957 81 kv/kvserver/node_liveness.go:748 ⋮ [n1,s1,r6/1:‹/Table/{SystemCon…-11}›] slow heartbeat took 1.28020248s; err=<nil>
W210410 13:32:44.084383 29 kv/kvserver/node_liveness.go:748 ⋮ [n1,s1,r3/1:‹/System/{NodeLive…-tsd}›] slow heartbeat took 1.471321942s; err=<nil>
I210410 13:32:44.298992 172 gossip/gossip.go:1508 ⋮ [n1] node has connected to cluster via gossip
I210410 13:32:44.363006 172 kv/kvserver/stores.go:255 ⋮ [n1] wrote 0 node addresses to persistent storage
W210410 13:32:44.363000 59 kv/kvserver/node_liveness.go:748 ⋮ [n1,s1,r4/1:‹/System{/tsd-tse}›] slow heartbeat took 1.748580378s; err=<nil>
I210410 13:32:44.788200 98 sql/sqlliveness/slinstance/slinstance.go:252 ⋮ [n1] starting SQL liveness instance
I210410 13:32:44.789480 98 server/server_sql.go:800 ⋮ [n1] done ensuring all necessary migrations have run
I210410 13:32:44.789582 98 server/server.go:1887 ⋮ [n1] serving sql connections
I210410 13:32:44.790295 98 cli/start.go:677 ⋮ [config] clusterID: ‹dd9dc586-c756-4f4b-a9e5-9e23cf559418›
I210410 13:32:44.790541 98 cli/start.go:687 ⋮ node startup completed:
CockroachDB node starting at 2021-04-10 13:32:44.789749034 +0000 UTC (took 7.6s)
build:               CCL v20.2.7 @ 2021/03/29 17:52:00 (go1.13.14)
webui:               ‹http://755e1052c718:26256›
sql:                 ‹postgresql://root@755e1052c718:26257?sslmode=disable›
RPC client flags:    ‹/cockroach/cockroach <client cmd> --host=755e1052c718:26257 --insecure›
logs:                ‹/cockroach/cockroach-data/logs›
temp dir:            ‹/cockroach/cockroach-data/cockroach-temp055950917›
external I/O path:   ‹/cockroach/cockroach-data/extern›
store[0]:            ‹path=/cockroach/cockroach-data›
storage engine:      pebble
status:              restarted pre-existing node
clusterID:           ‹dd9dc586-c756-4f4b-a9e5-9e23cf559418›
nodeID:              1
I210410 13:32:44.791766 467 jobs/job_scheduler.go:349 ⋮ [n1] waiting 3m0s before scheduled jobs daemon start
I210410 13:32:44.868944 453 sql/temporary_schema.go:510 ⋮ [n1] running temporary object cleanup background job
I210410 13:32:45.154235 468 server/server_update.go:55 ⋮ [n1] no need to upgrade, cluster already at the newest version
W210410 13:32:45.368645 259 kv/kvserver/store_raft.go:493 ⋮ [n1,s1,r3/1:‹/System/{NodeLive…-tsd}›] handle raft ready: 0.6s [applied=1, batches=1, state_assertions=0]
W210410 13:32:45.369414 260 kv/kvserver/store_raft.go:493 ⋮ [n1,s1,r4/1:‹/System{/tsd-tse}›] handle raft ready: 0.6s [applied=1, batches=1, state_assertions=0]
I210410 13:32:45.925969 449 sql/event_log.go:162 ⋮ [n1] Event: ‹"node_restart"›, target: 1, info: ‹{Descriptor:{NodeID:1 Address:755e1052c718:26257 Attrs: Locality: ServerVersion:20.2 BuildTag:v20.2.7 StartedAt:1618061561841784766 LocalityAddress:[] ClusterName: SQLAddress:755e1052c718:26257} ClusterID:dd9dc586-c756-4f4b-a9e5-9e23cf559418 StartedAt:1618061561841784766 LastUp:1618061441376823729}›
W210410 13:32:45.959065 498 kv/kvserver/node_liveness.go:748 ⋮ [n1,s1,r27/1:‹/{NamespaceTab…-Table/32}›] slow heartbeat took 1.082339619s; err=<nil>
W210410 13:32:46.025985 353 kv/kvserver/node_liveness.go:748 ⋮ [n1,s1,r26/1:‹/NamespaceTable/{30-Max}›] slow heartbeat took 1.149202858s; err=<nil>
I210410 13:32:46.093491 451 sql/sqlliveness/slstorage/slstorage.go:348 ⋮ [n1] inserted sqlliveness session ‹3fbe6b1b3e104deca2731f19d9de84ce›
I210410 13:32:46.093661 451 sql/sqlliveness/slinstance/slinstance.go:143 ⋮ [n1] created new SQL liveness session ‹3fbe6b1b3e104deca2731f19d9de84ce›
I210410 13:32:46.095042 453 sql/temporary_schema.go:545 ⋮ [n1] found 0 temporary schemas
I210410 13:32:46.095144 453 sql/temporary_schema.go:548 ⋮ [n1] early exiting temporary schema cleaner as no temporary schemas were found
I210410 13:32:46.095195 453 sql/temporary_schema.go:549 ⋮ [n1] completed temporary object cleanup job
I210410 13:32:46.095233 453 sql/temporary_schema.go:627 ⋮ [n1] temporary object cleaner next scheduled to run at 2021-04-10 14:02:44.78990249 +0000 UTC
I210410 13:32:52.558547 160 server/status/runtime.go:525 ⋮ [n1] runtime stats: 133 MiB RSS, 205 goroutines, 21 MiB/35 MiB/45 MiB GO alloc/idle/total, 41 MiB/50 MiB CGO alloc/total, 0.0 CGO/sec, 0.0/0.0 %(u/s)time, 0.0 %gc (18x), 22 KiB/48 KiB (r/w)net
W210410 13:32:57.054685 246 kv/kvserver/store_raft.go:493 ⋮ [n1,s1,r2/1:‹/System/NodeLiveness{-Max}›] handle raft ready: 0.8s [applied=1, batches=1, state_assertions=0]
W210410 13:32:57.054677 241 kv/kvserver/store_raft.go:493 ⋮ [n1,s1,r23/1:‹/Table/2{7-8}›] handle raft ready: 0.6s [applied=2, batches=1, state_assertions=0]
W210410 13:32:57.259195 261 kv/kvserver/store_raft.go:493 ⋮ [n1,s1,r35/1:‹/Table/{39-53}›] handle raft ready: 0.8s [applied=2, batches=1, state_assertions=0]
W210410 13:32:57.490123 290 kv/kvserver/node_liveness.go:748 ⋮ [n1,liveness-hb] slow heartbeat took 1.432684091s; err=<nil>
W210410 13:33:01.482076 259 kv/kvserver/store_raft.go:493 ⋮ [n1,s1,r2/1:‹/System/NodeLiveness{-Max}›] handle raft ready: 0.6s [applied=1, batches=1, state_assertions=0]
W210410 13:33:01.705510 290 kv/kvserver/node_liveness.go:748 ⋮ [n1,liveness-hb] slow heartbeat took 1.148011487s; err=<nil>
I210410 13:33:02.558880 155 kv/kvserver/store.go:2625 ⋮ [n1,s1] sstables (read amplification = 1):
‹6 [ 1M 1 ]: 1M›
I210410 13:33:02.559136 155 kv/kvserver/store.go:2626 ⋮ [n1,s1] ‹›
‹__level_____count____size___score______in__ingest(sz_cnt)____move(sz_cnt)___write(sz_cnt)____read___r-amp___w-amp›
‹    WAL         2   535 K       -   532 K       -       -       -       -   535 K       -       -       -     1.0›
‹      0         0     0 B    0.00     0 B     0 B       0     0 B       0     0 B       0     0 B       0     0.0›
‹      1         0     0 B    0.00     0 B     0 B       0     0 B       0     0 B       0     0 B       0     0.0›
‹      2         0     0 B    0.00     0 B     0 B       0     0 B       0     0 B       0     0 B       0     0.0›
‹      3         0     0 B    0.00     0 B     0 B       0     0 B       0     0 B       0     0 B       0     0.0›
‹      4         0     0 B    0.00     0 B     0 B       0     0 B       0     0 B       0     0 B       0     0.0›
‹      5         0     0 B    0.00     0 B     0 B       0     0 B       0     0 B       0     0 B       0     0.0›
‹      6         1   1.0 M       -   301 K     0 B       0     0 B       0   1.0 M       1   1.2 M       1     3.4›
‹  total         1   1.0 M       -   535 K     0 B       0     0 B       0   1.5 M       1   1.2 M       1     2.9›
‹  flush         0›
‹compact         1     0 B          (size == estimated-debt)›
‹ memtbl         2    32 M›
‹zmemtbl         0     0 B›
‹   ztbl         0     0 B›
‹ bcache        29   933 K   94.5%  (score == hit-rate)›
‹ tcache         1   616 B   99.8%  (score == hit-rate)›
‹ titers         0›
‹ filter         -       -   76.4%  (score == utility)›
I210410 13:33:02.559762 160 server/status/runtime.go:525 ⋮ [n1] runtime stats: 134 MiB RSS, 205 goroutines, 23 MiB/33 MiB/46 MiB GO alloc/idle/total, 41 MiB/50 MiB CGO alloc/total, 13.1 CGO/sec, 2.8/0.6 %(u/s)time, 0.0 %gc (1x), 4.6 KiB/21 KiB (r/w)net
I210410 13:33:03.425609 450 sql/sqlliveness/slstorage/slstorage.go:326 ⋮ [n1] deleted 1 expired SQL liveness sessions
W210410 13:33:08.031953 218 kv/kvserver/store_raft.go:493 ⋮ [n1,s1,r35/1:‹/Table/{39-53}›] handle raft ready: 0.5s [applied=2, batches=1, state_assertions=0]
I210410 13:33:12.560888 160 server/status/runtime.go:525 ⋮ [n1] runtime stats: 136 MiB RSS, 205 goroutines, 20 MiB/34 MiB/47 MiB GO alloc/idle/total, 41 MiB/50 MiB CGO alloc/total, 0.5 CGO/sec, 3.5/0.8 %(u/s)time, 0.0 %gc (1x), 8.4 KiB/11 KiB (r/w)net
W210410 13:33:19.807173 290 kv/kvserver/node_liveness.go:748 ⋮ [n1,liveness-hb] slow heartbeat took 1.249481692s; err=<nil>
I210410 13:33:22.561370 160 server/status/runtime.go:525 ⋮ [n1] runtime stats: 136 MiB RSS, 208 goroutines, 32 MiB/24 MiB/47 MiB GO alloc/idle/total, 41 MiB/50 MiB CGO alloc/total, 0.5 CGO/sec, 2.9/0.8 %(u/s)time, 0.0 %gc (0x), 24 KiB/11 KiB (r/w)net
W210410 13:33:24.639818 220 kv/kvserver/store_raft.go:493 ⋮ [n1,s1,r35/1:‹/Table/{39-53}›] handle raft ready: 0.8s [applied=1, batches=1, state_assertions=0]
I210410 13:33:32.561953 160 server/status/runtime.go:525 ⋮ [n1] runtime stats: 139 MiB RSS, 207 goroutines, 27 MiB/28 MiB/48 MiB GO alloc/idle/total, 41 MiB/50 MiB CGO alloc/total, 0.1 CGO/sec, 3.7/0.8 %(u/s)time, 0.0 %gc (1x), 813 B/66 B (r/w)net
I210410 13:33:42.557296 156 gossip/gossip.go:568 ⋮ [n1] gossip status (ok, 1 node‹›)
gossip client (0/3 cur/max conns)
gossip server (0/3 cur/max conns, infos 0/0 sent/received, bytes 0B/0B sent/received)
gossip connectivity
  n1 [sentinel];
I210410 13:33:42.561617 160 server/status/runtime.go:525 ⋮ [n1] runtime stats: 142 MiB RSS, 206 goroutines, 22 MiB/32 MiB/50 MiB GO alloc/idle/total, 41 MiB/50 MiB CGO alloc/total, 0.1 CGO/sec, 4.1/0.9 %(u/s)time, 0.0 %gc (1x), 2.4 KiB/11 KiB (r/w)net
I210410 13:33:52.563252 160 server/status/runtime.go:525 ⋮ [n1] runtime stats: 144 MiB RSS, 205 goroutines, 20 MiB/33 MiB/50 MiB GO alloc/idle/total, 41 MiB/50 MiB CGO alloc/total, 0.5 CGO/sec, 3.5/1.4 %(u/s)time, 0.0 %gc (1x), 0 B/0 B (r/w)net
W210410 13:34:00.063009 235 kv/kvserver/store_raft.go:493 ⋮ [n1,s1,r2/1:‹/System/NodeLiveness{-Max}›] handle raft ready: 0.8s [applied=1, batches=1, state_assertions=0]
W210410 13:34:00.470189 290 kv/kvserver/node_liveness.go:748 ⋮ [n1,liveness-hb] slow heartbeat took 1.412606743s; err=<nil>
I210410 13:34:02.561953 160 server/status/runtime.go:525 ⋮ [n1] runtime stats: 144 MiB RSS, 205 goroutines, 31 MiB/25 MiB/50 MiB GO alloc/idle/total, 41 MiB/50 MiB CGO alloc/total, 0.1 CGO/sec, 2.8/0.9 %(u/s)time, 0.0 %gc (0x), 2.1 KiB/11 KiB (r/w)net
I210410 13:34:12.563369 160 server/status/runtime.go:525 ⋮ [n1] runtime stats: 144 MiB RSS, 205 goroutines, 22 MiB/32 MiB/50 MiB GO alloc/idle/total, 41 MiB/50 MiB CGO alloc/total, 0.1 CGO/sec, 2.7/0.8 %(u/s)time, 0.0 %gc (1x), 126 B/0 B (r/w)net
I210410 13:34:22.562268 160 server/status/runtime.go:525 ⋮ [n1] runtime stats: 144 MiB RSS, 206 goroutines, 31 MiB/25 MiB/50 MiB GO alloc/idle/total, 41 MiB/50 MiB CGO alloc/total, 0.1 CGO/sec, 2.1/1.0 %(u/s)time, 0.0 %gc (0x), 0 B/0 B (r/w)net
I210410 13:34:32.560194 160 server/status/runtime.go:525 ⋮ [n1] runtime stats: 144 MiB RSS, 207 goroutines, 22 MiB/32 MiB/50 MiB GO alloc/idle/total, 41 MiB/50 MiB CGO alloc/total, 0.1 CGO/sec, 2.4/0.9 %(u/s)time, 0.0 %gc (1x), 70 B/0 B (r/w)net
W210410 13:34:36.153422 248 kv/kvserver/store_raft.go:493 ⋮ [n1,s1,r4/1:‹/System{/tsd-tse}›] handle raft ready: 0.7s [applied=1, batches=1, state_assertions=0]
I210410 13:34:42.557271 156 gossip/gossip.go:568 ⋮ [n1] gossip status (ok, 1 node‹›)
gossip client (0/3 cur/max conns)
gossip server (0/3 cur/max conns, infos 0/0 sent/received, bytes 0B/0B sent/received)
I210410 13:34:42.562428 160 server/status/runtime.go:525 ⋮ [n1] runtime stats: 145 MiB RSS, 206 goroutines, 33 MiB/23 MiB/50 MiB GO alloc/idle/total, 41 MiB/50 MiB CGO alloc/total, 0.1 CGO/sec, 2.9/0.9 %(u/s)time, 0.0 %gc (0x), 2.4 KiB/11 KiB (r/w)net
I210410 13:34:52.562674 160 server/status/runtime.go:525 ⋮ [n1] runtime stats: 146 MiB RSS, 205 goroutines, 28 MiB/28 MiB/51 MiB GO alloc/idle/total, 41 MiB/50 MiB CGO alloc/total, 0.1 CGO/sec, 2.8/1.2 %(u/s)time, 0.0 %gc (1x), 0 B/0 B (r/w)net
I210410 13:35:02.561071 160 server/status/runtime.go:525 ⋮ [n1] runtime stats: 146 MiB RSS, 205 goroutines, 19 MiB/34 MiB/51 MiB GO alloc/idle/total, 41 MiB/50 MiB CGO alloc/total, 0.1 CGO/sec, 3.0/0.8 %(u/s)time, 0.0 %gc (1x), 0 B/0 B (r/w)net
I210410 13:35:12.563088 160 server/status/runtime.go:525 ⋮ [n1] runtime stats: 146 MiB RSS, 205 goroutines, 27 MiB/28 MiB/51 MiB GO alloc/idle/total, 41 MiB/50 MiB CGO alloc/total, 0.1 CGO/sec, 2.4/0.7 %(u/s)time, 0.0 %gc (0x), 0 B/0 B (r/w)net
I210410 13:35:22.561143 160 server/status/runtime.go:525 ⋮ [n1] runtime stats: 147 MiB RSS, 206 goroutines, 21 MiB/33 MiB/51 MiB GO alloc/idle/total, 41 MiB/50 MiB CGO alloc/total, 0.1 CGO/sec, 2.7/1.1 %(u/s)time, 0.0 %gc (1x), 0 B/0 B (r/w)net
W210410 13:35:30.570727 290 kv/kvserver/node_liveness.go:748 ⋮ [n1,liveness-hb] slow heartbeat took 1.513108089s; err=<nil>
I210410 13:35:32.563302 160 server/status/runtime.go:525 ⋮ [n1] runtime stats: 147 MiB RSS, 206 goroutines, 29 MiB/27 MiB/51 MiB GO alloc/idle/total, 41 MiB/50 MiB CGO alloc/total, 0.1 CGO/sec, 2.1/0.9 %(u/s)time, 0.0 %gc (0x), 0 B/0 B (r/w)net
W210410 13:35:36.570678 233 kv/kvserver/store_raft.go:493 ⋮ [n1,s1,r1/1:‹/{Min-System/NodeL…}›] handle raft ready: 1.0s [applied=1, batches=1, state_assertions=0]
W210410 13:35:36.773683 245 kv/kvserver/store_raft.go:493 ⋮ [n1,s1,r4/1:‹/System{/tsd-tse}›] handle raft ready: 0.8s [applied=1, batches=1, state_assertions=0]
I210410 13:35:42.557325 156 gossip/gossip.go:568 ⋮ [n1] gossip status (ok, 1 node‹›)
gossip client (0/3 cur/max conns)
gossip server (0/3 cur/max conns, infos 0/0 sent/received, bytes 0B/0B sent/received)
I210410 13:35:42.564180 160 server/status/runtime.go:525 ⋮ [n1] runtime stats: 148 MiB RSS, 206 goroutines, 24 MiB/31 MiB/51 MiB GO alloc/idle/total, 41 MiB/50 MiB CGO alloc/total, 0.1 CGO/sec, 3.6/0.6 %(u/s)time, 0.0 %gc (1x), 2.8 KiB/11 KiB (r/w)net
I210410 13:35:52.564015 160 server/status/runtime.go:525 ⋮ [n1] runtime stats: 148 MiB RSS, 205 goroutines, 34 MiB/23 MiB/51 MiB GO alloc/idle/total, 41 MiB/50 MiB CGO alloc/total, 0.1 CGO/sec, 2.8/1.1 %(u/s)time, 0.0 %gc (0x), 210 B/0 B (r/w)net
I210410 13:36:02.562887 160 server/status/runtime.go:525 ⋮ [n1] runtime stats: 149 MiB RSS, 205 goroutines, 26 MiB/29 MiB/51 MiB GO alloc/idle/total, 41 MiB/50 MiB CGO alloc/total, 0.1 CGO/sec, 2.9/0.9 %(u/s)time, 0.0 %gc (1x), 252 B/0 B (r/w)net
I210410 13:36:12.564434 160 server/status/runtime.go:525 ⋮ [n1] runtime stats: 149 MiB RSS, 205 goroutines, 19 MiB/34 MiB/51 MiB GO alloc/idle/total, 41 MiB/50 MiB CGO alloc/total, 0.1 CGO/sec, 2.8/0.6 %(u/s)time, 0.0 %gc (1x), 252 B/0 B (r/w)net
I210410 13:36:19.183979 1 cli/start.go:736 ⋮ received signal 'terminated'
I210410 13:36:19.184205 1 cli/start.go:821 ⋮ initiating graceful shutdown of server
I210410 13:36:19.524791 3365 server/drain.go:174 ⋮ [server drain process] drain remaining: 2
I210410 13:36:19.524907 3365 server/drain.go:176 ⋮ [server drain process] drain details: descriptor leases: 1, liveness record: 1
I210410 13:36:20.016665 3365 server/drain.go:174 ⋮ [server drain process] drain remaining: 0
I210410 13:36:20.016841 3365 util/stop/stopper.go:563 ⋮ [server drain process] quiescing
W210410 13:36:20.017039 451 sql/sqlliveness/slinstance/slinstance.go:182 ⋮ [n1] exiting heartbeat loop
W210410 13:36:20.017080 462 jobs/registry.go:675 ⋮ canceling all adopted jobs due to stopper quiescing
I210410 13:36:20.199557 1 cli/start.go:873 ⋮ server drained and shutdown completed
