I210410 15:49:04.157604 52 util/log/sync_buffer.go:195 ⋮ [config] file created at: 2021/04/10 15:49:04
I210410 15:49:04.157614 52 util/log/sync_buffer.go:195 ⋮ [config] running on machine: ‹755e1052c718›
I210410 15:49:04.157623 52 util/log/sync_buffer.go:195 ⋮ [config] binary: CockroachDB CCL v20.2.7 (x86_64-unknown-linux-gnu, built 2021/03/29 17:52:00, go1.13.14)
I210410 15:49:04.157629 52 util/log/sync_buffer.go:195 ⋮ [config] arguments: ‹[/cockroach/cockroach start-single-node --http-port 26256 --insecure]›
I210410 15:49:04.157636 52 util/log/sync_buffer.go:195 ⋮ [config] line format: [IWEF]yymmdd hh:mm:ss.uuuuuu goid file:line msg utf8=✓
I210410 15:49:04.074629 52 vendor/github.com/cockroachdb/pebble/version_set.go:142 ⋮ [n?] [JOB 1] MANIFEST created 000001
I210410 15:49:04.425896 52 vendor/github.com/cockroachdb/pebble/open.go:295 ⋮ [n?] [JOB 1] WAL created 000002
I210410 15:49:04.682401 92 vendor/github.com/cockroachdb/pebble/table_stats.go:118 ⋮ [n?] [JOB 2] all initial table stats loaded
I210410 15:49:05.392629 52 vendor/github.com/cockroachdb/pebble/compaction.go:1561 ⋮ [n?] [JOB 1] flushing: sstable created 000151
I210410 15:49:05.855344 52 vendor/github.com/cockroachdb/pebble/compaction.go:1561 ⋮ [n?] [JOB 1] flushing: sstable created 000152
I210410 15:49:06.221775 52 vendor/github.com/cockroachdb/pebble/open.go:295 ⋮ [n?] [JOB 1] WAL created 000153
I210410 15:49:06.567885 52 vendor/github.com/cockroachdb/pebble/version_set.go:442 ⋮ [n?] [JOB 1] MANIFEST created 000154
I210410 15:49:06.746421 52 vendor/github.com/cockroachdb/pebble/compaction.go:2300 ⋮ [n?] [JOB 1] WAL deleted 000146
I210410 15:49:06.764119 52 vendor/github.com/cockroachdb/pebble/compaction.go:2300 ⋮ [n?] [JOB 1] WAL deleted 000150
I210410 15:49:06.764228 52 vendor/github.com/cockroachdb/pebble/compaction.go:2307 ⋮ [n?] [JOB 1] MANIFEST deleted 000147
I210410 15:49:06.764520 166 vendor/github.com/cockroachdb/pebble/compaction.go:1371 ⋮ [n?] [JOB 3] compacting L0 [000151 000152] (134 K) + L6 [000149] (1.3 M)
I210410 15:49:06.896840 165 vendor/github.com/cockroachdb/pebble/table_stats.go:118 ⋮ [n?] [JOB 2] all initial table stats loaded
I210410 15:49:06.908821 166 vendor/github.com/cockroachdb/pebble/compaction.go:1561 ⋮ [n?] [JOB 3] compacting: sstable created 000156
I210410 15:49:08.506075 166 vendor/github.com/cockroachdb/pebble/compaction.go:1410 ⋮ [n1] [JOB 3] compacted L0 [000151 000152] (134 K) + L6 [000149] (1.3 M) -> L6 [000156] (1.3 M), in 1.3s, output rate 1008 K/s
I210410 15:49:08.508816 166 vendor/github.com/cockroachdb/pebble/compaction.go:2314 ⋮ [n1] [JOB 3] sstable deleted 000149
I210410 15:49:08.509120 166 vendor/github.com/cockroachdb/pebble/compaction.go:2314 ⋮ [n1] [JOB 3] sstable deleted 000151
I210410 15:49:08.509405 166 vendor/github.com/cockroachdb/pebble/compaction.go:2314 ⋮ [n1] [JOB 3] sstable deleted 000152
I210410 15:49:12.927575 225 vendor/github.com/cockroachdb/pebble/db.go:1366 ⋮ [n1] [JOB 4] WAL created 000157
